tuxmake --download-all-korg-gcc-toolchains --target-arch=i386 --kconfig=defconfig --kconfig-add=/builds/linux/netdev.config --kconfig-add=/builds/linux/systemd.config --kconfig-add=CONFIG_IGB=y --kconfig-add=CONFIG_UNWINDER_FRAME_POINTER=y --kconfig-add=CONFIG_SYN_COOKIES=y --toolchain=gcc-13 --wrapper=sccache --environment=KBUILD_BUILD_TIMESTAMP=@1737483477 --environment=KBUILD_BUILD_USER=tuxmake --environment=KBUILD_BUILD_HOST=tuxmake --environment=KCFLAGS=-ffile-prefix-map=/home/tuxbuild/.cache/tuxmake/builds/3/build/= --environment=SCCACHE_BUCKET=sccache.tuxbuild.com --runtime=podman --image=855116176053.dkr.ecr.us-east-1.amazonaws.com/tuxmake/i386_gcc-13 config default debugkernel cpupower headers kernel kselftest modules
# /builds/linux/netdev.config -> /home/tuxbuild/.cache/tuxmake/builds/3/build/0.config
# /builds/linux/systemd.config -> /home/tuxbuild/.cache/tuxmake/builds/3/build/1.config
# CONFIG_IGB=y -> /home/tuxbuild/.cache/tuxmake/builds/3/build/2.config
# CONFIG_UNWINDER_FRAME_POINTER=y -> /home/tuxbuild/.cache/tuxmake/builds/3/build/3.config
# CONFIG_SYN_COOKIES=y -> /home/tuxbuild/.cache/tuxmake/builds/3/build/4.config
make --silent --keep-going --jobs=8 O=/home/tuxbuild/.cache/tuxmake/builds/3/build ARCH=i386 SRCARCH=x86 CROSS_COMPILE=i686-linux-gnu- 'CC=sccache i686-linux-gnu-gcc' 'HOSTCC=sccache gcc' defconfig
2025/01/21 18:18:47 socat-external[56] W waitpid(-1, {}, WNOHANG): no child has exited
scripts/kconfig/merge_config.sh -m -O /home/tuxbuild/.cache/tuxmake/builds/3/build /home/tuxbuild/.cache/tuxmake/builds/3/build/.config /home/tuxbuild/.cache/tuxmake/builds/3/build/0.config /home/tuxbuild/.cache/tuxmake/builds/3/build/1.config /home/tuxbuild/.cache/tuxmake/builds/3/build/2.config /home/tuxbuild/.cache/tuxmake/builds/3/build/3.config /home/tuxbuild/.cache/tuxmake/builds/3/build/4.config
Using /home/tuxbuild/.cache/tuxmake/builds/3/build/.config as base
Merging /home/tuxbuild/.cache/tuxmake/builds/3/build/0.config
Value of CONFIG_BCMGENET is redefined by fragment /home/tuxbuild/.cache/tuxmake/builds/3/build/0.config:
Previous value: # CONFIG_BCMGENET is not set
New value: CONFIG_BCMGENET=y

Value of CONFIG_STMMAC_ETH is redefined by fragment /home/tuxbuild/.cache/tuxmake/builds/3/build/0.config:
Previous value: # CONFIG_STMMAC_ETH is not set
New value: CONFIG_STMMAC_ETH=y

Merging /home/tuxbuild/.cache/tuxmake/builds/3/build/1.config
Value of CONFIG_CFS_BANDWIDTH is redefined by fragment /home/tuxbuild/.cache/tuxmake/builds/3/build/1.config:
Previous value: # CONFIG_CFS_BANDWIDTH is not set
New value: CONFIG_CFS_BANDWIDTH=y

Value of CONFIG_CHECKPOINT_RESTORE is redefined by fragment /home/tuxbuild/.cache/tuxmake/builds/3/build/1.config:
Previous value: # CONFIG_CHECKPOINT_RESTORE is not set
New value: CONFIG_CHECKPOINT_RESTORE=y

Value of CONFIG_USER_NS is redefined by fragment /home/tuxbuild/.cache/tuxmake/builds/3/build/1.config:
Previous value: # CONFIG_USER_NS is not set
New value: CONFIG_USER_NS=y

Value of CONFIG_FW_LOADER_USER_HELPER is redefined by fragment /home/tuxbuild/.cache/tuxmake/builds/3/build/1.config:
Previous value: # CONFIG_FW_LOADER_USER_HELPER is not set
New value: CONFIG_FW_LOADER_USER_HELPER=y

Value of CONFIG_EFIVAR_FS is redefined by fragment /home/tuxbuild/.cache/tuxmake/builds/3/build/1.config:
Previous value: CONFIG_EFIVAR_FS=m
New value: CONFIG_EFIVAR_FS=y

Value of CONFIG_CRYPTO_HMAC is redefined by fragment /home/tuxbuild/.cache/tuxmake/builds/3/build/1.config:
Previous value: CONFIG_CRYPTO_HMAC=y
New value: CONFIG_CRYPTO_HMAC=m

Value of CONFIG_CRYPTO_USER_API_HASH is redefined by fragment /home/tuxbuild/.cache/tuxmake/builds/3/build/1.config:
Previous value: # CONFIG_CRYPTO_USER_API_HASH is not set
New value: CONFIG_CRYPTO_USER_API_HASH=m

Merging /home/tuxbuild/.cache/tuxmake/builds/3/build/2.config
Value of CONFIG_IGB is redefined by fragment /home/tuxbuild/.cache/tuxmake/builds/3/build/2.config:
Previous value: # CONFIG_IGB is not set
New value: CONFIG_IGB=y

Merging /home/tuxbuild/.cache/tuxmake/builds/3/build/3.config
Merging /home/tuxbuild/.cache/tuxmake/builds/3/build/4.config
#
# merged configuration written to /home/tuxbuild/.cache/tuxmake/builds/3/build/.config (needs make)
#
make --silent --keep-going --jobs=8 O=/home/tuxbuild/.cache/tuxmake/builds/3/build ARCH=i386 SRCARCH=x86 CROSS_COMPILE=i686-linux-gnu- 'CC=sccache i686-linux-gnu-gcc' 'HOSTCC=sccache gcc' olddefconfig
make --silent --keep-going --jobs=8 O=/home/tuxbuild/.cache/tuxmake/builds/3/build ARCH=i386 SRCARCH=x86 CROSS_COMPILE=i686-linux-gnu- 'CC=sccache i686-linux-gnu-gcc' 'HOSTCC=sccache gcc'
xz -T0 --force --keep /home/tuxbuild/.cache/tuxmake/builds/3/build/vmlinux
make --silent --keep-going --jobs=8 O=/home/tuxbuild/.cache/tuxmake/builds/3/build DESTDIR=/home/tuxbuild/.cache/tuxmake/builds/3/build/cpupower-install ARCH=i386 SRCARCH=x86 CROSS_COMPILE=i686-linux-gnu- 'CC=sccache i686-linux-gnu-gcc' 'HOSTCC=sccache gcc' -C tools/power/cpupower
  MKDIR       /home/tuxbuild/.cache/tuxmake/builds/3/build/po/
  MKDIR       /home/tuxbuild/.cache/tuxmake/builds/3/build/utils/
  MKDIR       /home/tuxbuild/.cache/tuxmake/builds/3/build/utils/helpers/
  MKDIR       /home/tuxbuild/.cache/tuxmake/builds/3/build/utils/idle_monitor/
  CC       /home/tuxbuild/.cache/tuxmake/builds/3/build/lib/cpufreq.o
  CC       /home/tuxbuild/.cache/tuxmake/builds/3/build/lib/cpupower.o
  CC       /home/tuxbuild/.cache/tuxmake/builds/3/build/lib/cpuidle.o
  CC       /home/tuxbuild/.cache/tuxmake/builds/3/build/lib/acpi_cppc.o
  CC       /home/tuxbuild/.cache/tuxmake/builds/3/build/lib/powercap.o
  CC       /home/tuxbuild/.cache/tuxmake/builds/3/build/utils/helpers/amd.o
  CC       /home/tuxbuild/.cache/tuxmake/builds/3/build/utils/helpers/msr.o
  CC       /home/tuxbuild/.cache/tuxmake/builds/3/build/utils/helpers/sysfs.o
  CC       /home/tuxbuild/.cache/tuxmake/builds/3/build/utils/helpers/misc.o
  CC       /home/tuxbuild/.cache/tuxmake/builds/3/build/utils/helpers/cpuid.o
  CC       /home/tuxbuild/.cache/tuxmake/builds/3/build/utils/helpers/pci.o
  CC       /home/tuxbuild/.cache/tuxmake/builds/3/build/utils/helpers/bitmask.o
  CC       /home/tuxbuild/.cache/tuxmake/builds/3/build/utils/idle_monitor/nhm_idle.o
  CC       /home/tuxbuild/.cache/tuxmake/builds/3/build/utils/idle_monitor/snb_idle.o
  CC       /home/tuxbuild/.cache/tuxmake/builds/3/build/utils/idle_monitor/hsw_ext_idle.o
  CC       /home/tuxbuild/.cache/tuxmake/builds/3/build/utils/idle_monitor/amd_fam14h_idle.o
  CC       /home/tuxbuild/.cache/tuxmake/builds/3/build/utils/idle_monitor/cpuidle_sysfs.o
  CC       /home/tuxbuild/.cache/tuxmake/builds/3/build/utils/idle_monitor/mperf_monitor.o
  CC       /home/tuxbuild/.cache/tuxmake/builds/3/build/utils/idle_monitor/cpupower-monitor.o
  CC       /home/tuxbuild/.cache/tuxmake/builds/3/build/utils/idle_monitor/rapl_monitor.o
  CC       /home/tuxbuild/.cache/tuxmake/builds/3/build/utils/cpupower.o
  CC       /home/tuxbuild/.cache/tuxmake/builds/3/build/utils/cpufreq-info.o
  CC       /home/tuxbuild/.cache/tuxmake/builds/3/build/utils/cpufreq-set.o
utils/idle_monitor/mperf_monitor.c: In function 'get_aperf_mperf':
utils/idle_monitor/mperf_monitor.c:118:45: warning: left shift count >= width of type [-Wshift-count-overflow]
  118 |                 *aval = ((low_a) | (high_a) << 32);
      |                                             ^~
utils/idle_monitor/mperf_monitor.c:119:45: warning: left shift count >= width of type [-Wshift-count-overflow]
  119 |                 *mval = ((low_m) | (high_m) << 32);
      |                                             ^~
  CC       /home/tuxbuild/.cache/tuxmake/builds/3/build/utils/cpupower-set.o
  CC       /home/tuxbuild/.cache/tuxmake/builds/3/build/utils/cpupower-info.o
  CC       /home/tuxbuild/.cache/tuxmake/builds/3/build/utils/cpuidle-info.o
  CC       /home/tuxbuild/.cache/tuxmake/builds/3/build/utils/cpuidle-set.o
  CC       /home/tuxbuild/.cache/tuxmake/builds/3/build/utils/powercap-info.o
2025/01/21 18:27:35 socat-internal[49501] W waitpid(-1, {}, WNOHANG): no child has exited
  MSGFMT   /home/tuxbuild/.cache/tuxmake/builds/3/build/po/de.gmo
  MSGFMT   /home/tuxbuild/.cache/tuxmake/builds/3/build/po/fr.gmo
  MSGFMT   /home/tuxbuild/.cache/tuxmake/builds/3/build/po/it.gmo
  MSGFMT   /home/tuxbuild/.cache/tuxmake/builds/3/build/po/cs.gmo
  MSGFMT   /home/tuxbuild/.cache/tuxmake/builds/3/build/po/pt.gmo
  MSGFMT   /home/tuxbuild/.cache/tuxmake/builds/3/build/po/ka.gmo
  LD       /home/tuxbuild/.cache/tuxmake/builds/3/build/libcpupower.so.0.0.1
  CC       /home/tuxbuild/.cache/tuxmake/builds/3/build//main.o
  CC       /home/tuxbuild/.cache/tuxmake/builds/3/build//parse.o
  CC       /home/tuxbuild/.cache/tuxmake/builds/3/build//system.o
  CC       /home/tuxbuild/.cache/tuxmake/builds/3/build//benchmark.o
  CC       /home/tuxbuild/.cache/tuxmake/builds/3/build/cpupower
  CC       /home/tuxbuild/.cache/tuxmake/builds/3/build//cpufreq-bench
make --silent --keep-going --jobs=8 O=/home/tuxbuild/.cache/tuxmake/builds/3/build DESTDIR=/home/tuxbuild/.cache/tuxmake/builds/3/build/cpupower-install ARCH=i386 SRCARCH=x86 CROSS_COMPILE=i686-linux-gnu- 'CC=sccache i686-linux-gnu-gcc' 'HOSTCC=sccache gcc' -C tools/power/cpupower install
/usr/bin/install -c -m 644 -D /home/tuxbuild/.cache/tuxmake/builds/3/build/po/$HLANG.gmo /home/tuxbuild/.cache/tuxmake/builds/3/build/cpupower-install/usr/share/locale/$HLANG/LC_MESSAGES/cpupower.mo
/usr/bin/install -c -m 644 -D /home/tuxbuild/.cache/tuxmake/builds/3/build/po/$HLANG.gmo /home/tuxbuild/.cache/tuxmake/builds/3/build/cpupower-install/usr/share/locale/$HLANG/LC_MESSAGES/cpupower.mo
/usr/bin/install -c -m 644 -D /home/tuxbuild/.cache/tuxmake/builds/3/build/po/$HLANG.gmo /home/tuxbuild/.cache/tuxmake/builds/3/build/cpupower-install/usr/share/locale/$HLANG/LC_MESSAGES/cpupower.mo
/usr/bin/install -c -m 644 -D /home/tuxbuild/.cache/tuxmake/builds/3/build/po/$HLANG.gmo /home/tuxbuild/.cache/tuxmake/builds/3/build/cpupower-install/usr/share/locale/$HLANG/LC_MESSAGES/cpupower.mo
/usr/bin/install -c -m 644 -D /home/tuxbuild/.cache/tuxmake/builds/3/build/po/$HLANG.gmo /home/tuxbuild/.cache/tuxmake/builds/3/build/cpupower-install/usr/share/locale/$HLANG/LC_MESSAGES/cpupower.mo
/usr/bin/install -c -m 644 -D /home/tuxbuild/.cache/tuxmake/builds/3/build/po/$HLANG.gmo /home/tuxbuild/.cache/tuxmake/builds/3/build/cpupower-install/usr/share/locale/$HLANG/LC_MESSAGES/cpupower.mo
tar --sort=name --owner=tuxmake:1000 --group=tuxmake:1000 --mtime=@1737483477 --clamp-mtime -caf /home/tuxbuild/.cache/tuxmake/builds/3/build/cpupower.tar.xz -C /home/tuxbuild/.cache/tuxmake/builds/3/build/cpupower-install .
rm -rf /home/tuxbuild/.cache/tuxmake/builds/3/build/install_hdr
make --silent --keep-going --jobs=8 O=/home/tuxbuild/.cache/tuxmake/builds/3/build INSTALL_HDR_PATH=/home/tuxbuild/.cache/tuxmake/builds/3/build/install_hdr/ ARCH=i386 SRCARCH=x86 CROSS_COMPILE=i686-linux-gnu- 'CC=sccache i686-linux-gnu-gcc' 'HOSTCC=sccache gcc' headers_install
tar --sort=name --owner=tuxmake:1000 --group=tuxmake:1000 --mtime=@1737483477 --clamp-mtime -caf /home/tuxbuild/.cache/tuxmake/builds/3/build/headers.tar.xz -C /home/tuxbuild/.cache/tuxmake/builds/3/build/install_hdr .
make --silent --keep-going --jobs=8 O=/home/tuxbuild/.cache/tuxmake/builds/3/build ARCH=i386 SRCARCH=x86 CROSS_COMPILE=i686-linux-gnu- 'CC=sccache i686-linux-gnu-gcc' 'HOSTCC=sccache gcc' bzImage
make --silent --keep-going --jobs=8 O=/home/tuxbuild/.cache/tuxmake/builds/3/build INSTALL_PATH=/home/tuxbuild/.cache/tuxmake/builds/3/build/kselftest_install ARCH=i386 SRCARCH=x86 CROSS_COMPILE=i686-linux-gnu- 'CC=sccache i686-linux-gnu-gcc' 'HOSTCC=sccache gcc' kselftest-install
make[4]: Entering directory '/builds/linux/tools/testing/selftests/alsa'
i686-linux-gnu-gcc  -L/home/tuxbuild/.cache/tuxmake/builds/3/build/kselftest/alsa -Wl,-rpath=./  -shared -fPIC conf.c -lasound  -lpthread -o /home/tuxbuild/.cache/tuxmake/builds/3/build/kselftest/alsa/libatest.so
i686-linux-gnu-gcc  -L/home/tuxbuild/.cache/tuxmake/builds/3/build/kselftest/alsa -Wl,-rpath=./  mixer-test.c -lasound  -lpthread -latest -o /home/tuxbuild/.cache/tuxmake/builds/3/build/kselftest/alsa/mixer-test
i686-linux-gnu-gcc  -L/home/tuxbuild/.cache/tuxmake/builds/3/build/kselftest/alsa -Wl,-rpath=./  pcm-test.c -lasound  -lpthread -latest -o /home/tuxbuild/.cache/tuxmake/builds/3/build/kselftest/alsa/pcm-test
i686-linux-gnu-gcc  -L/home/tuxbuild/.cache/tuxmake/builds/3/build/kselftest/alsa -Wl,-rpath=./  test-pcmtest-driver.c -lasound  -lpthread -latest -o /home/tuxbuild/.cache/tuxmake/builds/3/build/kselftest/alsa/test-pcmtest-driver
make[4]: Leaving directory '/builds/linux/tools/testing/selftests/alsa'
make[4]: Entering directory '/builds/linux/tools/testing/selftests/amd-pstate'
make[4]: Nothing to be done for 'all'.
make[4]: Leaving directory '/builds/linux/tools/testing/selftests/amd-pstate'
make[4]: Entering directory '/builds/linux/tools/testing/selftests/arm64'
make[4]: Leaving directory '/builds/linux/tools/testing/selftests/arm64'
make[4]: Entering directory '/builds/linux/tools/testing/selftests/breakpoints'
i686-linux-gnu-gcc     step_after_suspend_test.c  -o /home/tuxbuild/.cache/tuxmake/builds/3/build/kselftest/breakpoints/step_after_suspend_test
make[4]: Leaving directory '/builds/linux/tools/testing/selftests/breakpoints'
make[4]: Entering directory '/builds/linux/tools/testing/selftests/cachestat'
i686-linux-gnu-gcc -isystem /home/tuxbuild/.cache/tuxmake/builds/3/build/usr/include -Wall     test_cachestat.c -lrt -o /home/tuxbuild/.cache/tuxmake/builds/3/build/kselftest/cachestat/test_cachestat
make[4]: Leaving directory '/builds/linux/tools/testing/selftests/cachestat'
make[4]: Entering directory '/builds/linux/tools/testing/selftests/capabilities'
i686-linux-gnu-gcc -O2 -g -std=gnu99 -Wall     test_execve.c -lcap-ng -lrt -ldl -o /home/tuxbuild/.cache/tuxmake/builds/3/build/kselftest/capabilities/test_execve
i686-linux-gnu-gcc -O2 -g -std=gnu99 -Wall     validate_cap.c -lcap-ng -lrt -ldl -o /home/tuxbuild/.cache/tuxmake/builds/3/build/kselftest/capabilities/validate_cap
make[4]: Leaving directory '/builds/linux/tools/testing/selftests/capabilities'
make[4]: Entering directory '/builds/linux/tools/testing/selftests/cgroup'
i686-linux-gnu-gcc -Wall -pthread     test_memcontrol.c cgroup_util.c  -o /home/tuxbuild/.cache/tuxmake/builds/3/build/kselftest/cgroup/test_memcontrol
i686-linux-gnu-gcc -Wall -pthread     test_kmem.c cgroup_util.c  -o /home/tuxbuild/.cache/tuxmake/builds/3/build/kselftest/cgroup/test_kmem
i686-linux-gnu-gcc -Wall -pthread     test_core.c cgroup_util.c  -o /home/tuxbuild/.cache/tuxmake/builds/3/build/kselftest/cgroup/test_core
i686-linux-gnu-gcc -Wall -pthread     test_freezer.c cgroup_util.c  -o /home/tuxbuild/.cache/tuxmake/builds/3/build/kselftest/cgroup/test_freezer
i686-linux-gnu-gcc -Wall -pthread     test_kill.c cgroup_util.c  -o /home/tuxbuild/.cache/tuxmake/builds/3/build/kselftest/cgroup/test_kill
i686-linux-gnu-gcc -Wall -pthread     test_cpu.c cgroup_util.c  -o /home/tuxbuild/.cache/tuxmake/builds/3/build/kselftest/cgroup/test_cpu
i686-linux-gnu-gcc -Wall -pthread     test_cpuset.c cgroup_util.c  -o /home/tuxbuild/.cache/tuxmake/builds/3/build/kselftest/cgroup/test_cpuset
i686-linux-gnu-gcc -Wall -pthread     test_zswap.c cgroup_util.c  -o /home/tuxbuild/.cache/tuxmake/builds/3/build/kselftest/cgroup/test_zswap
test_zswap.c: In function 'read_int':
test_zswap.c:24:29: warning: format '%ld' expects argument of type 'long int *', but argument 3 has type 'size_t *' {aka 'unsigned int *'} [-Wformat=]
   24 |         if (fscanf(file, "%ld", value) != 1)
      |                           ~~^   ~~~~~
      |                             |   |
      |                             |   size_t * {aka unsigned int *}
      |                             long int *
      |                           %d
test_zswap.c: In function 'set_min_free_kb':
test_zswap.c:38:32: warning: format '%ld' expects argument of type 'long int', but argument 3 has type 'size_t' {aka 'unsigned int'} [-Wformat=]
   38 |         ret = fprintf(file, "%ld\n", value);
      |                              ~~^     ~~~~~
      |                                |     |
      |                                |     size_t {aka unsigned int}
      |                                long int
      |                              %d
i686-linux-gnu-gcc -Wall -pthread     wait_inotify.c  -o /home/tuxbuild/.cache/tuxmake/builds/3/build/kselftest/cgroup/wait_inotify
make[4]: Leaving directory '/builds/linux/tools/testing/selftests/cgroup'
make[4]: Entering directory '/builds/linux/tools/testing/selftests/clone3'
i686-linux-gnu-gcc -g -std=gnu99 -isystem /home/tuxbuild/.cache/tuxmake/builds/3/build/usr/include     clone3.c -lcap -o /home/tuxbuild/.cache/tuxmake/builds/3/build/kselftest/clone3/clone3
i686-linux-gnu-gcc -g -std=gnu99 -isystem /home/tuxbuild/.cache/tuxmake/builds/3/build/usr/include     clone3_clear_sighand.c -lcap -o /home/tuxbuild/.cache/tuxmake/builds/3/build/kselftest/clone3/clone3_clear_sighand
i686-linux-gnu-gcc -g -std=gnu99 -isystem /home/tuxbuild/.cache/tuxmake/builds/3/build/usr/include     clone3_set_tid.c -lcap -o /home/tuxbuild/.cache/tuxmake/builds/3/build/kselftest/clone3/clone3_set_tid
i686-linux-gnu-gcc -g -std=gnu99 -isystem /home/tuxbuild/.cache/tuxmake/builds/3/build/usr/include     clone3_cap_checkpoint_restore.c -lcap -o /home/tuxbuild/.cache/tuxmake/builds/3/build/kselftest/clone3/clone3_cap_checkpoint_restore
make[4]: Leaving directory '/builds/linux/tools/testing/selftests/clone3'
make[4]: Entering directory '/builds/linux/tools/testing/selftests/connector'
i686-linux-gnu-gcc -Wall -isystem /home/tuxbuild/.cache/tuxmake/builds/3/build/usr/include     proc_filter.c  -o /home/tuxbuild/.cache/tuxmake/builds/3/build/kselftest/connector/proc_filter
make[4]: Leaving directory '/builds/linux/tools/testing/selftests/connector'
make[4]: Entering directory '/builds/linux/tools/testing/selftests/core'
i686-linux-gnu-gcc -g -isystem /home/tuxbuild/.cache/tuxmake/builds/3/build/usr/include     close_range_test.c  -o /home/tuxbuild/.cache/tuxmake/builds/3/build/kselftest/core/close_range_test
make[4]: Leaving directory '/builds/linux/tools/testing/selftests/core'
make[4]: Entering directory '/builds/linux/tools/testing/selftests/cpufreq'
make[4]: Nothing to be done for 'all'.
make[4]: Leaving directory '/builds/linux/tools/testing/selftests/cpufreq'
make[4]: Entering directory '/builds/linux/tools/testing/selftests/cpu-hotplug'
make[4]: Nothing to be done for 'all'.
make[4]: Leaving directory '/builds/linux/tools/testing/selftests/cpu-hotplug'
make[4]: Entering directory '/builds/linux/tools/testing/selftests/damon'
i686-linux-gnu-gcc     huge_count_read_write.c  -o /home/tuxbuild/.cache/tuxmake/builds/3/build/kselftest/damon/huge_count_read_write
make[4]: Leaving directory '/builds/linux/tools/testing/selftests/damon'
make[4]: Entering directory '/builds/linux/tools/testing/selftests/dmabuf-heaps'
i686-linux-gnu-gcc -static -O3 -Wl,-no-as-needed -Wall -isystem /home/tuxbuild/.cache/tuxmake/builds/3/build/usr/include     dmabuf-heap.c  -o /home/tuxbuild/.cache/tuxmake/builds/3/build/kselftest/dmabuf-heaps/dmabuf-heap
dmabuf-heap.c: In function 'test_alloc_zeroed':
dmabuf-heap.c:229:37: warning: format '%ld' expects argument of type 'long int', but argument 2 has type 'size_t' {aka 'unsigned int'} [-Wformat=]
  229 |         printf("  Testing alloced %ldk buffers are zeroed:  ", size / 1024);
      |                                   ~~^                          ~~~~~~~~~~~
      |                                     |                               |
      |                                     long int                        size_t {aka unsigned int}
      |                                   %d
make[4]: Leaving directory '/builds/linux/tools/testing/selftests/dmabuf-heaps'
make[4]: Entering directory '/builds/linux/tools/testing/selftests/drivers/dma-buf'
i686-linux-gnu-gcc -isystem /home/tuxbuild/.cache/tuxmake/builds/3/build/usr/include     udmabuf.c  -o /home/tuxbuild/.cache/tuxmake/builds/3/build/kselftest/drivers/dma-buf/udmabuf
make[4]: Leaving directory '/builds/linux/tools/testing/selftests/drivers/dma-buf'
make[4]: Entering directory '/builds/linux/tools/testing/selftests/drivers/s390x/uvdevice'
make[4]: Leaving directory '/builds/linux/tools/testing/selftests/drivers/s390x/uvdevice'
make[4]: Entering directory '/builds/linux/tools/testing/selftests/drivers/net/bonding'
make[4]: Nothing to be done for 'all'.
make[4]: Leaving directory '/builds/linux/tools/testing/selftests/drivers/net/bonding'
make[4]: Entering directory '/builds/linux/tools/testing/selftests/drivers/net/team'
make[4]: Nothing to be done for 'all'.
make[4]: Leaving directory '/builds/linux/tools/testing/selftests/drivers/net/team'
make[4]: Entering directory '/builds/linux/tools/testing/selftests/efivarfs'
i686-linux-gnu-gcc -Wall     open-unlink.c  -o /home/tuxbuild/.cache/tuxmake/builds/3/build/kselftest/efivarfs/open-unlink
i686-linux-gnu-gcc -Wall     create-read.c  -o /home/tuxbuild/.cache/tuxmake/builds/3/build/kselftest/efivarfs/create-read
make[4]: Leaving directory '/builds/linux/tools/testing/selftests/efivarfs'
make[4]: Entering directory '/builds/linux/tools/testing/selftests/exec'
i686-linux-gnu-gcc -Wall -Wno-nonnull -D_GNU_SOURCE     execveat.c  -o /home/tuxbuild/.cache/tuxmake/builds/3/build/kselftest/exec/execveat
i686-linux-gnu-gcc -Wall -Wno-nonnull -D_GNU_SOURCE   -Wl,-z,max-page-size=0x1000 -pie -static load_address.c -o /home/tuxbuild/.cache/tuxmake/builds/3/build/kselftest/exec/load_address_4096
i686-linux-gnu-gcc -Wall -Wno-nonnull -D_GNU_SOURCE   -Wl,-z,max-page-size=0x200000 -pie -static load_address.c -o /home/tuxbuild/.cache/tuxmake/builds/3/build/kselftest/exec/load_address_2097152
i686-linux-gnu-gcc -Wall -Wno-nonnull -D_GNU_SOURCE   -Wl,-z,max-page-size=0x1000000 -pie -static load_address.c -o /home/tuxbuild/.cache/tuxmake/builds/3/build/kselftest/exec/load_address_16777216
i686-linux-gnu-gcc -Wall -Wno-nonnull -D_GNU_SOURCE     non-regular.c  -o /home/tuxbuild/.cache/tuxmake/builds/3/build/kselftest/exec/non-regular
i686-linux-gnu-gcc -Wall -Wno-nonnull -D_GNU_SOURCE     recursion-depth.c  -o /home/tuxbuild/.cache/tuxmake/builds/3/build/kselftest/exec/recursion-depth
i686-linux-gnu-gcc -Wall -Wno-nonnull -D_GNU_SOURCE     null-argv.c  -o /home/tuxbuild/.cache/tuxmake/builds/3/build/kselftest/exec/null-argv
cd /home/tuxbuild/.cache/tuxmake/builds/3/build/kselftest/exec && ln -s -f execveat execveat.symlink
cp /home/tuxbuild/.cache/tuxmake/builds/3/build/kselftest/exec/execveat /home/tuxbuild/.cache/tuxmake/builds/3/build/kselftest/exec/execveat.denatured
chmod -x /home/tuxbuild/.cache/tuxmake/builds/3/build/kselftest/exec/execveat.denatured
echo '#!/bin/sh' > /home/tuxbuild/.cache/tuxmake/builds/3/build/kselftest/exec/script
echo 'exit $*' >> /home/tuxbuild/.cache/tuxmake/builds/3/build/kselftest/exec/script
chmod +x /home/tuxbuild/.cache/tuxmake/builds/3/build/kselftest/exec/script
mkdir -p /home/tuxbuild/.cache/tuxmake/builds/3/build/kselftest/exec/subdir
make[4]: Leaving directory '/builds/linux/tools/testing/selftests/exec'
make[4]: Entering directory '/builds/linux/tools/testing/selftests/fchmodat2'
i686-linux-gnu-gcc -Wall -O2 -g -fsanitize=address -fsanitize=undefined -static-libasan -isystem /home/tuxbuild/.cache/tuxmake/builds/3/build/usr/include     fchmodat2_test.c  -o /home/tuxbuild/.cache/tuxmake/builds/3/build/kselftest/fchmodat2/fchmodat2_test
make[4]: Leaving directory '/builds/linux/tools/testing/selftests/fchmodat2'
make[4]: Entering directory '/builds/linux/tools/testing/selftests/filesystems'
i686-linux-gnu-gcc -isystem /home/tuxbuild/.cache/tuxmake/builds/3/build/usr/include     devpts_pts.c  -o /home/tuxbuild/.cache/tuxmake/builds/3/build/kselftest/filesystems/devpts_pts
i686-linux-gnu-gcc -isystem /home/tuxbuild/.cache/tuxmake/builds/3/build/usr/include     dnotify_test.c  -o /home/tuxbuild/.cache/tuxmake/builds/3/build/kselftest/filesystems/dnotify_test
make[4]: Leaving directory '/builds/linux/tools/testing/selftests/filesystems'
make[4]: Entering directory '/builds/linux/tools/testing/selftests/filesystems/binderfs'
i686-linux-gnu-gcc -isystem /home/tuxbuild/.cache/tuxmake/builds/3/build/usr/include -pthread     binderfs_test.c  -o /home/tuxbuild/.cache/tuxmake/builds/3/build/kselftest/filesystems/binderfs/binderfs_test
make[4]: Leaving directory '/builds/linux/tools/testing/selftests/filesystems/binderfs'
make[4]: Entering directory '/builds/linux/tools/testing/selftests/filesystems/epoll'
i686-linux-gnu-gcc -isystem /home/tuxbuild/.cache/tuxmake/builds/3/build/usr/include     epoll_wakeup_test.c -lpthread -o /home/tuxbuild/.cache/tuxmake/builds/3/build/kselftest/filesystems/epoll/epoll_wakeup_test
make[4]: Leaving directory '/builds/linux/tools/testing/selftests/filesystems/epoll'
make[4]: Entering directory '/builds/linux/tools/testing/selftests/filesystems/fat'
i686-linux-gnu-gcc -O2 -g -Wall -isystem /home/tuxbuild/.cache/tuxmake/builds/3/build/usr/include     rename_exchange.c  -o /home/tuxbuild/.cache/tuxmake/builds/3/build/kselftest/filesystems/fat/rename_exchange
make[4]: Leaving directory '/builds/linux/tools/testing/selftests/filesystems/fat'
make[4]: Entering directory '/builds/linux/tools/testing/selftests/firmware'
i686-linux-gnu-gcc -Wall -O2     fw_namespace.c  -o /home/tuxbuild/.cache/tuxmake/builds/3/build/kselftest/firmware/fw_namespace
make[4]: Leaving directory '/builds/linux/tools/testing/selftests/firmware'
make[4]: Entering directory '/builds/linux/tools/testing/selftests/fpu'
i686-linux-gnu-gcc     test_fpu.c -lm -o /home/tuxbuild/.cache/tuxmake/builds/3/build/kselftest/fpu/test_fpu
make[4]: Leaving directory '/builds/linux/tools/testing/selftests/fpu'
make[4]: Entering directory '/builds/linux/tools/testing/selftests/ftrace'
make[4]: Nothing to be done for 'all'.
make[4]: Leaving directory '/builds/linux/tools/testing/selftests/ftrace'
make[4]: Entering directory '/builds/linux/tools/testing/selftests/futex'
make[5]: Entering directory '/builds/linux/tools/testing/selftests/futex/functional'
i686-linux-gnu-gcc  -g -O2 -Wall -D_GNU_SOURCE= -pthread -I../include -I../../ -isystem /home/tuxbuild/.cache/tuxmake/builds/3/build/usr/include -isystem /home/tuxbuild/.cache/tuxmake/builds/3/build/usr/include    futex_wait_timeout.c -lpthread -lrt -o /home/tuxbuild/.cache/tuxmake/builds/3/build/kselftest/futex/functional/futex_wait_timeout
i686-linux-gnu-gcc  -g -O2 -Wall -D_GNU_SOURCE= -pthread -I../include -I../../ -isystem /home/tuxbuild/.cache/tuxmake/builds/3/build/usr/include -isystem /home/tuxbuild/.cache/tuxmake/builds/3/build/usr/include    futex_wait_wouldblock.c -lpthread -lrt -o /home/tuxbuild/.cache/tuxmake/builds/3/build/kselftest/futex/functional/futex_wait_wouldblock
i686-linux-gnu-gcc  -g -O2 -Wall -D_GNU_SOURCE= -pthread -I../include -I../../ -isystem /home/tuxbuild/.cache/tuxmake/builds/3/build/usr/include -isystem /home/tuxbuild/.cache/tuxmake/builds/3/build/usr/include    futex_requeue_pi.c -lpthread -lrt -o /home/tuxbuild/.cache/tuxmake/builds/3/build/kselftest/futex/functional/futex_requeue_pi
i686-linux-gnu-gcc  -g -O2 -Wall -D_GNU_SOURCE= -pthread -I../include -I../../ -isystem /home/tuxbuild/.cache/tuxmake/builds/3/build/usr/include -isystem /home/tuxbuild/.cache/tuxmake/builds/3/build/usr/include    futex_requeue_pi_signal_restart.c -lpthread -lrt -o /home/tuxbuild/.cache/tuxmake/builds/3/build/kselftest/futex/functional/futex_requeue_pi_signal_restart
i686-linux-gnu-gcc  -g -O2 -Wall -D_GNU_SOURCE= -pthread -I../include -I../../ -isystem /home/tuxbuild/.cache/tuxmake/builds/3/build/usr/include -isystem /home/tuxbuild/.cache/tuxmake/builds/3/build/usr/include    futex_requeue_pi_mismatched_ops.c -lpthread -lrt -o /home/tuxbuild/.cache/tuxmake/builds/3/build/kselftest/futex/functional/futex_requeue_pi_mismatched_ops
i686-linux-gnu-gcc  -g -O2 -Wall -D_GNU_SOURCE= -pthread -I../include -I../../ -isystem /home/tuxbuild/.cache/tuxmake/builds/3/build/usr/include -isystem /home/tuxbuild/.cache/tuxmake/builds/3/build/usr/include    futex_wait_uninitialized_heap.c -lpthread -lrt -o /home/tuxbuild/.cache/tuxmake/builds/3/build/kselftest/futex/functional/futex_wait_uninitialized_heap
i686-linux-gnu-gcc  -g -O2 -Wall -D_GNU_SOURCE= -pthread -I../include -I../../ -isystem /home/tuxbuild/.cache/tuxmake/builds/3/build/usr/include -isystem /home/tuxbuild/.cache/tuxmake/builds/3/build/usr/include    futex_wait_private_mapped_file.c -lpthread -lrt -o /home/tuxbuild/.cache/tuxmake/builds/3/build/kselftest/futex/functional/futex_wait_private_mapped_file
i686-linux-gnu-gcc  -g -O2 -Wall -D_GNU_SOURCE= -pthread -I../include -I../../ -isystem /home/tuxbuild/.cache/tuxmake/builds/3/build/usr/include -isystem /home/tuxbuild/.cache/tuxmake/builds/3/build/usr/include    futex_wait.c -lpthread -lrt -o /home/tuxbuild/.cache/tuxmake/builds/3/build/kselftest/futex/functional/futex_wait
i686-linux-gnu-gcc  -g -O2 -Wall -D_GNU_SOURCE= -pthread -I../include -I../../ -isystem /home/tuxbuild/.cache/tuxmake/builds/3/build/usr/include -isystem /home/tuxbuild/.cache/tuxmake/builds/3/build/usr/include    futex_requeue.c -lpthread -lrt -o /home/tuxbuild/.cache/tuxmake/builds/3/build/kselftest/futex/functional/futex_requeue
i686-linux-gnu-gcc  -g -O2 -Wall -D_GNU_SOURCE= -pthread -I../include -I../../ -isystem /home/tuxbuild/.cache/tuxmake/builds/3/build/usr/include -isystem /home/tuxbuild/.cache/tuxmake/builds/3/build/usr/include    futex_waitv.c -lpthread -lrt -o /home/tuxbuild/.cache/tuxmake/builds/3/build/kselftest/futex/functional/futex_waitv
make[5]: Leaving directory '/builds/linux/tools/testing/selftests/futex/functional'
make[4]: Leaving directory '/builds/linux/tools/testing/selftests/futex'
make[4]: Entering directory '/builds/linux/tools/testing/selftests/gpio'
i686-linux-gnu-gcc -O2 -g -Wall -isystem /home/tuxbuild/.cache/tuxmake/builds/3/build/usr/include     gpio-mockup-cdev.c  -o /home/tuxbuild/.cache/tuxmake/builds/3/build/kselftest/gpio/gpio-mockup-cdev
i686-linux-gnu-gcc -O2 -g -Wall -isystem /home/tuxbuild/.cache/tuxmake/builds/3/build/usr/include     gpio-chip-info.c  -o /home/tuxbuild/.cache/tuxmake/builds/3/build/kselftest/gpio/gpio-chip-info
i686-linux-gnu-gcc -O2 -g -Wall -isystem /home/tuxbuild/.cache/tuxmake/builds/3/build/usr/include     gpio-line-name.c  -o /home/tuxbuild/.cache/tuxmake/builds/3/build/kselftest/gpio/gpio-line-name
make[4]: Leaving directory '/builds/linux/tools/testing/selftests/gpio'
make[4]: Entering directory '/builds/linux/tools/testing/selftests/hid'
  MKDIR    libbpf
error: Found argument '-E' which wasn't expected, or isn't valid in this context

USAGE:
    sccache [FLAGS] [OPTIONS] [cmd]...

For more information try --help
error: Found argument '-d' which wasn't expected, or isn't valid in this context

USAGE:
    sccache [FLAGS] [OPTIONS] [cmd]...

For more information try --help
make[5]: *** No rule to make target 'gcc'.  Stop.
make[4]: *** [Makefile:142: /home/tuxbuild/.cache/tuxmake/builds/3/build/kselftest/hid/tools/build/host/libbpf/libbpf.a] Error 2
make[4]: Leaving directory '/builds/linux/tools/testing/selftests/hid'
make[4]: Entering directory '/builds/linux/tools/testing/selftests/intel_pstate'
i686-linux-gnu-gcc  -Wall -D_GNU_SOURCE    msr.c -lm -o /home/tuxbuild/.cache/tuxmake/builds/3/build/kselftest/intel_pstate/msr
i686-linux-gnu-gcc  -Wall -D_GNU_SOURCE    aperf.c -lm -o /home/tuxbuild/.cache/tuxmake/builds/3/build/kselftest/intel_pstate/aperf
make[4]: Leaving directory '/builds/linux/tools/testing/selftests/intel_pstate'
make[4]: Entering directory '/builds/linux/tools/testing/selftests/iommu'
i686-linux-gnu-gcc -Wall -O2 -Wno-unused-function -isystem /home/tuxbuild/.cache/tuxmake/builds/3/build/usr/include -D_GNU_SOURCE     iommufd.c  -o /home/tuxbuild/.cache/tuxmake/builds/3/build/kselftest/iommu/iommufd
In file included from iommufd.c:10:
iommufd_utils.h: In function '_test_cmd_get_hw_info':
iommufd_utils.h:365:30: warning: cast from pointer to integer of different size [-Wpointer-to-int-cast]
  365 |                 .data_uptr = (uint64_t)data,
      |                              ^
iommufd.c: In function 'iommufd_ioas_area':
iommufd.c:366:9: warning: conversion from 'long long unsigned int' to 'size_t' {aka 'unsigned int'} changes value from '18446744073709551615' to '4294967295' [-Woverflow]
  366 |         test_ioctl_ioas_unmap(0, UINT64_MAX);
      |         ^~~~~~~~~~~~~~~~~~~~~
iommufd.c:369:9: warning: conversion from 'long long unsigned int' to 'size_t' {aka 'unsigned int'} changes value from '18446744073709551615' to '4294967295' [-Woverflow]
  369 |         test_ioctl_ioas_unmap(0, UINT64_MAX);
      |         ^~~~~~~~~~~~~~~~~~~~~
iommufd.c: In function 'iommufd_map_cmd':
iommufd.c:1448:26: warning: cast from pointer to integer of different size [-Wpointer-to-int-cast]
 1448 |                 .vaddr = (__u64)buffer,
      |                          ^
i686-linux-gnu-gcc -Wall -O2 -Wno-unused-function -isystem /home/tuxbuild/.cache/tuxmake/builds/3/build/usr/include -D_GNU_SOURCE     iommufd_fail_nth.c  -o /home/tuxbuild/.cache/tuxmake/builds/3/build/kselftest/iommu/iommufd_fail_nth
In file included from iommufd_fail_nth.c:23:
iommufd_utils.h: In function '_test_cmd_get_hw_info':
iommufd_utils.h:365:30: warning: cast from pointer to integer of different size [-Wpointer-to-int-cast]
  365 |                 .data_uptr = (uint64_t)data,
      |                              ^
make[4]: Leaving directory '/builds/linux/tools/testing/selftests/iommu'
make[4]: Entering directory '/builds/linux/tools/testing/selftests/ipc'
i686-linux-gnu-gcc -DCONFIG_X86_32 -D__i386__ -isystem /home/tuxbuild/.cache/tuxmake/builds/3/build/usr/include    msgque.c  -o /home/tuxbuild/.cache/tuxmake/builds/3/build/kselftest/ipc/msgque
make[4]: Leaving directory '/builds/linux/tools/testing/selftests/ipc'
make[4]: Entering directory '/builds/linux/tools/testing/selftests/ir'
i686-linux-gnu-gcc -Wall -O2 -I../../../include/uapi     ir_loopback.c  -o /home/tuxbuild/.cache/tuxmake/builds/3/build/kselftest/ir/ir_loopback
make[4]: Leaving directory '/builds/linux/tools/testing/selftests/ir'
make[4]: Entering directory '/builds/linux/tools/testing/selftests/kcmp'
i686-linux-gnu-gcc -isystem /home/tuxbuild/.cache/tuxmake/builds/3/build/usr/include     kcmp_test.c  -o /home/tuxbuild/.cache/tuxmake/builds/3/build/kselftest/kcmp/kcmp_test
make[4]: Leaving directory '/builds/linux/tools/testing/selftests/kcmp'
make[4]: Entering directory '/builds/linux/tools/testing/selftests/kexec'
make[4]: Nothing to be done for 'all'.
make[4]: Leaving directory '/builds/linux/tools/testing/selftests/kexec'
make[4]: Entering directory '/builds/linux/tools/testing/selftests/kvm'
mkdir: missing operand
Try 'mkdir --help' for more information.
make[4]: Nothing to be done for 'all'.
make[4]: Leaving directory '/builds/linux/tools/testing/selftests/kvm'
make[4]: Entering directory '/builds/linux/tools/testing/selftests/landlock'
i686-linux-gnu-gcc -Wall -O2 -isystem /home/tuxbuild/.cache/tuxmake/builds/3/build/usr/include     base_test.c -lcap -o /home/tuxbuild/.cache/tuxmake/builds/3/build/kselftest/landlock/base_test
i686-linux-gnu-gcc -Wall -O2 -isystem /home/tuxbuild/.cache/tuxmake/builds/3/build/usr/include     fs_test.c -lcap -o /home/tuxbuild/.cache/tuxmake/builds/3/build/kselftest/landlock/fs_test
i686-linux-gnu-gcc -Wall -O2 -isystem /home/tuxbuild/.cache/tuxmake/builds/3/build/usr/include     ptrace_test.c -lcap -o /home/tuxbuild/.cache/tuxmake/builds/3/build/kselftest/landlock/ptrace_test
i686-linux-gnu-gcc -Wall -O2 -isystem /home/tuxbuild/.cache/tuxmake/builds/3/build/usr/include   -static  true.c  -o /home/tuxbuild/.cache/tuxmake/builds/3/build/kselftest/landlock/true
make[4]: Leaving directory '/builds/linux/tools/testing/selftests/landlock'
make[4]: Entering directory '/builds/linux/tools/testing/selftests/lib'
make[4]: Nothing to be done for 'all'.
make[4]: Leaving directory '/builds/linux/tools/testing/selftests/lib'
make[4]: Entering directory '/builds/linux/tools/testing/selftests/livepatch'
make[4]: Nothing to be done for 'all'.
make[4]: Leaving directory '/builds/linux/tools/testing/selftests/livepatch'
make[4]: Entering directory '/builds/linux/tools/testing/selftests/lkdtm'
install -m 0744 run.sh /home/tuxbuild/.cache/tuxmake/builds/3/build/kselftest/lkdtm/PANIC.sh
install -m 0744 run.sh /home/tuxbuild/.cache/tuxmake/builds/3/build/kselftest/lkdtm/BUG.sh
install -m 0744 run.sh /home/tuxbuild/.cache/tuxmake/builds/3/build/kselftest/lkdtm/WARNING.sh
install -m 0744 run.sh /home/tuxbuild/.cache/tuxmake/builds/3/build/kselftest/lkdtm/WARNING_MESSAGE.sh
install -m 0744 run.sh /home/tuxbuild/.cache/tuxmake/builds/3/build/kselftest/lkdtm/EXCEPTION.sh
install -m 0744 run.sh /home/tuxbuild/.cache/tuxmake/builds/3/build/kselftest/lkdtm/LOOP.sh
install -m 0744 run.sh /home/tuxbuild/.cache/tuxmake/builds/3/build/kselftest/lkdtm/EXHAUST_STACK.sh
install -m 0744 run.sh /home/tuxbuild/.cache/tuxmake/builds/3/build/kselftest/lkdtm/CORRUPT_STACK.sh
install -m 0744 run.sh /home/tuxbuild/.cache/tuxmake/builds/3/build/kselftest/lkdtm/CORRUPT_STACK_STRONG.sh
install -m 0744 run.sh /home/tuxbuild/.cache/tuxmake/builds/3/build/kselftest/lkdtm/ARRAY_BOUNDS.sh
install -m 0744 run.sh /home/tuxbuild/.cache/tuxmake/builds/3/build/kselftest/lkdtm/CORRUPT_LIST_ADD.sh
install -m 0744 run.sh /home/tuxbuild/.cache/tuxmake/builds/3/build/kselftest/lkdtm/CORRUPT_LIST_DEL.sh
install -m 0744 run.sh /home/tuxbuild/.cache/tuxmake/builds/3/build/kselftest/lkdtm/STACK_GUARD_PAGE_LEADING.sh
install -m 0744 run.sh /home/tuxbuild/.cache/tuxmake/builds/3/build/kselftest/lkdtm/STACK_GUARD_PAGE_TRAILING.sh
install -m 0744 run.sh /home/tuxbuild/.cache/tuxmake/builds/3/build/kselftest/lkdtm/REPORT_STACK_CANARY.sh
install -m 0744 run.sh /home/tuxbuild/.cache/tuxmake/builds/3/build/kselftest/lkdtm/UNSET_SMEP.sh
install -m 0744 run.sh /home/tuxbuild/.cache/tuxmake/builds/3/build/kselftest/lkdtm/DOUBLE_FAULT.sh
install -m 0744 run.sh /home/tuxbuild/.cache/tuxmake/builds/3/build/kselftest/lkdtm/CORRUPT_PAC.sh
install -m 0744 run.sh /home/tuxbuild/.cache/tuxmake/builds/3/build/kselftest/lkdtm/UNALIGNED_LOAD_STORE_WRITE.sh
install -m 0744 run.sh /home/tuxbuild/.cache/tuxmake/builds/3/build/kselftest/lkdtm/SLAB_LINEAR_OVERFLOW.sh
install -m 0744 run.sh /home/tuxbuild/.cache/tuxmake/builds/3/build/kselftest/lkdtm/VMALLOC_LINEAR_OVERFLOW.sh
install -m 0744 run.sh /home/tuxbuild/.cache/tuxmake/builds/3/build/kselftest/lkdtm/WRITE_AFTER_FREE.sh
install -m 0744 run.sh /home/tuxbuild/.cache/tuxmake/builds/3/build/kselftest/lkdtm/READ_AFTER_FREE.sh
install -m 0744 run.sh /home/tuxbuild/.cache/tuxmake/builds/3/build/kselftest/lkdtm/WRITE_BUDDY_AFTER_FREE.sh
install -m 0744 run.sh /home/tuxbuild/.cache/tuxmake/builds/3/build/kselftest/lkdtm/READ_BUDDY_AFTER_FREE.sh
install -m 0744 run.sh /home/tuxbuild/.cache/tuxmake/builds/3/build/kselftest/lkdtm/SLAB_INIT_ON_ALLOC.sh
install -m 0744 run.sh /home/tuxbuild/.cache/tuxmake/builds/3/build/kselftest/lkdtm/BUDDY_INIT_ON_ALLOC.sh
install -m 0744 run.sh /home/tuxbuild/.cache/tuxmake/builds/3/build/kselftest/lkdtm/SLAB_FREE_DOUBLE.sh
install -m 0744 run.sh /home/tuxbuild/.cache/tuxmake/builds/3/build/kselftest/lkdtm/SLAB_FREE_CROSS.sh
install -m 0744 run.sh /home/tuxbuild/.cache/tuxmake/builds/3/build/kselftest/lkdtm/SLAB_FREE_PAGE.sh
install -m 0744 run.sh /home/tuxbuild/.cache/tuxmake/builds/3/build/kselftest/lkdtm/SOFTLOCKUP.sh
install -m 0744 run.sh /home/tuxbuild/.cache/tuxmake/builds/3/build/kselftest/lkdtm/HARDLOCKUP.sh
install -m 0744 run.sh /home/tuxbuild/.cache/tuxmake/builds/3/build/kselftest/lkdtm/SPINLOCKUP.sh
install -m 0744 run.sh /home/tuxbuild/.cache/tuxmake/builds/3/build/kselftest/lkdtm/HUNG_TASK.sh
install -m 0744 run.sh /home/tuxbuild/.cache/tuxmake/builds/3/build/kselftest/lkdtm/EXEC_DATA.sh
install -m 0744 run.sh /home/tuxbuild/.cache/tuxmake/builds/3/build/kselftest/lkdtm/EXEC_STACK.sh
install -m 0744 run.sh /home/tuxbuild/.cache/tuxmake/builds/3/build/kselftest/lkdtm/EXEC_KMALLOC.sh
install -m 0744 run.sh /home/tuxbuild/.cache/tuxmake/builds/3/build/kselftest/lkdtm/EXEC_VMALLOC.sh
install -m 0744 run.sh /home/tuxbuild/.cache/tuxmake/builds/3/build/kselftest/lkdtm/EXEC_RODATA.sh
install -m 0744 run.sh /home/tuxbuild/.cache/tuxmake/builds/3/build/kselftest/lkdtm/EXEC_USERSPACE.sh
install -m 0744 run.sh /home/tuxbuild/.cache/tuxmake/builds/3/build/kselftest/lkdtm/EXEC_NULL.sh
install -m 0744 run.sh /home/tuxbuild/.cache/tuxmake/builds/3/build/kselftest/lkdtm/ACCESS_USERSPACE.sh
install -m 0744 run.sh /home/tuxbuild/.cache/tuxmake/builds/3/build/kselftest/lkdtm/ACCESS_NULL.sh
install -m 0744 run.sh /home/tuxbuild/.cache/tuxmake/builds/3/build/kselftest/lkdtm/WRITE_RO.sh
install -m 0744 run.sh /home/tuxbuild/.cache/tuxmake/builds/3/build/kselftest/lkdtm/WRITE_RO_AFTER_INIT.sh
install -m 0744 run.sh /home/tuxbuild/.cache/tuxmake/builds/3/build/kselftest/lkdtm/WRITE_KERN.sh
install -m 0744 run.sh /home/tuxbuild/.cache/tuxmake/builds/3/build/kselftest/lkdtm/WRITE_OPD.sh
install -m 0744 run.sh /home/tuxbuild/.cache/tuxmake/builds/3/build/kselftest/lkdtm/REFCOUNT_INC_OVERFLOW.sh
install -m 0744 run.sh /home/tuxbuild/.cache/tuxmake/builds/3/build/kselftest/lkdtm/REFCOUNT_ADD_OVERFLOW.sh
install -m 0744 run.sh /home/tuxbuild/.cache/tuxmake/builds/3/build/kselftest/lkdtm/REFCOUNT_INC_NOT_ZERO_OVERFLOW.sh
install -m 0744 run.sh /home/tuxbuild/.cache/tuxmake/builds/3/build/kselftest/lkdtm/REFCOUNT_ADD_NOT_ZERO_OVERFLOW.sh
install -m 0744 run.sh /home/tuxbuild/.cache/tuxmake/builds/3/build/kselftest/lkdtm/REFCOUNT_DEC_ZERO.sh
install -m 0744 run.sh /home/tuxbuild/.cache/tuxmake/builds/3/build/kselftest/lkdtm/REFCOUNT_DEC_NEGATIVE.sh
install -m 0744 run.sh /home/tuxbuild/.cache/tuxmake/builds/3/build/kselftest/lkdtm/REFCOUNT_DEC_AND_TEST_NEGATIVE.sh
install -m 0744 run.sh /home/tuxbuild/.cache/tuxmake/builds/3/build/kselftest/lkdtm/REFCOUNT_SUB_AND_TEST_NEGATIVE.sh
install -m 0744 run.sh /home/tuxbuild/.cache/tuxmake/builds/3/build/kselftest/lkdtm/REFCOUNT_INC_ZERO.sh
install -m 0744 run.sh /home/tuxbuild/.cache/tuxmake/builds/3/build/kselftest/lkdtm/REFCOUNT_ADD_ZERO.sh
install -m 0744 run.sh /home/tuxbuild/.cache/tuxmake/builds/3/build/kselftest/lkdtm/REFCOUNT_INC_SATURATED.sh
install -m 0744 run.sh /home/tuxbuild/.cache/tuxmake/builds/3/build/kselftest/lkdtm/REFCOUNT_DEC_SATURATED.sh
install -m 0744 run.sh /home/tuxbuild/.cache/tuxmake/builds/3/build/kselftest/lkdtm/REFCOUNT_ADD_SATURATED.sh
install -m 0744 run.sh /home/tuxbuild/.cache/tuxmake/builds/3/build/kselftest/lkdtm/REFCOUNT_INC_NOT_ZERO_SATURATED.sh
install -m 0744 run.sh /home/tuxbuild/.cache/tuxmake/builds/3/build/kselftest/lkdtm/REFCOUNT_ADD_NOT_ZERO_SATURATED.sh
install -m 0744 run.sh /home/tuxbuild/.cache/tuxmake/builds/3/build/kselftest/lkdtm/REFCOUNT_DEC_AND_TEST_SATURATED.sh
install -m 0744 run.sh /home/tuxbuild/.cache/tuxmake/builds/3/build/kselftest/lkdtm/REFCOUNT_SUB_AND_TEST_SATURATED.sh
install -m 0744 run.sh /home/tuxbuild/.cache/tuxmake/builds/3/build/kselftest/lkdtm/REFCOUNT_TIMING.sh
install -m 0744 run.sh /home/tuxbuild/.cache/tuxmake/builds/3/build/kselftest/lkdtm/ATOMIC_TIMING.sh
install -m 0744 run.sh /home/tuxbuild/.cache/tuxmake/builds/3/build/kselftest/lkdtm/USERCOPY_SLAB_SIZE_TO.sh
install -m 0744 run.sh /home/tuxbuild/.cache/tuxmake/builds/3/build/kselftest/lkdtm/USERCOPY_SLAB_SIZE_FROM.sh
install -m 0744 run.sh /home/tuxbuild/.cache/tuxmake/builds/3/build/kselftest/lkdtm/USERCOPY_SLAB_WHITELIST_TO.sh
install -m 0744 run.sh /home/tuxbuild/.cache/tuxmake/builds/3/build/kselftest/lkdtm/USERCOPY_SLAB_WHITELIST_FROM.sh
install -m 0744 run.sh /home/tuxbuild/.cache/tuxmake/builds/3/build/kselftest/lkdtm/USERCOPY_STACK_FRAME_TO.sh
install -m 0744 run.sh /home/tuxbuild/.cache/tuxmake/builds/3/build/kselftest/lkdtm/USERCOPY_STACK_FRAME_FROM.sh
install -m 0744 run.sh /home/tuxbuild/.cache/tuxmake/builds/3/build/kselftest/lkdtm/USERCOPY_STACK_BEYOND.sh
install -m 0744 run.sh /home/tuxbuild/.cache/tuxmake/builds/3/build/kselftest/lkdtm/USERCOPY_KERNEL.sh
install -m 0744 run.sh /home/tuxbuild/.cache/tuxmake/builds/3/build/kselftest/lkdtm/STACKLEAK_ERASING.sh
install -m 0744 run.sh /home/tuxbuild/.cache/tuxmake/builds/3/build/kselftest/lkdtm/CFI_FORWARD_PROTO.sh
install -m 0744 run.sh /home/tuxbuild/.cache/tuxmake/builds/3/build/kselftest/lkdtm/CFI_BACKWARD.sh
install -m 0744 run.sh /home/tuxbuild/.cache/tuxmake/builds/3/build/kselftest/lkdtm/FORTIFY_STRSCPY.sh
install -m 0744 run.sh /home/tuxbuild/.cache/tuxmake/builds/3/build/kselftest/lkdtm/FORTIFY_STR_OBJECT.sh
install -m 0744 run.sh /home/tuxbuild/.cache/tuxmake/builds/3/build/kselftest/lkdtm/FORTIFY_STR_MEMBER.sh
install -m 0744 run.sh /home/tuxbuild/.cache/tuxmake/builds/3/build/kselftest/lkdtm/FORTIFY_MEM_OBJECT.sh
install -m 0744 run.sh /home/tuxbuild/.cache/tuxmake/builds/3/build/kselftest/lkdtm/FORTIFY_MEM_MEMBER.sh
install -m 0744 run.sh /home/tuxbuild/.cache/tuxmake/builds/3/build/kselftest/lkdtm/PPC_SLB_MULTIHIT.sh
make[4]: Leaving directory '/builds/linux/tools/testing/selftests/lkdtm'
make[4]: Entering directory '/builds/linux/tools/testing/selftests/membarrier'
i686-linux-gnu-gcc -g -isystem /home/tuxbuild/.cache/tuxmake/builds/3/build/usr/include     membarrier_test_single_thread.c -lpthread -o /home/tuxbuild/.cache/tuxmake/builds/3/build/kselftest/membarrier/membarrier_test_single_thread
i686-linux-gnu-gcc -g -isystem /home/tuxbuild/.cache/tuxmake/builds/3/build/usr/include     membarrier_test_multi_thread.c -lpthread -o /home/tuxbuild/.cache/tuxmake/builds/3/build/kselftest/membarrier/membarrier_test_multi_thread
make[4]: Leaving directory '/builds/linux/tools/testing/selftests/membarrier'
make[4]: Entering directory '/builds/linux/tools/testing/selftests/memfd'
i686-linux-gnu-gcc -D_FILE_OFFSET_BITS=64 -isystem /home/tuxbuild/.cache/tuxmake/builds/3/build/usr/include     memfd_test.c common.c  -o /home/tuxbuild/.cache/tuxmake/builds/3/build/kselftest/memfd/memfd_test
i686-linux-gnu-gcc -D_FILE_OFFSET_BITS=64 -isystem /home/tuxbuild/.cache/tuxmake/builds/3/build/usr/include     fuse_test.c common.c  -o /home/tuxbuild/.cache/tuxmake/builds/3/build/kselftest/memfd/fuse_test
i686-linux-gnu-gcc -D_FILE_OFFSET_BITS=64 -isystem /home/tuxbuild/.cache/tuxmake/builds/3/build/usr/include     fuse_mnt.c -lfuse -pthread  -o /home/tuxbuild/.cache/tuxmake/builds/3/build/kselftest/memfd/fuse_mnt
make[4]: Leaving directory '/builds/linux/tools/testing/selftests/memfd'
make[4]: Entering directory '/builds/linux/tools/testing/selftests/memory-hotplug'
make[4]: Nothing to be done for 'all'.
make[4]: Leaving directory '/builds/linux/tools/testing/selftests/memory-hotplug'
make[4]: Entering directory '/builds/linux/tools/testing/selftests/mincore'
i686-linux-gnu-gcc -Wall     mincore_selftest.c  -o /home/tuxbuild/.cache/tuxmake/builds/3/build/kselftest/mincore/mincore_selftest
make[4]: Leaving directory '/builds/linux/tools/testing/selftests/mincore'
make[4]: Entering directory '/builds/linux/tools/testing/selftests/mount'
i686-linux-gnu-gcc -Wall -O2     unprivileged-remount-test.c  -o /home/tuxbuild/.cache/tuxmake/builds/3/build/kselftest/mount/unprivileged-remount-test
i686-linux-gnu-gcc -Wall -O2     nosymfollow-test.c  -o /home/tuxbuild/.cache/tuxmake/builds/3/build/kselftest/mount/nosymfollow-test
make[4]: Leaving directory '/builds/linux/tools/testing/selftests/mount'
make[4]: Entering directory '/builds/linux/tools/testing/selftests/mount_setattr'
i686-linux-gnu-gcc -g -isystem /home/tuxbuild/.cache/tuxmake/builds/3/build/usr/include -Wall -O2 -pthread     mount_setattr_test.c  -o /home/tuxbuild/.cache/tuxmake/builds/3/build/kselftest/mount_setattr/mount_setattr_test
make[4]: Leaving directory '/builds/linux/tools/testing/selftests/mount_setattr'
make[4]: Entering directory '/builds/linux/tools/testing/selftests/move_mount_set_group'
i686-linux-gnu-gcc -g -isystem /home/tuxbuild/.cache/tuxmake/builds/3/build/usr/include -Wall -O2     move_mount_set_group_test.c  -o /home/tuxbuild/.cache/tuxmake/builds/3/build/kselftest/move_mount_set_group/move_mount_set_group_test
make[4]: Leaving directory '/builds/linux/tools/testing/selftests/move_mount_set_group'
make[4]: Entering directory '/builds/linux/tools/testing/selftests/mqueue'
i686-linux-gnu-gcc -O2     mq_open_tests.c -lrt -lpthread -lpopt -o /home/tuxbuild/.cache/tuxmake/builds/3/build/kselftest/mqueue/mq_open_tests
i686-linux-gnu-gcc -O2     mq_perf_tests.c -lrt -lpthread -lpopt -o /home/tuxbuild/.cache/tuxmake/builds/3/build/kselftest/mqueue/mq_perf_tests
make[4]: Leaving directory '/builds/linux/tools/testing/selftests/mqueue'
make[4]: Entering directory '/builds/linux/tools/testing/selftests/nci'
i686-linux-gnu-gcc -Wl,-no-as-needed -Wall   -lpthread   nci_dev.c  -o /home/tuxbuild/.cache/tuxmake/builds/3/build/kselftest/nci/nci_dev
make[4]: Leaving directory '/builds/linux/tools/testing/selftests/nci'
make[4]: Entering directory '/builds/linux/tools/testing/selftests/net'
i686-linux-gnu-gcc -Wall -Wl,--no-as-needed -O2 -g -I../../../../usr/include/ -isystem /home/tuxbuild/.cache/tuxmake/builds/3/build/usr/include -I../     reuseport_bpf.c  -o /home/tuxbuild/.cache/tuxmake/builds/3/build/kselftest/net/reuseport_bpf
i686-linux-gnu-gcc -Wall -Wl,--no-as-needed -O2 -g -I../../../../usr/include/ -isystem /home/tuxbuild/.cache/tuxmake/builds/3/build/usr/include -I../     reuseport_bpf_cpu.c  -o /home/tuxbuild/.cache/tuxmake/builds/3/build/kselftest/net/reuseport_bpf_cpu
i686-linux-gnu-gcc -Wall -Wl,--no-as-needed -O2 -g -I../../../../usr/include/ -isystem /home/tuxbuild/.cache/tuxmake/builds/3/build/usr/include -I../     reuseport_bpf_numa.c -lnuma -o /home/tuxbuild/.cache/tuxmake/builds/3/build/kselftest/net/reuseport_bpf_numa
i686-linux-gnu-gcc -Wall -Wl,--no-as-needed -O2 -g -I../../../../usr/include/ -isystem /home/tuxbuild/.cache/tuxmake/builds/3/build/usr/include -I../     reuseport_dualstack.c  -o /home/tuxbuild/.cache/tuxmake/builds/3/build/kselftest/net/reuseport_dualstack
i686-linux-gnu-gcc -Wall -Wl,--no-as-needed -O2 -g -I../../../../usr/include/ -isystem /home/tuxbuild/.cache/tuxmake/builds/3/build/usr/include -I../     reuseaddr_conflict.c  -o /home/tuxbuild/.cache/tuxmake/builds/3/build/kselftest/net/reuseaddr_conflict
i686-linux-gnu-gcc -Wall -Wl,--no-as-needed -O2 -g -I../../../../usr/include/ -isystem /home/tuxbuild/.cache/tuxmake/builds/3/build/usr/include -I../     tls.c  -o /home/tuxbuild/.cache/tuxmake/builds/3/build/kselftest/net/tls
i686-linux-gnu-gcc -Wall -Wl,--no-as-needed -O2 -g -I../../../../usr/include/ -isystem /home/tuxbuild/.cache/tuxmake/builds/3/build/usr/include -I../     tun.c  -o /home/tuxbuild/.cache/tuxmake/builds/3/build/kselftest/net/tun
i686-linux-gnu-gcc -Wall -Wl,--no-as-needed -O2 -g -I../../../../usr/include/ -isystem /home/tuxbuild/.cache/tuxmake/builds/3/build/usr/include -I../     tap.c  -o /home/tuxbuild/.cache/tuxmake/builds/3/build/kselftest/net/tap
i686-linux-gnu-gcc -Wall -Wl,--no-as-needed -O2 -g -I../../../../usr/include/ -isystem /home/tuxbuild/.cache/tuxmake/builds/3/build/usr/include -I../     sk_bind_sendto_listen.c  -o /home/tuxbuild/.cache/tuxmake/builds/3/build/kselftest/net/sk_bind_sendto_listen
i686-linux-gnu-gcc -Wall -Wl,--no-as-needed -O2 -g -I../../../../usr/include/ -isystem /home/tuxbuild/.cache/tuxmake/builds/3/build/usr/include -I../     sk_connect_zero_addr.c  -o /home/tuxbuild/.cache/tuxmake/builds/3/build/kselftest/net/sk_connect_zero_addr
i686-linux-gnu-gcc -Wall -Wl,--no-as-needed -O2 -g -I../../../../usr/include/ -isystem /home/tuxbuild/.cache/tuxmake/builds/3/build/usr/include -I../     so_incoming_cpu.c  -o /home/tuxbuild/.cache/tuxmake/builds/3/build/kselftest/net/so_incoming_cpu
i686-linux-gnu-gcc -Wall -Wl,--no-as-needed -O2 -g -I../../../../usr/include/ -isystem /home/tuxbuild/.cache/tuxmake/builds/3/build/usr/include -I../     bind_wildcard.c  -o /home/tuxbuild/.cache/tuxmake/builds/3/build/kselftest/net/bind_wildcard
i686-linux-gnu-gcc -Wall -Wl,--no-as-needed -O2 -g -I../../../../usr/include/ -isystem /home/tuxbuild/.cache/tuxmake/builds/3/build/usr/include -I../     bind_timewait.c  -o /home/tuxbuild/.cache/tuxmake/builds/3/build/kselftest/net/bind_timewait
i686-linux-gnu-gcc -Wall -Wl,--no-as-needed -O2 -g -I../../../../usr/include/ -isystem /home/tuxbuild/.cache/tuxmake/builds/3/build/usr/include -I../     socket.c  -o /home/tuxbuild/.cache/tuxmake/builds/3/build/kselftest/net/socket
i686-linux-gnu-gcc -Wall -Wl,--no-as-needed -O2 -g -I../../../../usr/include/ -isystem /home/tuxbuild/.cache/tuxmake/builds/3/build/usr/include -I../     nettest.c  -o /home/tuxbuild/.cache/tuxmake/builds/3/build/kselftest/net/nettest
i686-linux-gnu-gcc -Wall -Wl,--no-as-needed -O2 -g -I../../../../usr/include/ -isystem /home/tuxbuild/.cache/tuxmake/builds/3/build/usr/include -I../     psock_fanout.c  -o /home/tuxbuild/.cache/tuxmake/builds/3/build/kselftest/net/psock_fanout
i686-linux-gnu-gcc -Wall -Wl,--no-as-needed -O2 -g -I../../../../usr/include/ -isystem /home/tuxbuild/.cache/tuxmake/builds/3/build/usr/include -I../     psock_tpacket.c  -o /home/tuxbuild/.cache/tuxmake/builds/3/build/kselftest/net/psock_tpacket
i686-linux-gnu-gcc -Wall -Wl,--no-as-needed -O2 -g -I../../../../usr/include/ -isystem /home/tuxbuild/.cache/tuxmake/builds/3/build/usr/include -I../     msg_zerocopy.c  -o /home/tuxbuild/.cache/tuxmake/builds/3/build/kselftest/net/msg_zerocopy
i686-linux-gnu-gcc -Wall -Wl,--no-as-needed -O2 -g -I../../../../usr/include/ -isystem /home/tuxbuild/.cache/tuxmake/builds/3/build/usr/include -I../     reuseport_addr_any.c  -o /home/tuxbuild/.cache/tuxmake/builds/3/build/kselftest/net/reuseport_addr_any
i686-linux-gnu-gcc -Wall -Wl,--no-as-needed -O2 -g -I../../../../usr/include/ -isystem /home/tuxbuild/.cache/tuxmake/builds/3/build/usr/include -I../     tcp_mmap.c -lpthread -lcrypto -o /home/tuxbuild/.cache/tuxmake/builds/3/build/kselftest/net/tcp_mmap
i686-linux-gnu-gcc -Wall -Wl,--no-as-needed -O2 -g -I../../../../usr/include/ -isystem /home/tuxbuild/.cache/tuxmake/builds/3/build/usr/include -I../     tcp_inq.c -lpthread -o /home/tuxbuild/.cache/tuxmake/builds/3/build/kselftest/net/tcp_inq
i686-linux-gnu-gcc -Wall -Wl,--no-as-needed -O2 -g -I../../../../usr/include/ -isystem /home/tuxbuild/.cache/tuxmake/builds/3/build/usr/include -I../     psock_snd.c  -o /home/tuxbuild/.cache/tuxmake/builds/3/build/kselftest/net/psock_snd
i686-linux-gnu-gcc -Wall -Wl,--no-as-needed -O2 -g -I../../../../usr/include/ -isystem /home/tuxbuild/.cache/tuxmake/builds/3/build/usr/include -I../     txring_overwrite.c  -o /home/tuxbuild/.cache/tuxmake/builds/3/build/kselftest/net/txring_overwrite
i686-linux-gnu-gcc -Wall -Wl,--no-as-needed -O2 -g -I../../../../usr/include/ -isystem /home/tuxbuild/.cache/tuxmake/builds/3/build/usr/include -I../     udpgso.c  -o /home/tuxbuild/.cache/tuxmake/builds/3/build/kselftest/net/udpgso
i686-linux-gnu-gcc -Wall -Wl,--no-as-needed -O2 -g -I../../../../usr/include/ -isystem /home/tuxbuild/.cache/tuxmake/builds/3/build/usr/include -I../     udpgso_bench_tx.c  -o /home/tuxbuild/.cache/tuxmake/builds/3/build/kselftest/net/udpgso_bench_tx
i686-linux-gnu-gcc -Wall -Wl,--no-as-needed -O2 -g -I../../../../usr/include/ -isystem /home/tuxbuild/.cache/tuxmake/builds/3/build/usr/include -I../     udpgso_bench_rx.c  -o /home/tuxbuild/.cache/tuxmake/builds/3/build/kselftest/net/udpgso_bench_rx
i686-linux-gnu-gcc -Wall -Wl,--no-as-needed -O2 -g -I../../../../usr/include/ -isystem /home/tuxbuild/.cache/tuxmake/builds/3/build/usr/include -I../     ip_defrag.c  -o /home/tuxbuild/.cache/tuxmake/builds/3/build/kselftest/net/ip_defrag
i686-linux-gnu-gcc -Wall -Wl,--no-as-needed -O2 -g -I../../../../usr/include/ -isystem /home/tuxbuild/.cache/tuxmake/builds/3/build/usr/include -I../     so_txtime.c  -o /home/tuxbuild/.cache/tuxmake/builds/3/build/kselftest/net/so_txtime
i686-linux-gnu-gcc -Wall -Wl,--no-as-needed -O2 -g -I../../../../usr/include/ -isystem /home/tuxbuild/.cache/tuxmake/builds/3/build/usr/include -I../     ipv6_flowlabel.c  -o /home/tuxbuild/.cache/tuxmake/builds/3/build/kselftest/net/ipv6_flowlabel
i686-linux-gnu-gcc -Wall -Wl,--no-as-needed -O2 -g -I../../../../usr/include/ -isystem /home/tuxbuild/.cache/tuxmake/builds/3/build/usr/include -I../     ipv6_flowlabel_mgr.c  -o /home/tuxbuild/.cache/tuxmake/builds/3/build/kselftest/net/ipv6_flowlabel_mgr
i686-linux-gnu-gcc -Wall -Wl,--no-as-needed -O2 -g -I../../../../usr/include/ -isystem /home/tuxbuild/.cache/tuxmake/builds/3/build/usr/include -I../     so_netns_cookie.c  -o /home/tuxbuild/.cache/tuxmake/builds/3/build/kselftest/net/so_netns_cookie
i686-linux-gnu-gcc -Wall -Wl,--no-as-needed -O2 -g -I../../../../usr/include/ -isystem /home/tuxbuild/.cache/tuxmake/builds/3/build/usr/include -I../     tcp_fastopen_backup_key.c  -o /home/tuxbuild/.cache/tuxmake/builds/3/build/kselftest/net/tcp_fastopen_backup_key
i686-linux-gnu-gcc -Wall -Wl,--no-as-needed -O2 -g -I../../../../usr/include/ -isystem /home/tuxbuild/.cache/tuxmake/builds/3/build/usr/include -I../     fin_ack_lat.c  -o /home/tuxbuild/.cache/tuxmake/builds/3/build/kselftest/net/fin_ack_lat
i686-linux-gnu-gcc -Wall -Wl,--no-as-needed -O2 -g -I../../../../usr/include/ -isystem /home/tuxbuild/.cache/tuxmake/builds/3/build/usr/include -I../     reuseaddr_ports_exhausted.c  -o /home/tuxbuild/.cache/tuxmake/builds/3/build/kselftest/net/reuseaddr_ports_exhausted
i686-linux-gnu-gcc -Wall -Wl,--no-as-needed -O2 -g -I../../../../usr/include/ -isystem /home/tuxbuild/.cache/tuxmake/builds/3/build/usr/include -I../     hwtstamp_config.c  -o /home/tuxbuild/.cache/tuxmake/builds/3/build/kselftest/net/hwtstamp_config
i686-linux-gnu-gcc -Wall -Wl,--no-as-needed -O2 -g -I../../../../usr/include/ -isystem /home/tuxbuild/.cache/tuxmake/builds/3/build/usr/include -I../     rxtimestamp.c  -o /home/tuxbuild/.cache/tuxmake/builds/3/build/kselftest/net/rxtimestamp
i686-linux-gnu-gcc -Wall -Wl,--no-as-needed -O2 -g -I../../../../usr/include/ -isystem /home/tuxbuild/.cache/tuxmake/builds/3/build/usr/include -I../     timestamping.c  -o /home/tuxbuild/.cache/tuxmake/builds/3/build/kselftest/net/timestamping
i686-linux-gnu-gcc -Wall -Wl,--no-as-needed -O2 -g -I../../../../usr/include/ -isystem /home/tuxbuild/.cache/tuxmake/builds/3/build/usr/include -I../     txtimestamp.c  -o /home/tuxbuild/.cache/tuxmake/builds/3/build/kselftest/net/txtimestamp
i686-linux-gnu-gcc -Wall -Wl,--no-as-needed -O2 -g -I../../../../usr/include/ -isystem /home/tuxbuild/.cache/tuxmake/builds/3/build/usr/include -I../     ipsec.c  -o /home/tuxbuild/.cache/tuxmake/builds/3/build/kselftest/net/ipsec
i686-linux-gnu-gcc -Wall -Wl,--no-as-needed -O2 -g -I../../../../usr/include/ -isystem /home/tuxbuild/.cache/tuxmake/builds/3/build/usr/include -I../     ioam6_parser.c  -o /home/tuxbuild/.cache/tuxmake/builds/3/build/kselftest/net/ioam6_parser
i686-linux-gnu-gcc -Wall -Wl,--no-as-needed -O2 -g -I../../../../usr/include/ -isystem /home/tuxbuild/.cache/tuxmake/builds/3/build/usr/include -I../     gro.c  -o /home/tuxbuild/.cache/tuxmake/builds/3/build/kselftest/net/gro
i686-linux-gnu-gcc -Wall -Wl,--no-as-needed -O2 -g -I../../../../usr/include/ -isystem /home/tuxbuild/.cache/tuxmake/builds/3/build/usr/include -I../     toeplitz.c  -o /home/tuxbuild/.cache/tuxmake/builds/3/build/kselftest/net/toeplitz
i686-linux-gnu-gcc -Wall -Wl,--no-as-needed -O2 -g -I../../../../usr/include/ -isystem /home/tuxbuild/.cache/tuxmake/builds/3/build/usr/include -I../     cmsg_sender.c  -o /home/tuxbuild/.cache/tuxmake/builds/3/build/kselftest/net/cmsg_sender
i686-linux-gnu-gcc -Wall -Wl,--no-as-needed -O2 -g -I../../../../usr/include/ -isystem /home/tuxbuild/.cache/tuxmake/builds/3/build/usr/include -I../     stress_reuseport_listen.c  -o /home/tuxbuild/.cache/tuxmake/builds/3/build/kselftest/net/stress_reuseport_listen
i686-linux-gnu-gcc -Wall -Wl,--no-as-needed -O2 -g -I../../../../usr/include/ -isystem /home/tuxbuild/.cache/tuxmake/builds/3/build/usr/include -I../     io_uring_zerocopy_tx.c  -o /home/tuxbuild/.cache/tuxmake/builds/3/build/kselftest/net/io_uring_zerocopy_tx
i686-linux-gnu-gcc -Wall -Wl,--no-as-needed -O2 -g -I../../../../usr/include/ -isystem /home/tuxbuild/.cache/tuxmake/builds/3/build/usr/include -I../     bind_bhash.c -lpthread -o /home/tuxbuild/.cache/tuxmake/builds/3/build/kselftest/net/bind_bhash
i686-linux-gnu-gcc -Wall -Wl,--no-as-needed -O2 -g -I../../../../usr/include/ -isystem /home/tuxbuild/.cache/tuxmake/builds/3/build/usr/include -I../     sctp_hello.c  -o /home/tuxbuild/.cache/tuxmake/builds/3/build/kselftest/net/sctp_hello
i686-linux-gnu-gcc -Wall -Wl,--no-as-needed -O2 -g -I../../../../usr/include/ -isystem /home/tuxbuild/.cache/tuxmake/builds/3/build/usr/include -I../     csum.c  -o /home/tuxbuild/.cache/tuxmake/builds/3/build/kselftest/net/csum
csum.c: In function 'recv_verify_packet_csum':
csum.c:712:50: warning: format '%lu' expects argument of type 'long unsigned int', but argument 4 has type 'size_t' {aka 'unsigned int'} [-Wformat=]
  712 |                         error(1, 0, "cmsg: len=%lu expected=%lu",
      |                                                ~~^
      |                                                  |
      |                                                  long unsigned int
      |                                                %u
  713 |                               cm->cmsg_len, CMSG_LEN(sizeof(struct tpacket_auxdata)));
      |                               ~~~~~~~~~~~~        
      |                                 |
      |                                 size_t {aka unsigned int}
csum.c:712:63: warning: format '%lu' expects argument of type 'long unsigned int', but argument 5 has type 'unsigned int' [-Wformat=]
  712 |                         error(1, 0, "cmsg: len=%lu expected=%lu",
      |                                                             ~~^
      |                                                               |
      |                                                               long unsigned int
      |                                                             %u
mkdir -p /home/tuxbuild/.cache/tuxmake/builds/3/build/kselftest/net/tools/build/libbpf
make  -C /builds/linux/tools/lib/bpf OUTPUT=/home/tuxbuild/.cache/tuxmake/builds/3/build/kselftest/net/tools/build/libbpf/     \
	    EXTRA_CFLAGS='-g -O0'				       \
	    DESTDIR=/home/tuxbuild/.cache/tuxmake/builds/3/build/kselftest/net/tools prefix= all install_headers
make[5]: Entering directory '/builds/linux/tools/lib/bpf'
  HOSTCC  /home/tuxbuild/.cache/tuxmake/builds/3/build/kselftest/net/tools/build/libbpf/fixdep.o
  HOSTLD  /home/tuxbuild/.cache/tuxmake/builds/3/build/kselftest/net/tools/build/libbpf/fixdep-in.o
  LINK    /home/tuxbuild/.cache/tuxmake/builds/3/build/kselftest/net/tools/build/libbpf/fixdep
  GEN     /home/tuxbuild/.cache/tuxmake/builds/3/build/kselftest/net/tools/build/libbpf/bpf_helper_defs.h
  MKDIR   /home/tuxbuild/.cache/tuxmake/builds/3/build/kselftest/net/tools/build/libbpf/staticobjs/
  CC      /home/tuxbuild/.cache/tuxmake/builds/3/build/kselftest/net/tools/build/libbpf/staticobjs/libbpf.o
  CC      /home/tuxbuild/.cache/tuxmake/builds/3/build/kselftest/net/tools/build/libbpf/staticobjs/bpf.o
  CC      /home/tuxbuild/.cache/tuxmake/builds/3/build/kselftest/net/tools/build/libbpf/staticobjs/nlattr.o
  CC      /home/tuxbuild/.cache/tuxmake/builds/3/build/kselftest/net/tools/build/libbpf/staticobjs/btf.o
  CC      /home/tuxbuild/.cache/tuxmake/builds/3/build/kselftest/net/tools/build/libbpf/staticobjs/libbpf_errno.o
  CC      /home/tuxbuild/.cache/tuxmake/builds/3/build/kselftest/net/tools/build/libbpf/staticobjs/str_error.o
  CC      /home/tuxbuild/.cache/tuxmake/builds/3/build/kselftest/net/tools/build/libbpf/staticobjs/netlink.o
  CC      /home/tuxbuild/.cache/tuxmake/builds/3/build/kselftest/net/tools/build/libbpf/staticobjs/bpf_prog_linfo.o
  CC      /home/tuxbuild/.cache/tuxmake/builds/3/build/kselftest/net/tools/build/libbpf/staticobjs/libbpf_probes.o
  CC      /home/tuxbuild/.cache/tuxmake/builds/3/build/kselftest/net/tools/build/libbpf/staticobjs/hashmap.o
  CC      /home/tuxbuild/.cache/tuxmake/builds/3/build/kselftest/net/tools/build/libbpf/staticobjs/btf_dump.o
  CC      /home/tuxbuild/.cache/tuxmake/builds/3/build/kselftest/net/tools/build/libbpf/staticobjs/ringbuf.o
  CC      /home/tuxbuild/.cache/tuxmake/builds/3/build/kselftest/net/tools/build/libbpf/staticobjs/strset.o
  CC      /home/tuxbuild/.cache/tuxmake/builds/3/build/kselftest/net/tools/build/libbpf/staticobjs/linker.o
  CC      /home/tuxbuild/.cache/tuxmake/builds/3/build/kselftest/net/tools/build/libbpf/staticobjs/gen_loader.o
  CC      /home/tuxbuild/.cache/tuxmake/builds/3/build/kselftest/net/tools/build/libbpf/staticobjs/relo_core.o
  CC      /home/tuxbuild/.cache/tuxmake/builds/3/build/kselftest/net/tools/build/libbpf/staticobjs/usdt.o
  CC      /home/tuxbuild/.cache/tuxmake/builds/3/build/kselftest/net/tools/build/libbpf/staticobjs/zip.o
  CC      /home/tuxbuild/.cache/tuxmake/builds/3/build/kselftest/net/tools/build/libbpf/staticobjs/elf.o
  LD      /home/tuxbuild/.cache/tuxmake/builds/3/build/kselftest/net/tools/build/libbpf/staticobjs/libbpf-in.o
  LINK    /home/tuxbuild/.cache/tuxmake/builds/3/build/kselftest/net/tools/build/libbpf/libbpf.a
Warning: Kernel ABI header at 'tools/include/uapi/linux/bpf.h' differs from latest version at 'include/uapi/linux/bpf.h'
Warning: Kernel ABI header at 'tools/include/uapi/linux/if_xdp.h' differs from latest version at 'include/uapi/linux/if_xdp.h'
  MKDIR   /home/tuxbuild/.cache/tuxmake/builds/3/build/kselftest/net/tools/build/libbpf/sharedobjs/
  CC      /home/tuxbuild/.cache/tuxmake/builds/3/build/kselftest/net/tools/build/libbpf/sharedobjs/libbpf.o
  CC      /home/tuxbuild/.cache/tuxmake/builds/3/build/kselftest/net/tools/build/libbpf/sharedobjs/bpf.o
  CC      /home/tuxbuild/.cache/tuxmake/builds/3/build/kselftest/net/tools/build/libbpf/sharedobjs/nlattr.o
  CC      /home/tuxbuild/.cache/tuxmake/builds/3/build/kselftest/net/tools/build/libbpf/sharedobjs/btf.o
  CC      /home/tuxbuild/.cache/tuxmake/builds/3/build/kselftest/net/tools/build/libbpf/sharedobjs/libbpf_errno.o
  CC      /home/tuxbuild/.cache/tuxmake/builds/3/build/kselftest/net/tools/build/libbpf/sharedobjs/str_error.o
  CC      /home/tuxbuild/.cache/tuxmake/builds/3/build/kselftest/net/tools/build/libbpf/sharedobjs/netlink.o
  CC      /home/tuxbuild/.cache/tuxmake/builds/3/build/kselftest/net/tools/build/libbpf/sharedobjs/bpf_prog_linfo.o
  CC      /home/tuxbuild/.cache/tuxmake/builds/3/build/kselftest/net/tools/build/libbpf/sharedobjs/libbpf_probes.o
  CC      /home/tuxbuild/.cache/tuxmake/builds/3/build/kselftest/net/tools/build/libbpf/sharedobjs/hashmap.o
  CC      /home/tuxbuild/.cache/tuxmake/builds/3/build/kselftest/net/tools/build/libbpf/sharedobjs/btf_dump.o
  CC      /home/tuxbuild/.cache/tuxmake/builds/3/build/kselftest/net/tools/build/libbpf/sharedobjs/ringbuf.o
  CC      /home/tuxbuild/.cache/tuxmake/builds/3/build/kselftest/net/tools/build/libbpf/sharedobjs/strset.o
  CC      /home/tuxbuild/.cache/tuxmake/builds/3/build/kselftest/net/tools/build/libbpf/sharedobjs/linker.o
  CC      /home/tuxbuild/.cache/tuxmake/builds/3/build/kselftest/net/tools/build/libbpf/sharedobjs/gen_loader.o
  CC      /home/tuxbuild/.cache/tuxmake/builds/3/build/kselftest/net/tools/build/libbpf/sharedobjs/relo_core.o
  CC      /home/tuxbuild/.cache/tuxmake/builds/3/build/kselftest/net/tools/build/libbpf/sharedobjs/usdt.o
  CC      /home/tuxbuild/.cache/tuxmake/builds/3/build/kselftest/net/tools/build/libbpf/sharedobjs/zip.o
  CC      /home/tuxbuild/.cache/tuxmake/builds/3/build/kselftest/net/tools/build/libbpf/sharedobjs/elf.o
  LD      /home/tuxbuild/.cache/tuxmake/builds/3/build/kselftest/net/tools/build/libbpf/sharedobjs/libbpf-in.o
  LINK    /home/tuxbuild/.cache/tuxmake/builds/3/build/kselftest/net/tools/build/libbpf/libbpf.so.1.3.0
  GEN     /home/tuxbuild/.cache/tuxmake/builds/3/build/kselftest/net/tools/build/libbpf/libbpf.pc
  INSTALL /home/tuxbuild/.cache/tuxmake/builds/3/build/kselftest/net/tools/include/bpf/bpf.h
  INSTALL /home/tuxbuild/.cache/tuxmake/builds/3/build/kselftest/net/tools/include/bpf/libbpf.h
  INSTALL /home/tuxbuild/.cache/tuxmake/builds/3/build/kselftest/net/tools/include/bpf/btf.h
  INSTALL /home/tuxbuild/.cache/tuxmake/builds/3/build/kselftest/net/tools/include/bpf/libbpf_common.h
  INSTALL /home/tuxbuild/.cache/tuxmake/builds/3/build/kselftest/net/tools/include/bpf/libbpf_legacy.h
  INSTALL /home/tuxbuild/.cache/tuxmake/builds/3/build/kselftest/net/tools/include/bpf/bpf_helpers.h
  INSTALL /home/tuxbuild/.cache/tuxmake/builds/3/build/kselftest/net/tools/include/bpf/bpf_tracing.h
  INSTALL /home/tuxbuild/.cache/tuxmake/builds/3/build/kselftest/net/tools/include/bpf/bpf_endian.h
  INSTALL /home/tuxbuild/.cache/tuxmake/builds/3/build/kselftest/net/tools/include/bpf/bpf_core_read.h
  INSTALL /home/tuxbuild/.cache/tuxmake/builds/3/build/kselftest/net/tools/include/bpf/skel_internal.h
  INSTALL /home/tuxbuild/.cache/tuxmake/builds/3/build/kselftest/net/tools/include/bpf/libbpf_version.h
  INSTALL /home/tuxbuild/.cache/tuxmake/builds/3/build/kselftest/net/tools/include/bpf/usdt.bpf.h
  INSTALL /home/tuxbuild/.cache/tuxmake/builds/3/build/kselftest/net/tools/include/bpf/bpf_helper_defs.h
  INSTALL libbpf_headers
make[5]: Leaving directory '/builds/linux/tools/lib/bpf'
/bin/sh: 1: clang: not found
clang -O2 --target=bpf -c nat6to4.c -I../bpf -I../../../../usr/include/ -I/home/tuxbuild/.cache/tuxmake/builds/3/build/kselftest/net/tools/include   -o /home/tuxbuild/.cache/tuxmake/builds/3/build/kselftest/net/nat6to4.o
make[4]: clang: No such file or directory
make[4]: *** [Makefile:141: /home/tuxbuild/.cache/tuxmake/builds/3/build/kselftest/net/nat6to4.o] Error 127
make[4]: Leaving directory '/builds/linux/tools/testing/selftests/net'
make[4]: Entering directory '/builds/linux/tools/testing/selftests/net/af_unix'
i686-linux-gnu-gcc -isystem /home/tuxbuild/.cache/tuxmake/builds/3/build/usr/include     diag_uid.c  -o /home/tuxbuild/.cache/tuxmake/builds/3/build/kselftest/net/af_unix/diag_uid
i686-linux-gnu-gcc -isystem /home/tuxbuild/.cache/tuxmake/builds/3/build/usr/include     test_unix_oob.c  -o /home/tuxbuild/.cache/tuxmake/builds/3/build/kselftest/net/af_unix/test_unix_oob
i686-linux-gnu-gcc -isystem /home/tuxbuild/.cache/tuxmake/builds/3/build/usr/include     unix_connect.c  -o /home/tuxbuild/.cache/tuxmake/builds/3/build/kselftest/net/af_unix/unix_connect
i686-linux-gnu-gcc -isystem /home/tuxbuild/.cache/tuxmake/builds/3/build/usr/include     scm_pidfd.c  -o /home/tuxbuild/.cache/tuxmake/builds/3/build/kselftest/net/af_unix/scm_pidfd
make[4]: Leaving directory '/builds/linux/tools/testing/selftests/net/af_unix'
make[4]: Entering directory '/builds/linux/tools/testing/selftests/net/forwarding'
make[4]: Nothing to be done for 'all'.
make[4]: Leaving directory '/builds/linux/tools/testing/selftests/net/forwarding'
make[4]: Entering directory '/builds/linux/tools/testing/selftests/net/hsr'
make[4]: Nothing to be done for 'all'.
make[4]: Leaving directory '/builds/linux/tools/testing/selftests/net/hsr'
make[4]: Entering directory '/builds/linux/tools/testing/selftests/net/mptcp'
i686-linux-gnu-gcc -Wall -Wl,--no-as-needed -O2 -g -I/builds/linux/tools/testing/selftests/../../../usr/include -isystem /home/tuxbuild/.cache/tuxmake/builds/3/build/usr/include     mptcp_connect.c  -o /home/tuxbuild/.cache/tuxmake/builds/3/build/kselftest/net/mptcp/mptcp_connect
i686-linux-gnu-gcc -Wall -Wl,--no-as-needed -O2 -g -I/builds/linux/tools/testing/selftests/../../../usr/include -isystem /home/tuxbuild/.cache/tuxmake/builds/3/build/usr/include     pm_nl_ctl.c  -o /home/tuxbuild/.cache/tuxmake/builds/3/build/kselftest/net/mptcp/pm_nl_ctl
pm_nl_ctl.c: In function 'nl_error':
pm_nl_ctl.c:76:71: warning: format '%ld' expects argument of type 'long int', but argument 5 has type 'unsigned int' [-Wformat=]
   76 |                 error(1, 0, "netlink error message truncated %d min %ld", len,
      |                                                                     ~~^
      |                                                                       |
      |                                                                       long int
      |                                                                     %d
   77 |                       sizeof(struct nlmsgerr));
      |                       ~~~~~~~~~~~~~~~~~~~~~~~                          
      |                       |
      |                       unsigned int
i686-linux-gnu-gcc -Wall -Wl,--no-as-needed -O2 -g -I/builds/linux/tools/testing/selftests/../../../usr/include -isystem /home/tuxbuild/.cache/tuxmake/builds/3/build/usr/include     mptcp_sockopt.c  -o /home/tuxbuild/.cache/tuxmake/builds/3/build/kselftest/net/mptcp/mptcp_sockopt
i686-linux-gnu-gcc -Wall -Wl,--no-as-needed -O2 -g -I/builds/linux/tools/testing/selftests/../../../usr/include -isystem /home/tuxbuild/.cache/tuxmake/builds/3/build/usr/include     mptcp_inq.c  -o /home/tuxbuild/.cache/tuxmake/builds/3/build/kselftest/net/mptcp/mptcp_inq
make[4]: Leaving directory '/builds/linux/tools/testing/selftests/net/mptcp'
make[4]: Entering directory '/builds/linux/tools/testing/selftests/net/openvswitch'
make[4]: Nothing to be done for 'all'.
make[4]: Leaving directory '/builds/linux/tools/testing/selftests/net/openvswitch'
make[4]: Entering directory '/builds/linux/tools/testing/selftests/netfilter'
i686-linux-gnu-gcc      nf-queue.c -lmnl  -o /home/tuxbuild/.cache/tuxmake/builds/3/build/kselftest/netfilter/nf-queue
i686-linux-gnu-gcc      connect_close.c -lmnl  -o /home/tuxbuild/.cache/tuxmake/builds/3/build/kselftest/netfilter/connect_close
i686-linux-gnu-gcc      audit_logread.c -lmnl  -o /home/tuxbuild/.cache/tuxmake/builds/3/build/kselftest/netfilter/audit_logread
i686-linux-gnu-gcc      sctp_collision.c -lmnl  -o /home/tuxbuild/.cache/tuxmake/builds/3/build/kselftest/netfilter/sctp_collision
make[4]: Leaving directory '/builds/linux/tools/testing/selftests/netfilter'
make[4]: Entering directory '/builds/linux/tools/testing/selftests/nsfs'
i686-linux-gnu-gcc -Wall -Werror    owner.c  -o /home/tuxbuild/.cache/tuxmake/builds/3/build/kselftest/nsfs/owner
i686-linux-gnu-gcc -Wall -Werror    pidns.c  -o /home/tuxbuild/.cache/tuxmake/builds/3/build/kselftest/nsfs/pidns
make[4]: Leaving directory '/builds/linux/tools/testing/selftests/nsfs'
make[4]: Entering directory '/builds/linux/tools/testing/selftests/perf_events'
i686-linux-gnu-gcc -Wl,-no-as-needed -Wall -isystem /home/tuxbuild/.cache/tuxmake/builds/3/build/usr/include   -lpthread   sigtrap_threads.c  -o /home/tuxbuild/.cache/tuxmake/builds/3/build/kselftest/perf_events/sigtrap_threads
i686-linux-gnu-gcc -Wl,-no-as-needed -Wall -isystem /home/tuxbuild/.cache/tuxmake/builds/3/build/usr/include   -lpthread   remove_on_exec.c  -o /home/tuxbuild/.cache/tuxmake/builds/3/build/kselftest/perf_events/remove_on_exec
make[4]: Leaving directory '/builds/linux/tools/testing/selftests/perf_events'
make[4]: Entering directory '/builds/linux/tools/testing/selftests/pidfd'
i686-linux-gnu-gcc -g -isystem /home/tuxbuild/.cache/tuxmake/builds/3/build/usr/include -pthread -Wall     pidfd_test.c  -o /home/tuxbuild/.cache/tuxmake/builds/3/build/kselftest/pidfd/pidfd_test
i686-linux-gnu-gcc -g -isystem /home/tuxbuild/.cache/tuxmake/builds/3/build/usr/include -pthread -Wall     pidfd_fdinfo_test.c  -o /home/tuxbuild/.cache/tuxmake/builds/3/build/kselftest/pidfd/pidfd_fdinfo_test
i686-linux-gnu-gcc -g -isystem /home/tuxbuild/.cache/tuxmake/builds/3/build/usr/include -pthread -Wall     pidfd_open_test.c  -o /home/tuxbuild/.cache/tuxmake/builds/3/build/kselftest/pidfd/pidfd_open_test
i686-linux-gnu-gcc -g -isystem /home/tuxbuild/.cache/tuxmake/builds/3/build/usr/include -pthread -Wall     pidfd_poll_test.c  -o /home/tuxbuild/.cache/tuxmake/builds/3/build/kselftest/pidfd/pidfd_poll_test
i686-linux-gnu-gcc -g -isystem /home/tuxbuild/.cache/tuxmake/builds/3/build/usr/include -pthread -Wall     pidfd_wait.c  -o /home/tuxbuild/.cache/tuxmake/builds/3/build/kselftest/pidfd/pidfd_wait
i686-linux-gnu-gcc -g -isystem /home/tuxbuild/.cache/tuxmake/builds/3/build/usr/include -pthread -Wall     pidfd_getfd_test.c  -o /home/tuxbuild/.cache/tuxmake/builds/3/build/kselftest/pidfd/pidfd_getfd_test
i686-linux-gnu-gcc -g -isystem /home/tuxbuild/.cache/tuxmake/builds/3/build/usr/include -pthread -Wall     pidfd_setns_test.c  -o /home/tuxbuild/.cache/tuxmake/builds/3/build/kselftest/pidfd/pidfd_setns_test
make[4]: Leaving directory '/builds/linux/tools/testing/selftests/pidfd'
make[4]: Entering directory '/builds/linux/tools/testing/selftests/pid_namespace'
i686-linux-gnu-gcc -g -isystem /home/tuxbuild/.cache/tuxmake/builds/3/build/usr/include     regression_enomem.c  -o /home/tuxbuild/.cache/tuxmake/builds/3/build/kselftest/pid_namespace/regression_enomem
make[4]: Leaving directory '/builds/linux/tools/testing/selftests/pid_namespace'
make[4]: Entering directory '/builds/linux/tools/testing/selftests/powerpc'
Makefile:63: warning: overriding recipe for target 'emit_tests'
../lib.mk:138: warning: ignoring old recipe for target 'emit_tests'
make[4]: Nothing to be done for 'all'.
make[4]: Leaving directory '/builds/linux/tools/testing/selftests/powerpc'
make[4]: Entering directory '/builds/linux/tools/testing/selftests/prctl'
make[4]: Leaving directory '/builds/linux/tools/testing/selftests/prctl'
make[4]: *** No targets.  Stop.
make[4]: Entering directory '/builds/linux/tools/testing/selftests/proc'
i686-linux-gnu-gcc -Wall -O2 -Wno-unused-function -D_GNU_SOURCE   -pthread   fd-001-lookup.c  -o /home/tuxbuild/.cache/tuxmake/builds/3/build/kselftest/proc/fd-001-lookup
i686-linux-gnu-gcc -Wall -O2 -Wno-unused-function -D_GNU_SOURCE   -pthread   fd-002-posix-eq.c  -o /home/tuxbuild/.cache/tuxmake/builds/3/build/kselftest/proc/fd-002-posix-eq
i686-linux-gnu-gcc -Wall -O2 -Wno-unused-function -D_GNU_SOURCE   -pthread   fd-003-kthread.c  -o /home/tuxbuild/.cache/tuxmake/builds/3/build/kselftest/proc/fd-003-kthread
i686-linux-gnu-gcc -Wall -O2 -Wno-unused-function -D_GNU_SOURCE   -pthread   proc-loadavg-001.c  -o /home/tuxbuild/.cache/tuxmake/builds/3/build/kselftest/proc/proc-loadavg-001
i686-linux-gnu-gcc -Wall -O2 -Wno-unused-function -D_GNU_SOURCE   -pthread   proc-empty-vm.c  -o /home/tuxbuild/.cache/tuxmake/builds/3/build/kselftest/proc/proc-empty-vm
i686-linux-gnu-gcc -Wall -O2 -Wno-unused-function -D_GNU_SOURCE   -pthread   proc-pid-vm.c  -o /home/tuxbuild/.cache/tuxmake/builds/3/build/kselftest/proc/proc-pid-vm
proc-pid-vm.c:225:19: warning: 'str_vsyscall_2' defined but not used [-Wunused-const-variable=]
  225 | static const char str_vsyscall_2[] =
      |                   ^~~~~~~~~~~~~~
proc-pid-vm.c:223:19: warning: 'str_vsyscall_1' defined but not used [-Wunused-const-variable=]
  223 | static const char str_vsyscall_1[] =
      |                   ^~~~~~~~~~~~~~
proc-pid-vm.c:222:19: warning: 'str_vsyscall_0' defined but not used [-Wunused-const-variable=]
  222 | static const char str_vsyscall_0[] = "";
      |                   ^~~~~~~~~~~~~~
proc-pid-vm.c:220:20: warning: 'str_vsyscall' defined but not used [-Wunused-variable]
  220 | static const char *str_vsyscall;
      |                    ^~~~~~~~~~~~
i686-linux-gnu-gcc -Wall -O2 -Wno-unused-function -D_GNU_SOURCE   -pthread   proc-self-map-files-001.c  -o /home/tuxbuild/.cache/tuxmake/builds/3/build/kselftest/proc/proc-self-map-files-001
i686-linux-gnu-gcc -Wall -O2 -Wno-unused-function -D_GNU_SOURCE   -pthread   proc-self-map-files-002.c  -o /home/tuxbuild/.cache/tuxmake/builds/3/build/kselftest/proc/proc-self-map-files-002
i686-linux-gnu-gcc -Wall -O2 -Wno-unused-function -D_GNU_SOURCE   -pthread   proc-self-syscall.c  -o /home/tuxbuild/.cache/tuxmake/builds/3/build/kselftest/proc/proc-self-syscall
i686-linux-gnu-gcc -Wall -O2 -Wno-unused-function -D_GNU_SOURCE   -pthread   proc-self-wchan.c  -o /home/tuxbuild/.cache/tuxmake/builds/3/build/kselftest/proc/proc-self-wchan
i686-linux-gnu-gcc -Wall -O2 -Wno-unused-function -D_GNU_SOURCE   -pthread   proc-subset-pid.c  -o /home/tuxbuild/.cache/tuxmake/builds/3/build/kselftest/proc/proc-subset-pid
i686-linux-gnu-gcc -Wall -O2 -Wno-unused-function -D_GNU_SOURCE   -pthread   proc-tid0.c  -o /home/tuxbuild/.cache/tuxmake/builds/3/build/kselftest/proc/proc-tid0
i686-linux-gnu-gcc -Wall -O2 -Wno-unused-function -D_GNU_SOURCE   -pthread   proc-uptime-001.c  -o /home/tuxbuild/.cache/tuxmake/builds/3/build/kselftest/proc/proc-uptime-001
i686-linux-gnu-gcc -Wall -O2 -Wno-unused-function -D_GNU_SOURCE   -pthread   proc-uptime-002.c  -o /home/tuxbuild/.cache/tuxmake/builds/3/build/kselftest/proc/proc-uptime-002
i686-linux-gnu-gcc -Wall -O2 -Wno-unused-function -D_GNU_SOURCE   -pthread   read.c  -o /home/tuxbuild/.cache/tuxmake/builds/3/build/kselftest/proc/read
i686-linux-gnu-gcc -Wall -O2 -Wno-unused-function -D_GNU_SOURCE   -pthread   self.c  -o /home/tuxbuild/.cache/tuxmake/builds/3/build/kselftest/proc/self
i686-linux-gnu-gcc -Wall -O2 -Wno-unused-function -D_GNU_SOURCE   -pthread   setns-dcache.c  -o /home/tuxbuild/.cache/tuxmake/builds/3/build/kselftest/proc/setns-dcache
i686-linux-gnu-gcc -Wall -O2 -Wno-unused-function -D_GNU_SOURCE   -pthread   setns-sysvipc.c  -o /home/tuxbuild/.cache/tuxmake/builds/3/build/kselftest/proc/setns-sysvipc
i686-linux-gnu-gcc -Wall -O2 -Wno-unused-function -D_GNU_SOURCE   -pthread   thread-self.c  -o /home/tuxbuild/.cache/tuxmake/builds/3/build/kselftest/proc/thread-self
i686-linux-gnu-gcc -Wall -O2 -Wno-unused-function -D_GNU_SOURCE   -pthread   proc-multiple-procfs.c  -o /home/tuxbuild/.cache/tuxmake/builds/3/build/kselftest/proc/proc-multiple-procfs
i686-linux-gnu-gcc -Wall -O2 -Wno-unused-function -D_GNU_SOURCE   -pthread   proc-fsconfig-hidepid.c  -o /home/tuxbuild/.cache/tuxmake/builds/3/build/kselftest/proc/proc-fsconfig-hidepid
make[4]: Leaving directory '/builds/linux/tools/testing/selftests/proc'
make[4]: Entering directory '/builds/linux/tools/testing/selftests/pstore'
make[4]: Nothing to be done for 'all'.
make[4]: Leaving directory '/builds/linux/tools/testing/selftests/pstore'
make[4]: Entering directory '/builds/linux/tools/testing/selftests/ptrace'
i686-linux-gnu-gcc -std=c99 -pthread -Wall -isystem /home/tuxbuild/.cache/tuxmake/builds/3/build/usr/include     get_syscall_info.c  -o /home/tuxbuild/.cache/tuxmake/builds/3/build/kselftest/ptrace/get_syscall_info
i686-linux-gnu-gcc -std=c99 -pthread -Wall -isystem /home/tuxbuild/.cache/tuxmake/builds/3/build/usr/include     peeksiginfo.c  -o /home/tuxbuild/.cache/tuxmake/builds/3/build/kselftest/ptrace/peeksiginfo
i686-linux-gnu-gcc -std=c99 -pthread -Wall -isystem /home/tuxbuild/.cache/tuxmake/builds/3/build/usr/include     vmaccess.c  -o /home/tuxbuild/.cache/tuxmake/builds/3/build/kselftest/ptrace/vmaccess
i686-linux-gnu-gcc -std=c99 -pthread -Wall -isystem /home/tuxbuild/.cache/tuxmake/builds/3/build/usr/include     get_set_sud.c  -o /home/tuxbuild/.cache/tuxmake/builds/3/build/kselftest/ptrace/get_set_sud
make[4]: Leaving directory '/builds/linux/tools/testing/selftests/ptrace'
make[4]: Entering directory '/builds/linux/tools/testing/selftests/openat2'
i686-linux-gnu-gcc -Wall -O2 -g -fsanitize=address -fsanitize=undefined -static-libasan     openat2_test.c helpers.c helpers.h  -o /home/tuxbuild/.cache/tuxmake/builds/3/build/kselftest/openat2/openat2_test
i686-linux-gnu-gcc -Wall -O2 -g -fsanitize=address -fsanitize=undefined -static-libasan     resolve_test.c helpers.c helpers.h  -o /home/tuxbuild/.cache/tuxmake/builds/3/build/kselftest/openat2/resolve_test
i686-linux-gnu-gcc -Wall -O2 -g -fsanitize=address -fsanitize=undefined -static-libasan     rename_attack_test.c helpers.c helpers.h  -o /home/tuxbuild/.cache/tuxmake/builds/3/build/kselftest/openat2/rename_attack_test
make[4]: Leaving directory '/builds/linux/tools/testing/selftests/openat2'
make[4]: Entering directory '/builds/linux/tools/testing/selftests/resctrl'
i686-linux-gnu-gcc -g -Wall -O2 -D_FORTIFY_SOURCE=2 -D_GNU_SOURCE -isystem /home/tuxbuild/.cache/tuxmake/builds/3/build/usr/include     resctrl_tests.c cache.c cat_test.c cmt_test.c fill_buf.c mba_test.c mbm_test.c resctrl_val.c resctrlfs.c  -o /home/tuxbuild/.cache/tuxmake/builds/3/build/kselftest/resctrl/resctrl_tests
make[4]: Leaving directory '/builds/linux/tools/testing/selftests/resctrl'
make[4]: Entering directory '/builds/linux/tools/testing/selftests/riscv'
make[4]: Leaving directory '/builds/linux/tools/testing/selftests/riscv'
make[4]: Entering directory '/builds/linux/tools/testing/selftests/rlimits'
i686-linux-gnu-gcc -Wall -O2 -g     rlimits-per-userns.c  -o /home/tuxbuild/.cache/tuxmake/builds/3/build/kselftest/rlimits/rlimits-per-userns
make[4]: Leaving directory '/builds/linux/tools/testing/selftests/rlimits'
make[4]: Entering directory '/builds/linux/tools/testing/selftests/rseq'
i686-linux-gnu-gcc -O2 -Wall -g -I./ -isystem /home/tuxbuild/.cache/tuxmake/builds/3/build/usr/include -L/home/tuxbuild/.cache/tuxmake/builds/3/build/kselftest/rseq -Wl,-rpath=./  -I/builds/linux/tools/testing/selftests/../../../tools/include  -shared -fPIC rseq.c -lpthread -ldl -o /home/tuxbuild/.cache/tuxmake/builds/3/build/kselftest/rseq/librseq.so
i686-linux-gnu-gcc -O2 -Wall -g -I./ -isystem /home/tuxbuild/.cache/tuxmake/builds/3/build/usr/include -L/home/tuxbuild/.cache/tuxmake/builds/3/build/kselftest/rseq -Wl,-rpath=./  -I/builds/linux/tools/testing/selftests/../../../tools/include  basic_test.c -lpthread -ldl -lrseq -o /home/tuxbuild/.cache/tuxmake/builds/3/build/kselftest/rseq/basic_test
i686-linux-gnu-gcc -O2 -Wall -g -I./ -isystem /home/tuxbuild/.cache/tuxmake/builds/3/build/usr/include -L/home/tuxbuild/.cache/tuxmake/builds/3/build/kselftest/rseq -Wl,-rpath=./  -I/builds/linux/tools/testing/selftests/../../../tools/include  basic_percpu_ops_test.c -lpthread -ldl -lrseq -o /home/tuxbuild/.cache/tuxmake/builds/3/build/kselftest/rseq/basic_percpu_ops_test
/usr/lib/gcc-cross/i686-linux-gnu/13/../../../../i686-linux-gnu/bin/ld: /tmp/ccgaGw5z.o: warning: relocation in read-only section `.text'
/usr/lib/gcc-cross/i686-linux-gnu/13/../../../../i686-linux-gnu/bin/ld: warning: creating DT_TEXTREL in a PIE
i686-linux-gnu-gcc -O2 -Wall -g -I./ -isystem /home/tuxbuild/.cache/tuxmake/builds/3/build/usr/include -L/home/tuxbuild/.cache/tuxmake/builds/3/build/kselftest/rseq -Wl,-rpath=./  -I/builds/linux/tools/testing/selftests/../../../tools/include  -DBUILDOPT_RSEQ_PERCPU_MM_CID basic_percpu_ops_test.c -lpthread -ldl -lrseq -o /home/tuxbuild/.cache/tuxmake/builds/3/build/kselftest/rseq/basic_percpu_ops_mm_cid_test
/usr/lib/gcc-cross/i686-linux-gnu/13/../../../../i686-linux-gnu/bin/ld: /tmp/cccG2bRm.o: warning: relocation in read-only section `.text'
/usr/lib/gcc-cross/i686-linux-gnu/13/../../../../i686-linux-gnu/bin/ld: warning: creating DT_TEXTREL in a PIE
i686-linux-gnu-gcc -O2 -Wall -g -I./ -isystem /home/tuxbuild/.cache/tuxmake/builds/3/build/usr/include -L/home/tuxbuild/.cache/tuxmake/builds/3/build/kselftest/rseq -Wl,-rpath=./  -I/builds/linux/tools/testing/selftests/../../../tools/include  param_test.c -lpthread -ldl -lrseq -o /home/tuxbuild/.cache/tuxmake/builds/3/build/kselftest/rseq/param_test
/usr/lib/gcc-cross/i686-linux-gnu/13/../../../../i686-linux-gnu/bin/ld: /tmp/ccvyLu0o.o: warning: relocation in read-only section `.text'
/usr/lib/gcc-cross/i686-linux-gnu/13/../../../../i686-linux-gnu/bin/ld: warning: creating DT_TEXTREL in a PIE
i686-linux-gnu-gcc -O2 -Wall -g -I./ -isystem /home/tuxbuild/.cache/tuxmake/builds/3/build/usr/include -L/home/tuxbuild/.cache/tuxmake/builds/3/build/kselftest/rseq -Wl,-rpath=./  -I/builds/linux/tools/testing/selftests/../../../tools/include  -DBENCHMARK param_test.c -lpthread -ldl -lrseq -o /home/tuxbuild/.cache/tuxmake/builds/3/build/kselftest/rseq/param_test_benchmark
/usr/lib/gcc-cross/i686-linux-gnu/13/../../../../i686-linux-gnu/bin/ld: /tmp/ccrN1iF9.o: warning: relocation in read-only section `.text'
/usr/lib/gcc-cross/i686-linux-gnu/13/../../../../i686-linux-gnu/bin/ld: warning: creating DT_TEXTREL in a PIE
i686-linux-gnu-gcc -O2 -Wall -g -I./ -isystem /home/tuxbuild/.cache/tuxmake/builds/3/build/usr/include -L/home/tuxbuild/.cache/tuxmake/builds/3/build/kselftest/rseq -Wl,-rpath=./  -I/builds/linux/tools/testing/selftests/../../../tools/include  -DRSEQ_COMPARE_TWICE param_test.c -lpthread -ldl -lrseq -o /home/tuxbuild/.cache/tuxmake/builds/3/build/kselftest/rseq/param_test_compare_twice
/usr/lib/gcc-cross/i686-linux-gnu/13/../../../../i686-linux-gnu/bin/ld: /tmp/ccJGoW4m.o: warning: relocation in read-only section `.text'
/usr/lib/gcc-cross/i686-linux-gnu/13/../../../../i686-linux-gnu/bin/ld: warning: creating DT_TEXTREL in a PIE
i686-linux-gnu-gcc -O2 -Wall -g -I./ -isystem /home/tuxbuild/.cache/tuxmake/builds/3/build/usr/include -L/home/tuxbuild/.cache/tuxmake/builds/3/build/kselftest/rseq -Wl,-rpath=./  -I/builds/linux/tools/testing/selftests/../../../tools/include  -DBUILDOPT_RSEQ_PERCPU_MM_CID param_test.c -lpthread -ldl -lrseq -o /home/tuxbuild/.cache/tuxmake/builds/3/build/kselftest/rseq/param_test_mm_cid
/usr/lib/gcc-cross/i686-linux-gnu/13/../../../../i686-linux-gnu/bin/ld: /tmp/cc1kj1DT.o: warning: relocation in read-only section `.text'
/usr/lib/gcc-cross/i686-linux-gnu/13/../../../../i686-linux-gnu/bin/ld: warning: creating DT_TEXTREL in a PIE
i686-linux-gnu-gcc -O2 -Wall -g -I./ -isystem /home/tuxbuild/.cache/tuxmake/builds/3/build/usr/include -L/home/tuxbuild/.cache/tuxmake/builds/3/build/kselftest/rseq -Wl,-rpath=./  -I/builds/linux/tools/testing/selftests/../../../tools/include  -DBUILDOPT_RSEQ_PERCPU_MM_CID -DBENCHMARK param_test.c -lpthread -ldl -lrseq -o /home/tuxbuild/.cache/tuxmake/builds/3/build/kselftest/rseq/param_test_mm_cid_benchmark
/usr/lib/gcc-cross/i686-linux-gnu/13/../../../../i686-linux-gnu/bin/ld: /tmp/ccHpqXh7.o: warning: relocation in read-only section `.text'
/usr/lib/gcc-cross/i686-linux-gnu/13/../../../../i686-linux-gnu/bin/ld: warning: creating DT_TEXTREL in a PIE
i686-linux-gnu-gcc -O2 -Wall -g -I./ -isystem /home/tuxbuild/.cache/tuxmake/builds/3/build/usr/include -L/home/tuxbuild/.cache/tuxmake/builds/3/build/kselftest/rseq -Wl,-rpath=./  -I/builds/linux/tools/testing/selftests/../../../tools/include  -DBUILDOPT_RSEQ_PERCPU_MM_CID -DRSEQ_COMPARE_TWICE param_test.c -lpthread -ldl -lrseq -o /home/tuxbuild/.cache/tuxmake/builds/3/build/kselftest/rseq/param_test_mm_cid_compare_twice
/usr/lib/gcc-cross/i686-linux-gnu/13/../../../../i686-linux-gnu/bin/ld: /tmp/ccL366DZ.o: warning: relocation in read-only section `.text'
/usr/lib/gcc-cross/i686-linux-gnu/13/../../../../i686-linux-gnu/bin/ld: warning: creating DT_TEXTREL in a PIE
make[4]: Leaving directory '/builds/linux/tools/testing/selftests/rseq'
make[4]: Entering directory '/builds/linux/tools/testing/selftests/rtc'
i686-linux-gnu-gcc -O3 -Wl,-no-as-needed -Wall     rtctest.c -lrt -lpthread -lm -o /home/tuxbuild/.cache/tuxmake/builds/3/build/kselftest/rtc/rtctest
i686-linux-gnu-gcc -O3 -Wl,-no-as-needed -Wall     setdate.c -lrt -lpthread -lm -o /home/tuxbuild/.cache/tuxmake/builds/3/build/kselftest/rtc/setdate
make[4]: Leaving directory '/builds/linux/tools/testing/selftests/rtc'
make[4]: Entering directory '/builds/linux/tools/testing/selftests/seccomp'
i686-linux-gnu-gcc -Wl,-no-as-needed -Wall -isystem /home/tuxbuild/.cache/tuxmake/builds/3/build/usr/include   -lpthread   seccomp_bpf.c -lcap -o /home/tuxbuild/.cache/tuxmake/builds/3/build/kselftest/seccomp/seccomp_bpf
i686-linux-gnu-gcc -Wl,-no-as-needed -Wall -isystem /home/tuxbuild/.cache/tuxmake/builds/3/build/usr/include   -lpthread   seccomp_benchmark.c -lcap -o /home/tuxbuild/.cache/tuxmake/builds/3/build/kselftest/seccomp/seccomp_benchmark
make[4]: Leaving directory '/builds/linux/tools/testing/selftests/seccomp'
make[4]: Entering directory '/builds/linux/tools/testing/selftests/sgx'
make[4]: Nothing to be done for 'all'.
make[4]: Leaving directory '/builds/linux/tools/testing/selftests/sgx'
make[4]: Entering directory '/builds/linux/tools/testing/selftests/sigaltstack'
i686-linux-gnu-gcc -Wall     sas.c  -o /home/tuxbuild/.cache/tuxmake/builds/3/build/kselftest/sigaltstack/sas
make[4]: Leaving directory '/builds/linux/tools/testing/selftests/sigaltstack'
make[4]: Entering directory '/builds/linux/tools/testing/selftests/size'
i686-linux-gnu-gcc -static -ffreestanding -nostartfiles -s    get_size.c  -o /home/tuxbuild/.cache/tuxmake/builds/3/build/kselftest/size/get_size
make[4]: Leaving directory '/builds/linux/tools/testing/selftests/size'
make[4]: Entering directory '/builds/linux/tools/testing/selftests/sparc64'
make[4]: Leaving directory '/builds/linux/tools/testing/selftests/sparc64'
make[4]: Entering directory '/builds/linux/tools/testing/selftests/splice'
i686-linux-gnu-gcc     default_file_splice_read.c  -o /home/tuxbuild/.cache/tuxmake/builds/3/build/kselftest/splice/default_file_splice_read
i686-linux-gnu-gcc     splice_read.c  -o /home/tuxbuild/.cache/tuxmake/builds/3/build/kselftest/splice/splice_read
make[4]: Leaving directory '/builds/linux/tools/testing/selftests/splice'
make[4]: Entering directory '/builds/linux/tools/testing/selftests/static_keys'
make[4]: Nothing to be done for 'all'.
make[4]: Leaving directory '/builds/linux/tools/testing/selftests/static_keys'
make[4]: Entering directory '/builds/linux/tools/testing/selftests/sync'
i686-linux-gnu-gcc -c sync_alloc.c -o /home/tuxbuild/.cache/tuxmake/builds/3/build/kselftest/sync/sync_alloc.o
i686-linux-gnu-gcc -c sync_fence.c -o /home/tuxbuild/.cache/tuxmake/builds/3/build/kselftest/sync/sync_fence.o
i686-linux-gnu-gcc -c sync_merge.c -o /home/tuxbuild/.cache/tuxmake/builds/3/build/kselftest/sync/sync_merge.o
i686-linux-gnu-gcc -c sync_wait.c -o /home/tuxbuild/.cache/tuxmake/builds/3/build/kselftest/sync/sync_wait.o
i686-linux-gnu-gcc -c sync_stress_parallelism.c -o /home/tuxbuild/.cache/tuxmake/builds/3/build/kselftest/sync/sync_stress_parallelism.o
i686-linux-gnu-gcc -c sync_stress_consumer.c -o /home/tuxbuild/.cache/tuxmake/builds/3/build/kselftest/sync/sync_stress_consumer.o
i686-linux-gnu-gcc -c sync_stress_merge.c -o /home/tuxbuild/.cache/tuxmake/builds/3/build/kselftest/sync/sync_stress_merge.o
i686-linux-gnu-gcc -c sync_test.c -o /home/tuxbuild/.cache/tuxmake/builds/3/build/kselftest/sync/sync_test.o -O2 -g -std=gnu89 -pthread -Wall -Wextra -isystem /home/tuxbuild/.cache/tuxmake/builds/3/build/usr/include 
i686-linux-gnu-gcc -c sync.c -o /home/tuxbuild/.cache/tuxmake/builds/3/build/kselftest/sync/sync.o -O2 -g -std=gnu89 -pthread -Wall -Wextra -isystem /home/tuxbuild/.cache/tuxmake/builds/3/build/usr/include 
i686-linux-gnu-gcc -o /home/tuxbuild/.cache/tuxmake/builds/3/build/kselftest/sync/sync_test /home/tuxbuild/.cache/tuxmake/builds/3/build/kselftest/sync/sync_test.o /home/tuxbuild/.cache/tuxmake/builds/3/build/kselftest/sync/sync.o /home/tuxbuild/.cache/tuxmake/builds/3/build/kselftest/sync/sync_alloc.o /home/tuxbuild/.cache/tuxmake/builds/3/build/kselftest/sync/sync_fence.o /home/tuxbuild/.cache/tuxmake/builds/3/build/kselftest/sync/sync_merge.o /home/tuxbuild/.cache/tuxmake/builds/3/build/kselftest/sync/sync_wait.o /home/tuxbuild/.cache/tuxmake/builds/3/build/kselftest/sync/sync_stress_parallelism.o /home/tuxbuild/.cache/tuxmake/builds/3/build/kselftest/sync/sync_stress_consumer.o /home/tuxbuild/.cache/tuxmake/builds/3/build/kselftest/sync/sync_stress_merge.o -O2 -g -std=gnu89 -pthread -Wall -Wextra -isystem /home/tuxbuild/.cache/tuxmake/builds/3/build/usr/include  -pthread 
make[4]: Leaving directory '/builds/linux/tools/testing/selftests/sync'
make[4]: Entering directory '/builds/linux/tools/testing/selftests/syscall_user_dispatch'
i686-linux-gnu-gcc -Wall -I/builds/linux/tools/testing/selftests/../../../usr/include/     sud_test.c  -o /home/tuxbuild/.cache/tuxmake/builds/3/build/kselftest/syscall_user_dispatch/sud_test
i686-linux-gnu-gcc -Wall -I/builds/linux/tools/testing/selftests/../../../usr/include/     sud_benchmark.c  -o /home/tuxbuild/.cache/tuxmake/builds/3/build/kselftest/syscall_user_dispatch/sud_benchmark
make[4]: Leaving directory '/builds/linux/tools/testing/selftests/syscall_user_dispatch'
make[4]: Entering directory '/builds/linux/tools/testing/selftests/sysctl'
make[4]: Nothing to be done for 'all'.
make[4]: Leaving directory '/builds/linux/tools/testing/selftests/sysctl'
make[4]: Entering directory '/builds/linux/tools/testing/selftests/tc-testing'
/bin/sh: 1: llc: not found
clang -I. -I/include/uapi  -Wno-compare-distinct-pointer-types \
	 -O2 --target=bpf -emit-llvm -c action.c -o - |      \
llc -march=bpf -mcpu=probe  -filetype=obj -o /home/tuxbuild/.cache/tuxmake/builds/3/build/kselftest/tc-testing/action.o
/bin/sh: 1: clang: not found
/bin/sh: 3: llc: not found
make[4]: *** [Makefile:26: /home/tuxbuild/.cache/tuxmake/builds/3/build/kselftest/tc-testing/action.o] Error 127
make[4]: Leaving directory '/builds/linux/tools/testing/selftests/tc-testing'
make[4]: Entering directory '/builds/linux/tools/testing/selftests/tdx'
i686-linux-gnu-gcc -O3 -Wl,-no-as-needed -Wall -isystem /home/tuxbuild/.cache/tuxmake/builds/3/build/usr/include -static     tdx_guest_test.c  -o /home/tuxbuild/.cache/tuxmake/builds/3/build/kselftest/tdx/tdx_guest_test
make[4]: Leaving directory '/builds/linux/tools/testing/selftests/tdx'
make[4]: Entering directory '/builds/linux/tools/testing/selftests/timens'
i686-linux-gnu-gcc -Wall -Werror -pthread    timens.c -lrt -ldl -o /home/tuxbuild/.cache/tuxmake/builds/3/build/kselftest/timens/timens
i686-linux-gnu-gcc -Wall -Werror -pthread    timerfd.c -lrt -ldl -o /home/tuxbuild/.cache/tuxmake/builds/3/build/kselftest/timens/timerfd
i686-linux-gnu-gcc -Wall -Werror -pthread    timer.c -lrt -ldl -o /home/tuxbuild/.cache/tuxmake/builds/3/build/kselftest/timens/timer
i686-linux-gnu-gcc -Wall -Werror -pthread    clock_nanosleep.c -lrt -ldl -o /home/tuxbuild/.cache/tuxmake/builds/3/build/kselftest/timens/clock_nanosleep
i686-linux-gnu-gcc -Wall -Werror -pthread    procfs.c -lrt -ldl -o /home/tuxbuild/.cache/tuxmake/builds/3/build/kselftest/timens/procfs
i686-linux-gnu-gcc -Wall -Werror -pthread    exec.c -lrt -ldl -o /home/tuxbuild/.cache/tuxmake/builds/3/build/kselftest/timens/exec
i686-linux-gnu-gcc -Wall -Werror -pthread    futex.c -lrt -ldl -o /home/tuxbuild/.cache/tuxmake/builds/3/build/kselftest/timens/futex
i686-linux-gnu-gcc -Wall -Werror -pthread    vfork_exec.c -lrt -ldl -o /home/tuxbuild/.cache/tuxmake/builds/3/build/kselftest/timens/vfork_exec
i686-linux-gnu-gcc -Wall -Werror -pthread    gettime_perf.c -lrt -ldl -o /home/tuxbuild/.cache/tuxmake/builds/3/build/kselftest/timens/gettime_perf
make[4]: Leaving directory '/builds/linux/tools/testing/selftests/timens'
make[4]: Entering directory '/builds/linux/tools/testing/selftests/timers'
i686-linux-gnu-gcc -O3 -Wl,-no-as-needed -Wall     posix_timers.c -lrt -lpthread -lm -o /home/tuxbuild/.cache/tuxmake/builds/3/build/kselftest/timers/posix_timers
i686-linux-gnu-gcc -O3 -Wl,-no-as-needed -Wall     nanosleep.c -lrt -lpthread -lm -o /home/tuxbuild/.cache/tuxmake/builds/3/build/kselftest/timers/nanosleep
i686-linux-gnu-gcc -O3 -Wl,-no-as-needed -Wall     nsleep-lat.c -lrt -lpthread -lm -o /home/tuxbuild/.cache/tuxmake/builds/3/build/kselftest/timers/nsleep-lat
i686-linux-gnu-gcc -O3 -Wl,-no-as-needed -Wall     set-timer-lat.c -lrt -lpthread -lm -o /home/tuxbuild/.cache/tuxmake/builds/3/build/kselftest/timers/set-timer-lat
i686-linux-gnu-gcc -O3 -Wl,-no-as-needed -Wall     mqueue-lat.c -lrt -lpthread -lm -o /home/tuxbuild/.cache/tuxmake/builds/3/build/kselftest/timers/mqueue-lat
i686-linux-gnu-gcc -O3 -Wl,-no-as-needed -Wall     inconsistency-check.c -lrt -lpthread -lm -o /home/tuxbuild/.cache/tuxmake/builds/3/build/kselftest/timers/inconsistency-check
i686-linux-gnu-gcc -O3 -Wl,-no-as-needed -Wall     raw_skew.c -lrt -lpthread -lm -o /home/tuxbuild/.cache/tuxmake/builds/3/build/kselftest/timers/raw_skew
i686-linux-gnu-gcc -O3 -Wl,-no-as-needed -Wall     threadtest.c -lrt -lpthread -lm -o /home/tuxbuild/.cache/tuxmake/builds/3/build/kselftest/timers/threadtest
i686-linux-gnu-gcc -O3 -Wl,-no-as-needed -Wall     rtcpie.c -lrt -lpthread -lm -o /home/tuxbuild/.cache/tuxmake/builds/3/build/kselftest/timers/rtcpie
i686-linux-gnu-gcc -O3 -Wl,-no-as-needed -Wall     alarmtimer-suspend.c -lrt -lpthread -lm -o /home/tuxbuild/.cache/tuxmake/builds/3/build/kselftest/timers/alarmtimer-suspend
i686-linux-gnu-gcc -O3 -Wl,-no-as-needed -Wall     valid-adjtimex.c -lrt -lpthread -lm -o /home/tuxbuild/.cache/tuxmake/builds/3/build/kselftest/timers/valid-adjtimex
i686-linux-gnu-gcc -O3 -Wl,-no-as-needed -Wall     adjtick.c -lrt -lpthread -lm -o /home/tuxbuild/.cache/tuxmake/builds/3/build/kselftest/timers/adjtick
i686-linux-gnu-gcc -O3 -Wl,-no-as-needed -Wall     change_skew.c -lrt -lpthread -lm -o /home/tuxbuild/.cache/tuxmake/builds/3/build/kselftest/timers/change_skew
i686-linux-gnu-gcc -O3 -Wl,-no-as-needed -Wall     skew_consistency.c -lrt -lpthread -lm -o /home/tuxbuild/.cache/tuxmake/builds/3/build/kselftest/timers/skew_consistency
i686-linux-gnu-gcc -O3 -Wl,-no-as-needed -Wall     clocksource-switch.c -lrt -lpthread -lm -o /home/tuxbuild/.cache/tuxmake/builds/3/build/kselftest/timers/clocksource-switch
i686-linux-gnu-gcc -O3 -Wl,-no-as-needed -Wall     freq-step.c -lrt -lpthread -lm -o /home/tuxbuild/.cache/tuxmake/builds/3/build/kselftest/timers/freq-step
i686-linux-gnu-gcc -O3 -Wl,-no-as-needed -Wall     leap-a-day.c -lrt -lpthread -lm -o /home/tuxbuild/.cache/tuxmake/builds/3/build/kselftest/timers/leap-a-day
i686-linux-gnu-gcc -O3 -Wl,-no-as-needed -Wall     leapcrash.c -lrt -lpthread -lm -o /home/tuxbuild/.cache/tuxmake/builds/3/build/kselftest/timers/leapcrash
i686-linux-gnu-gcc -O3 -Wl,-no-as-needed -Wall     set-tai.c -lrt -lpthread -lm -o /home/tuxbuild/.cache/tuxmake/builds/3/build/kselftest/timers/set-tai
i686-linux-gnu-gcc -O3 -Wl,-no-as-needed -Wall     set-2038.c -lrt -lpthread -lm -o /home/tuxbuild/.cache/tuxmake/builds/3/build/kselftest/timers/set-2038
i686-linux-gnu-gcc -O3 -Wl,-no-as-needed -Wall     set-tz.c -lrt -lpthread -lm -o /home/tuxbuild/.cache/tuxmake/builds/3/build/kselftest/timers/set-tz
make[4]: Leaving directory '/builds/linux/tools/testing/selftests/timers'
make[4]: Entering directory '/builds/linux/tools/testing/selftests/tmpfs'
i686-linux-gnu-gcc -Wall -O2 -D_GNU_SOURCE     bug-link-o-tmpfile.c  -o /home/tuxbuild/.cache/tuxmake/builds/3/build/kselftest/tmpfs/bug-link-o-tmpfile
make[4]: Leaving directory '/builds/linux/tools/testing/selftests/tmpfs'
make[4]: Entering directory '/builds/linux/tools/testing/selftests/tpm2'
make[4]: Nothing to be done for 'all'.
make[4]: Leaving directory '/builds/linux/tools/testing/selftests/tpm2'
make[4]: Entering directory '/builds/linux/tools/testing/selftests/tty'
i686-linux-gnu-gcc -O2 -Wall     tty_tstamp_update.c  -o /home/tuxbuild/.cache/tuxmake/builds/3/build/kselftest/tty/tty_tstamp_update
make[4]: Leaving directory '/builds/linux/tools/testing/selftests/tty'
make[4]: Entering directory '/builds/linux/tools/testing/selftests/uevent'
i686-linux-gnu-gcc  -Wl,-no-as-needed -Wall uevent_filtering.c -o uevent_filtering
make[4]: Leaving directory '/builds/linux/tools/testing/selftests/uevent'
make[4]: Entering directory '/builds/linux/tools/testing/selftests/user'
make[4]: Nothing to be done for 'all'.
make[4]: Leaving directory '/builds/linux/tools/testing/selftests/user'
make[4]: Entering directory '/builds/linux/tools/testing/selftests/user_events'
i686-linux-gnu-gcc -Wl,-no-as-needed -Wall -isystem /home/tuxbuild/.cache/tuxmake/builds/3/build/usr/include     ftrace_test.c -lrt -lpthread -lm -o /home/tuxbuild/.cache/tuxmake/builds/3/build/kselftest/user_events/ftrace_test
ftrace_test.c: In function 'clear':
ftrace_test.c:130:30: warning: cast from pointer to integer of different size [-Wpointer-to-int-cast]
  130 |         unreg.disable_addr = (__u64)check;
      |                              ^
ftrace_test.c: In function 'check_print_fmt':
ftrace_test.c:177:25: warning: cast from pointer to integer of different size [-Wpointer-to-int-cast]
  177 |         reg.name_args = (__u64)event;
      |                         ^
ftrace_test.c:179:27: warning: cast from pointer to integer of different size [-Wpointer-to-int-cast]
  179 |         reg.enable_addr = (__u64)check;
      |                           ^
ftrace_test.c: In function 'user_register_events':
ftrace_test.c:242:25: warning: cast from pointer to integer of different size [-Wpointer-to-int-cast]
  242 |         reg.name_args = (__u64)"__test_event u32 field1; u32 field2";
      |                         ^
ftrace_test.c:244:27: warning: cast from pointer to integer of different size [-Wpointer-to-int-cast]
  244 |         reg.enable_addr = (__u64)&self->check;
      |                           ^
ftrace_test.c:249:30: warning: cast from pointer to integer of different size [-Wpointer-to-int-cast]
  249 |         unreg.disable_addr = (__u64)&self->check;
      |                              ^
ftrace_test.c:266:25: warning: cast from pointer to integer of different size [-Wpointer-to-int-cast]
  266 |         reg.name_args = (__u64)"__test_event u32 field1;";
      |                         ^
ftrace_test.c: In function 'user_write_events':
ftrace_test.c:305:25: warning: cast from pointer to integer of different size [-Wpointer-to-int-cast]
  305 |         reg.name_args = (__u64)"__test_event u32 field1; u32 field2";
      |                         ^
ftrace_test.c:307:27: warning: cast from pointer to integer of different size [-Wpointer-to-int-cast]
  307 |         reg.enable_addr = (__u64)&self->check;
      |                           ^
ftrace_test.c: In function 'user_write_empty_events':
ftrace_test.c:362:25: warning: cast from pointer to integer of different size [-Wpointer-to-int-cast]
  362 |         reg.name_args = (__u64)"__test_event";
      |                         ^
ftrace_test.c:364:27: warning: cast from pointer to integer of different size [-Wpointer-to-int-cast]
  364 |         reg.enable_addr = (__u64)&self->check;
      |                           ^
ftrace_test.c: In function 'user_write_fault':
ftrace_test.c:396:25: warning: cast from pointer to integer of different size [-Wpointer-to-int-cast]
  396 |         reg.name_args = (__u64)"__test_event u64 anon";
      |                         ^
ftrace_test.c:398:27: warning: cast from pointer to integer of different size [-Wpointer-to-int-cast]
  398 |         reg.enable_addr = (__u64)&self->check;
      |                           ^
ftrace_test.c: In function 'user_write_validator':
ftrace_test.c:434:25: warning: cast from pointer to integer of different size [-Wpointer-to-int-cast]
  434 |         reg.name_args = (__u64)"__test_event __rel_loc char[] data";
      |                         ^
ftrace_test.c:436:27: warning: cast from pointer to integer of different size [-Wpointer-to-int-cast]
  436 |         reg.enable_addr = (__u64)&self->check;
      |                           ^
i686-linux-gnu-gcc -Wl,-no-as-needed -Wall -isystem /home/tuxbuild/.cache/tuxmake/builds/3/build/usr/include     dyn_test.c -lrt -lpthread -lm -o /home/tuxbuild/.cache/tuxmake/builds/3/build/kselftest/user_events/dyn_test
dyn_test.c: In function 'reg_event':
dyn_test.c:45:25: warning: cast from pointer to integer of different size [-Wpointer-to-int-cast]
   45 |         reg.name_args = (__u64)value;
      |                         ^
dyn_test.c:47:27: warning: cast from pointer to integer of different size [-Wpointer-to-int-cast]
   47 |         reg.enable_addr = (__u64)check;
      |                           ^
dyn_test.c: In function 'unreg_event':
dyn_test.c:62:30: warning: cast from pointer to integer of different size [-Wpointer-to-int-cast]
   62 |         unreg.disable_addr = (__u64)check;
      |                              ^
i686-linux-gnu-gcc -Wl,-no-as-needed -Wall -isystem /home/tuxbuild/.cache/tuxmake/builds/3/build/usr/include     perf_test.c -lrt -lpthread -lm -o /home/tuxbuild/.cache/tuxmake/builds/3/build/kselftest/user_events/perf_test
perf_test.c: In function 'clear':
perf_test.c:91:30: warning: cast from pointer to integer of different size [-Wpointer-to-int-cast]
   91 |         unreg.disable_addr = (__u64)check;
      |                              ^
perf_test.c: In function 'user_perf_write':
perf_test.c:143:25: warning: cast from pointer to integer of different size [-Wpointer-to-int-cast]
  143 |         reg.name_args = (__u64)"__test_event u32 field1; u32 field2";
      |                         ^
perf_test.c:145:27: warning: cast from pointer to integer of different size [-Wpointer-to-int-cast]
  145 |         reg.enable_addr = (__u64)&self->check;
      |                           ^
perf_test.c: In function 'user_perf_empty_events':
perf_test.c:207:25: warning: cast from pointer to integer of different size [-Wpointer-to-int-cast]
  207 |         reg.name_args = (__u64)"__test_event";
      |                         ^
perf_test.c:209:27: warning: cast from pointer to integer of different size [-Wpointer-to-int-cast]
  209 |         reg.enable_addr = (__u64)&self->check;
      |                           ^
i686-linux-gnu-gcc -Wl,-no-as-needed -Wall -isystem /home/tuxbuild/.cache/tuxmake/builds/3/build/usr/include     abi_test.c -lrt -lpthread -lm -o /home/tuxbuild/.cache/tuxmake/builds/3/build/kselftest/user_events/abi_test
abi_test.c: In function 'reg_enable':
abi_test.c:60:25: warning: cast from pointer to integer of different size [-Wpointer-to-int-cast]
   60 |         reg.name_args = (__u64)"__abi_event";
      |                         ^
abi_test.c:62:27: warning: cast from pointer to integer of different size [-Wpointer-to-int-cast]
   62 |         reg.enable_addr = (__u64)enable;
      |                           ^
abi_test.c: In function 'reg_disable':
abi_test.c:83:28: warning: cast from pointer to integer of different size [-Wpointer-to-int-cast]
   83 |         reg.disable_addr = (__u64)enable;
      |                            ^
make[4]: Leaving directory '/builds/linux/tools/testing/selftests/user_events'
make[4]: Entering directory '/builds/linux/tools/testing/selftests/vDSO'
i686-linux-gnu-gcc -std=gnu99    vdso_test_gettimeofday.c parse_vdso.c  -o /home/tuxbuild/.cache/tuxmake/builds/3/build/kselftest/vDSO/vdso_test_gettimeofday
i686-linux-gnu-gcc -std=gnu99    vdso_test_getcpu.c parse_vdso.c  -o /home/tuxbuild/.cache/tuxmake/builds/3/build/kselftest/vDSO/vdso_test_getcpu
i686-linux-gnu-gcc -std=gnu99    vdso_test_abi.c parse_vdso.c  -o /home/tuxbuild/.cache/tuxmake/builds/3/build/kselftest/vDSO/vdso_test_abi
i686-linux-gnu-gcc -std=gnu99    vdso_test_clock_getres.c  -o /home/tuxbuild/.cache/tuxmake/builds/3/build/kselftest/vDSO/vdso_test_clock_getres
i686-linux-gnu-gcc -std=gnu99 \
	vdso_test_correctness.c \
	-o /home/tuxbuild/.cache/tuxmake/builds/3/build/kselftest/vDSO/vdso_test_correctness \
	-ldl
make[4]: Leaving directory '/builds/linux/tools/testing/selftests/vDSO'
make[4]: Entering directory '/builds/linux/tools/testing/selftests/mm'
/bin/sh ./check_config.sh i686-linux-gnu-gcc
i686-linux-gnu-gcc -Wall -I /builds/linux/tools/testing/selftests/../../..  -isystem /home/tuxbuild/.cache/tuxmake/builds/3/build/usr/include     soft-dirty.c vm_util.c -lrt -lpthread -o /home/tuxbuild/.cache/tuxmake/builds/3/build/kselftest/mm/soft-dirty
i686-linux-gnu-gcc -Wall -I /builds/linux/tools/testing/selftests/../../..  -isystem /home/tuxbuild/.cache/tuxmake/builds/3/build/usr/include     cow.c vm_util.c -lrt -lpthread -luring -o /home/tuxbuild/.cache/tuxmake/builds/3/build/kselftest/mm/cow
i686-linux-gnu-gcc -Wall -I /builds/linux/tools/testing/selftests/../../..  -isystem /home/tuxbuild/.cache/tuxmake/builds/3/build/usr/include     compaction_test.c vm_util.c -lrt -lpthread -o /home/tuxbuild/.cache/tuxmake/builds/3/build/kselftest/mm/compaction_test
i686-linux-gnu-gcc -Wall -I /builds/linux/tools/testing/selftests/../../..  -isystem /home/tuxbuild/.cache/tuxmake/builds/3/build/usr/include     gup_longterm.c vm_util.c -lrt -lpthread -luring -o /home/tuxbuild/.cache/tuxmake/builds/3/build/kselftest/mm/gup_longterm
i686-linux-gnu-gcc -Wall -I /builds/linux/tools/testing/selftests/../../..  -isystem /home/tuxbuild/.cache/tuxmake/builds/3/build/usr/include     gup_test.c vm_util.c -lrt -lpthread -o /home/tuxbuild/.cache/tuxmake/builds/3/build/kselftest/mm/gup_test
i686-linux-gnu-gcc -Wall -I /builds/linux/tools/testing/selftests/../../..  -isystem /home/tuxbuild/.cache/tuxmake/builds/3/build/usr/include     hmm-tests.c vm_util.c -lrt -lpthread -o /home/tuxbuild/.cache/tuxmake/builds/3/build/kselftest/mm/hmm-tests
hmm-tests.c: In function 'hmm_dmirror_cmd':
hmm-tests.c:187:20: warning: cast from pointer to integer of different size [-Wpointer-to-int-cast]
  187 |         cmd.addr = (__u64)buffer->ptr;
      |                    ^
hmm-tests.c:188:19: warning: cast from pointer to integer of different size [-Wpointer-to-int-cast]
  188 |         cmd.ptr = (__u64)buffer->mirror;
      |                   ^
i686-linux-gnu-gcc -Wall -I /builds/linux/tools/testing/selftests/../../..  -isystem /home/tuxbuild/.cache/tuxmake/builds/3/build/usr/include     hugetlb-madvise.c vm_util.c -lrt -lpthread -o /home/tuxbuild/.cache/tuxmake/builds/3/build/kselftest/mm/hugetlb-madvise
i686-linux-gnu-gcc -Wall -I /builds/linux/tools/testing/selftests/../../..  -isystem /home/tuxbuild/.cache/tuxmake/builds/3/build/usr/include     hugetlb-read-hwpoison.c vm_util.c -lrt -lpthread -o /home/tuxbuild/.cache/tuxmake/builds/3/build/kselftest/mm/hugetlb-read-hwpoison
hugetlb-read-hwpoison.c: In function 'verify_chunk':
hugetlb-read-hwpoison.c:16:16: warning: format '%lu' expects argument of type 'long unsigned int', but argument 2 has type 'size_t' {aka 'unsigned int'} [-Wformat=]
   16 | #define PREFIX " ... "
      |                ^~~~~~~
hugetlb-read-hwpoison.c:61:32: note: in expansion of macro 'PREFIX'
   61 |                         printf(PREFIX ERROR_PREFIX "check fail: buf[%lu] = %u != %u\n",
      |                                ^~~~~~
hugetlb-read-hwpoison.c:61:71: note: format string is defined here
   61 |                         printf(PREFIX ERROR_PREFIX "check fail: buf[%lu] = %u != %u\n",
      |                                                                     ~~^
      |                                                                       |
      |                                                                       long unsigned int
      |                                                                     %u
hugetlb-read-hwpoison.c: In function 'seek_read_hugepage_filemap':
hugetlb-read-hwpoison.c:16:16: warning: format '%lx' expects argument of type 'long unsigned int', but argument 2 has type 'size_t' {aka 'unsigned int'} [-Wformat=]
   16 | #define PREFIX " ... "
      |                ^~~~~~~
hugetlb-read-hwpoison.c:79:16: note: in expansion of macro 'PREFIX'
   79 |         printf(PREFIX PREFIX "expect to read 0x%lx bytes of data in total\n",
      |                ^~~~~~
hugetlb-read-hwpoison.c:79:50: note: format string is defined here
   79 |         printf(PREFIX PREFIX "expect to read 0x%lx bytes of data in total\n",
      |                                                ~~^
      |                                                  |
      |                                                  long unsigned int
      |                                                %x
hugetlb-read-hwpoison.c:16:16: warning: format '%lx' expects argument of type 'long unsigned int', but argument 2 has type 'ssize_t' {aka 'int'} [-Wformat=]
   16 | #define PREFIX " ... "
      |                ^~~~~~~
hugetlb-read-hwpoison.c:101:16: note: in expansion of macro 'PREFIX'
  101 |         printf(PREFIX PREFIX "actually read 0x%lx bytes of data in total\n",
      |                ^~~~~~
hugetlb-read-hwpoison.c:101:49: note: format string is defined here
  101 |         printf(PREFIX PREFIX "actually read 0x%lx bytes of data in total\n",
      |                                               ~~^
      |                                                 |
      |                                                 long unsigned int
      |                                               %x
hugetlb-read-hwpoison.c: In function 'read_hugepage_filemap':
hugetlb-read-hwpoison.c:16:16: warning: format '%lx' expects argument of type 'long unsigned int', but argument 2 has type 'size_t' {aka 'unsigned int'} [-Wformat=]
   16 | #define PREFIX " ... "
      |                ^~~~~~~
hugetlb-read-hwpoison.c:115:16: note: in expansion of macro 'PREFIX'
  115 |         printf(PREFIX PREFIX "expect to read 0x%lx bytes of data in total\n",
      |                ^~~~~~
hugetlb-read-hwpoison.c:115:50: note: format string is defined here
  115 |         printf(PREFIX PREFIX "expect to read 0x%lx bytes of data in total\n",
      |                                                ~~^
      |                                                  |
      |                                                  long unsigned int
      |                                                %x
hugetlb-read-hwpoison.c:16:16: warning: format '%lx' expects argument of type 'long unsigned int', but argument 2 has type 'ssize_t' {aka 'int'} [-Wformat=]
   16 | #define PREFIX " ... "
      |                ^~~~~~~
hugetlb-read-hwpoison.c:132:16: note: in expansion of macro 'PREFIX'
  132 |         printf(PREFIX PREFIX "actually read 0x%lx bytes of data in total\n",
      |                ^~~~~~
hugetlb-read-hwpoison.c:132:49: note: format string is defined here
  132 |         printf(PREFIX PREFIX "actually read 0x%lx bytes of data in total\n",
      |                                               ~~^
      |                                                 |
      |                                                 long unsigned int
      |                                               %x
hugetlb-read-hwpoison.c: In function 'main':
hugetlb-read-hwpoison.c:277:51: warning: format '%lx' expects argument of type 'long unsigned int', but argument 2 has type 'size_t' {aka 'unsigned int'} [-Wformat=]
  277 |                 printf("Write/read chunk size=0x%lx\n",
      |                                                 ~~^
      |                                                   |
      |                                                   long unsigned int
      |                                                 %x
  278 |                        wr_chunk_sizes[i]);
      |                        ~~~~~~~~~~~~~~~~~           
      |                                      |
      |                                      size_t {aka unsigned int}
i686-linux-gnu-gcc -Wall -I /builds/linux/tools/testing/selftests/../../..  -isystem /home/tuxbuild/.cache/tuxmake/builds/3/build/usr/include     hugepage-mmap.c vm_util.c -lrt -lpthread -o /home/tuxbuild/.cache/tuxmake/builds/3/build/kselftest/mm/hugepage-mmap
i686-linux-gnu-gcc -Wall -I /builds/linux/tools/testing/selftests/../../..  -isystem /home/tuxbuild/.cache/tuxmake/builds/3/build/usr/include     hugepage-mremap.c vm_util.c -lrt -lpthread -o /home/tuxbuild/.cache/tuxmake/builds/3/build/kselftest/mm/hugepage-mremap
hugepage-mremap.c: In function 'main':
hugepage-mremap.c:132:40: warning: unsigned conversion from 'long long int' to 'long unsigned int' changes value from '139269683281920' to '1073741824' [-Woverflow]
  132 |         unsigned long suggested_addr = 0x7eaa40000000;
      |                                        ^~~~~~~~~~~~~~
hugepage-mremap.c:142:26: warning: unsigned conversion from 'long long int' to 'long unsigned int' changes value from '138170171654144' to '1073741824' [-Woverflow]
  142 |         suggested_addr = 0x7daa40000000;
      |                          ^~~~~~~~~~~~~~
hugepage-mremap.c:151:26: warning: unsigned conversion from 'long long int' to 'long unsigned int' changes value from '140369194909696' to '1073741824' [-Woverflow]
  151 |         suggested_addr = 0x7faa40000000;
      |                          ^~~~~~~~~~~~~~
i686-linux-gnu-gcc -Wall -I /builds/linux/tools/testing/selftests/../../..  -isystem /home/tuxbuild/.cache/tuxmake/builds/3/build/usr/include     hugepage-shm.c vm_util.c -lrt -lpthread -o /home/tuxbuild/.cache/tuxmake/builds/3/build/kselftest/mm/hugepage-shm
i686-linux-gnu-gcc -Wall -I /builds/linux/tools/testing/selftests/../../..  -isystem /home/tuxbuild/.cache/tuxmake/builds/3/build/usr/include     hugepage-vmemmap.c vm_util.c -lrt -lpthread -o /home/tuxbuild/.cache/tuxmake/builds/3/build/kselftest/mm/hugepage-vmemmap
hugepage-vmemmap.c: In function 'virt_to_pfn':
hugepage-vmemmap.c:23:40: warning: left shift count >= width of type [-Wshift-count-overflow]
   23 | #define PM_PFRAME_MASK          ~((1UL << PM_PFRAME_BITS) - 1)
      |                                        ^~
hugepage-vmemmap.c:63:27: note: in expansion of macro 'PM_PFRAME_MASK'
   63 |         return pagemap & ~PM_PFRAME_MASK;
      |                           ^~~~~~~~~~~~~~
i686-linux-gnu-gcc -Wall -I /builds/linux/tools/testing/selftests/../../..  -isystem /home/tuxbuild/.cache/tuxmake/builds/3/build/usr/include     khugepaged.c vm_util.c -lrt -lpthread -o /home/tuxbuild/.cache/tuxmake/builds/3/build/kselftest/mm/khugepaged
i686-linux-gnu-gcc -Wall -I /builds/linux/tools/testing/selftests/../../..  -isystem /home/tuxbuild/.cache/tuxmake/builds/3/build/usr/include     madv_populate.c vm_util.c -lrt -lpthread -o /home/tuxbuild/.cache/tuxmake/builds/3/build/kselftest/mm/madv_populate
i686-linux-gnu-gcc -Wall -I /builds/linux/tools/testing/selftests/../../..  -isystem /home/tuxbuild/.cache/tuxmake/builds/3/build/usr/include     map_fixed_noreplace.c vm_util.c -lrt -lpthread -o /home/tuxbuild/.cache/tuxmake/builds/3/build/kselftest/mm/map_fixed_noreplace
i686-linux-gnu-gcc -Wall -I /builds/linux/tools/testing/selftests/../../..  -isystem /home/tuxbuild/.cache/tuxmake/builds/3/build/usr/include     map_hugetlb.c vm_util.c -lrt -lpthread -o /home/tuxbuild/.cache/tuxmake/builds/3/build/kselftest/mm/map_hugetlb
i686-linux-gnu-gcc -Wall -I /builds/linux/tools/testing/selftests/../../..  -isystem /home/tuxbuild/.cache/tuxmake/builds/3/build/usr/include     map_populate.c vm_util.c -lrt -lpthread -o /home/tuxbuild/.cache/tuxmake/builds/3/build/kselftest/mm/map_populate
i686-linux-gnu-gcc -Wall -I /builds/linux/tools/testing/selftests/../../..  -isystem /home/tuxbuild/.cache/tuxmake/builds/3/build/usr/include     migration.c vm_util.c -lrt -lpthread -lnuma -o /home/tuxbuild/.cache/tuxmake/builds/3/build/kselftest/mm/migration
i686-linux-gnu-gcc -Wall -I /builds/linux/tools/testing/selftests/../../..  -isystem /home/tuxbuild/.cache/tuxmake/builds/3/build/usr/include     mkdirty.c vm_util.c -lrt -lpthread -o /home/tuxbuild/.cache/tuxmake/builds/3/build/kselftest/mm/mkdirty
i686-linux-gnu-gcc -Wall -I /builds/linux/tools/testing/selftests/../../..  -isystem /home/tuxbuild/.cache/tuxmake/builds/3/build/usr/include     mlock-random-test.c vm_util.c -lrt -lpthread -lcap -o /home/tuxbuild/.cache/tuxmake/builds/3/build/kselftest/mm/mlock-random-test
i686-linux-gnu-gcc -Wall -I /builds/linux/tools/testing/selftests/../../..  -isystem /home/tuxbuild/.cache/tuxmake/builds/3/build/usr/include     mlock2-tests.c vm_util.c -lrt -lpthread -o /home/tuxbuild/.cache/tuxmake/builds/3/build/kselftest/mm/mlock2-tests
i686-linux-gnu-gcc -Wall -I /builds/linux/tools/testing/selftests/../../..  -isystem /home/tuxbuild/.cache/tuxmake/builds/3/build/usr/include     mrelease_test.c vm_util.c -lrt -lpthread -o /home/tuxbuild/.cache/tuxmake/builds/3/build/kselftest/mm/mrelease_test
i686-linux-gnu-gcc -Wall -I /builds/linux/tools/testing/selftests/../../..  -isystem /home/tuxbuild/.cache/tuxmake/builds/3/build/usr/include     mremap_dontunmap.c vm_util.c -lrt -lpthread -o /home/tuxbuild/.cache/tuxmake/builds/3/build/kselftest/mm/mremap_dontunmap
i686-linux-gnu-gcc -Wall -I /builds/linux/tools/testing/selftests/../../..  -isystem /home/tuxbuild/.cache/tuxmake/builds/3/build/usr/include     mremap_test.c vm_util.c -lrt -lpthread -o /home/tuxbuild/.cache/tuxmake/builds/3/build/kselftest/mm/mremap_test
mremap_test.c: In function 'get_source_mapping':
mremap_test.c:244:25: warning: cast to pointer from integer of different size [-Wint-to-pointer-cast]
  244 |         src_addr = mmap((void *) addr, c.region_size, PROT_READ | PROT_WRITE,
      |                         ^
mremap_test.c:260:14: warning: cast from pointer to integer of different size [-Wpointer-to-int-cast]
  260 |         if (((unsigned long long) src_addr & (c.src_alignment - 1)) ||
      |              ^
mremap_test.c:261:27: warning: cast from pointer to integer of different size [-Wpointer-to-int-cast]
  261 |                         !((unsigned long long) src_addr & c.src_alignment)) {
      |                           ^
mremap_test.c: In function 'remap_region':
mremap_test.c:306:27: warning: cast from pointer to integer of different size [-Wpointer-to-int-cast]
  306 |         addr = (void *) (((unsigned long long) src_addr + c.region_size
      |                           ^
mremap_test.c:306:16: warning: cast to pointer from integer of different size [-Wint-to-pointer-cast]
  306 |         addr = (void *) (((unsigned long long) src_addr + c.region_size
      |                ^
mremap_test.c:310:15: warning: cast from pointer to integer of different size [-Wpointer-to-int-cast]
  310 |         if (!((unsigned long long) addr & c.dest_alignment))
      |               ^
mremap_test.c:311:34: warning: cast from pointer to integer of different size [-Wpointer-to-int-cast]
  311 |                 addr = (void *) ((unsigned long long) addr | c.dest_alignment);
      |                                  ^
mremap_test.c:311:24: warning: cast to pointer from integer of different size [-Wint-to-pointer-cast]
  311 |                 addr = (void *) ((unsigned long long) addr | c.dest_alignment);
      |                        ^
i686-linux-gnu-gcc -Wall -I /builds/linux/tools/testing/selftests/../../..  -isystem /home/tuxbuild/.cache/tuxmake/builds/3/build/usr/include     on-fault-limit.c vm_util.c -lrt -lpthread -o /home/tuxbuild/.cache/tuxmake/builds/3/build/kselftest/mm/on-fault-limit
i686-linux-gnu-gcc -Wall -I /builds/linux/tools/testing/selftests/../../..  -isystem /home/tuxbuild/.cache/tuxmake/builds/3/build/usr/include     thuge-gen.c vm_util.c -lrt -lpthread -o /home/tuxbuild/.cache/tuxmake/builds/3/build/kselftest/mm/thuge-gen
i686-linux-gnu-gcc -Wall -I /builds/linux/tools/testing/selftests/../../..  -isystem /home/tuxbuild/.cache/tuxmake/builds/3/build/usr/include     transhuge-stress.c vm_util.c -lrt -lpthread -o /home/tuxbuild/.cache/tuxmake/builds/3/build/kselftest/mm/transhuge-stress
i686-linux-gnu-gcc -Wall -I /builds/linux/tools/testing/selftests/../../..  -isystem /home/tuxbuild/.cache/tuxmake/builds/3/build/usr/include     uffd-stress.c vm_util.c uffd-common.c -lrt -lpthread -o /home/tuxbuild/.cache/tuxmake/builds/3/build/kselftest/mm/uffd-stress
uffd-common.c: In function 'uffd_handle_page_fault':
uffd-common.c:453:37: warning: cast to pointer from integer of different size [-Wint-to-pointer-cast]
  453 |                                    ((char *)msg->arg.pagefault.address -
      |                                     ^
i686-linux-gnu-gcc -Wall -I /builds/linux/tools/testing/selftests/../../..  -isystem /home/tuxbuild/.cache/tuxmake/builds/3/build/usr/include     uffd-unit-tests.c vm_util.c uffd-common.c -lrt -lpthread -o /home/tuxbuild/.cache/tuxmake/builds/3/build/kselftest/mm/uffd-unit-tests
uffd-unit-tests.c: In function 'uffd_wp_unpopulated_test':
uffd-unit-tests.c:363:24: warning: cast from pointer to integer of different size [-Wpointer-to-int-cast]
  363 |         wp_range(uffd, (uint64_t)area_dst, page_size, true);
      |                        ^
uffd-unit-tests.c:368:24: warning: cast from pointer to integer of different size [-Wpointer-to-int-cast]
  368 |         wp_range(uffd, (uint64_t)area_dst, page_size, false);
      |                        ^
uffd-unit-tests.c:373:24: warning: cast from pointer to integer of different size [-Wpointer-to-int-cast]
  373 |         wp_range(uffd, (uint64_t)area_dst, page_size, true);
      |                        ^
uffd-unit-tests.c:388:24: warning: cast from pointer to integer of different size [-Wpointer-to-int-cast]
  388 |         wp_range(uffd, (uint64_t)area_dst, page_size, true);
      |                        ^
uffd-unit-tests.c: In function 'uffd_wp_fork_test_common':
uffd-unit-tests.c:411:24: warning: cast from pointer to integer of different size [-Wpointer-to-int-cast]
  411 |         wp_range(uffd, (uint64_t)area_dst, page_size, true);
      |                        ^
uffd-unit-tests.c:452:24: warning: cast from pointer to integer of different size [-Wpointer-to-int-cast]
  452 |         wp_range(uffd, (uint64_t)area_dst, page_size, false);
      |                        ^
uffd-unit-tests.c: In function 'uffd_wp_fork_pin_test_common':
uffd-unit-tests.c:490:24: warning: cast from pointer to integer of different size [-Wpointer-to-int-cast]
  490 |         wp_range(uffd, (uint64_t)area_dst, page_size, true);
      |                        ^
uffd-unit-tests.c: In function 'faulting_process':
uffd-unit-tests.c:709:58: warning: cast from pointer to integer of different size [-Wpointer-to-int-cast]
  709 |                                                          (__u64)area_dst +
      |                                                          ^
uffd-common.c: In function 'uffd_handle_page_fault':
uffd-common.c:453:37: warning: cast to pointer from integer of different size [-Wint-to-pointer-cast]
  453 |                                    ((char *)msg->arg.pagefault.address -
      |                                     ^
i686-linux-gnu-gcc -Wall -I /builds/linux/tools/testing/selftests/../../..  -isystem /home/tuxbuild/.cache/tuxmake/builds/3/build/usr/include     split_huge_page_test.c vm_util.c -lrt -lpthread -o /home/tuxbuild/.cache/tuxmake/builds/3/build/kselftest/mm/split_huge_page_test
split_huge_page_test.c: In function 'is_backed_by_thp':
split_huge_page_test.c:31:27: warning: left shift count >= width of type [-Wshift-count-overflow]
   31 | #define PFN_MASK     ((1UL<<55)-1)
      |                           ^~
split_huge_page_test.c:45:42: note: in expansion of macro 'PFN_MASK'
   45 |                                 (paddr & PFN_MASK) * sizeof(page_flags));
      |                                          ^~~~~~~~
split_huge_page_test.c: In function 'split_pmd_thp':
split_huge_page_test.c:115:42: warning: cast from pointer to integer of different size [-Wpointer-to-int-cast]
  115 |         write_debugfs(PID_FMT, getpid(), (uint64_t)one_page,
      |                                          ^
split_huge_page_test.c:116:17: warning: cast from pointer to integer of different size [-Wpointer-to-int-cast]
  116 |                 (uint64_t)one_page + len);
      |                 ^
split_huge_page_test.c:120:35: warning: format '%ld' expects argument of type 'long int', but argument 2 has type 'size_t' {aka 'unsigned int'} [-Wformat=]
  120 |                         printf("%ld byte corrupted\n", i);
      |                                 ~~^                    ~
      |                                   |                    |
      |                                   long int             size_t {aka unsigned int}
      |                                 %d
split_huge_page_test.c: In function 'split_pte_mapped_thp':
split_huge_page_test.c:205:42: warning: cast from pointer to integer of different size [-Wpointer-to-int-cast]
  205 |         write_debugfs(PID_FMT, getpid(), (uint64_t)pte_mapped,
      |                                          ^
split_huge_page_test.c:206:23: warning: cast from pointer to integer of different size [-Wpointer-to-int-cast]
  206 |                       (uint64_t)pte_mapped + pagesize * 4);
      |                       ^
split_huge_page_test.c:212:35: warning: format '%ld' expects argument of type 'long int', but argument 2 has type 'size_t' {aka 'unsigned int'} [-Wformat=]
  212 |                         printf("%ld byte corrupted\n", i);
      |                                 ~~^                    ~
      |                                   |                    |
      |                                   long int             size_t {aka unsigned int}
      |                                 %d
split_huge_page_test.c:221:33: warning: format '%ld' expects argument of type 'long int', but argument 2 has type 'uint64_t' {aka 'long long unsigned int'} [-Wformat=]
  221 |                 printf("Still %ld THPs not split\n", thp_size);
      |                               ~~^                    ~~~~~~~~
      |                                 |                    |
      |                                 long int             uint64_t {aka long long unsigned int}
      |                               %lld
i686-linux-gnu-gcc -Wall -I /builds/linux/tools/testing/selftests/../../..  -isystem /home/tuxbuild/.cache/tuxmake/builds/3/build/usr/include     ksm_tests.c vm_util.c -lrt -lpthread -lnuma -o /home/tuxbuild/.cache/tuxmake/builds/3/build/kselftest/mm/ksm_tests
i686-linux-gnu-gcc -Wall -I /builds/linux/tools/testing/selftests/../../..  -isystem /home/tuxbuild/.cache/tuxmake/builds/3/build/usr/include     ksm_functional_tests.c vm_util.c -lrt -lpthread -o /home/tuxbuild/.cache/tuxmake/builds/3/build/kselftest/mm/ksm_functional_tests
i686-linux-gnu-gcc -Wall -I /builds/linux/tools/testing/selftests/../../..  -isystem /home/tuxbuild/.cache/tuxmake/builds/3/build/usr/include     mdwe_test.c vm_util.c -lrt -lpthread -o /home/tuxbuild/.cache/tuxmake/builds/3/build/kselftest/mm/mdwe_test
make[4]: Leaving directory '/builds/linux/tools/testing/selftests/mm'
make[4]: Entering directory '/builds/linux/tools/testing/selftests/x86'
i686-linux-gnu-gcc -m32 -o /home/tuxbuild/.cache/tuxmake/builds/3/build/kselftest/x86/single_step_syscall_32 -O2 -g -std=gnu99 -pthread -Wall -isystem /home/tuxbuild/.cache/tuxmake/builds/3/build/usr/include -no-pie -DCAN_BUILD_32 single_step_syscall.c helpers.h -lrt -ldl -lm
i686-linux-gnu-gcc -m32 -o /home/tuxbuild/.cache/tuxmake/builds/3/build/kselftest/x86/sysret_ss_attrs_32 -O2 -g -std=gnu99 -pthread -Wall -isystem /home/tuxbuild/.cache/tuxmake/builds/3/build/usr/include -no-pie -DCAN_BUILD_32 sysret_ss_attrs.c helpers.h -lrt -ldl -lm
i686-linux-gnu-gcc -m32 -o /home/tuxbuild/.cache/tuxmake/builds/3/build/kselftest/x86/syscall_nt_32 -O2 -g -std=gnu99 -pthread -Wall -isystem /home/tuxbuild/.cache/tuxmake/builds/3/build/usr/include -no-pie -DCAN_BUILD_32 syscall_nt.c helpers.h -lrt -ldl -lm
i686-linux-gnu-gcc -m32 -o /home/tuxbuild/.cache/tuxmake/builds/3/build/kselftest/x86/test_mremap_vdso_32 -O2 -g -std=gnu99 -pthread -Wall -isystem /home/tuxbuild/.cache/tuxmake/builds/3/build/usr/include -no-pie -DCAN_BUILD_32 test_mremap_vdso.c helpers.h -lrt -ldl -lm
i686-linux-gnu-gcc -m32 -o /home/tuxbuild/.cache/tuxmake/builds/3/build/kselftest/x86/check_initial_reg_state_32 -O2 -g -std=gnu99 -pthread -Wall -isystem /home/tuxbuild/.cache/tuxmake/builds/3/build/usr/include -no-pie -Wl,-ereal_start -static -DCAN_BUILD_32 check_initial_reg_state.c helpers.h -lrt -ldl -lm
i686-linux-gnu-gcc -m32 -o /home/tuxbuild/.cache/tuxmake/builds/3/build/kselftest/x86/sigreturn_32 -O2 -g -std=gnu99 -pthread -Wall -isystem /home/tuxbuild/.cache/tuxmake/builds/3/build/usr/include -no-pie -DCAN_BUILD_32 sigreturn.c helpers.h -lrt -ldl -lm
i686-linux-gnu-gcc -m32 -o /home/tuxbuild/.cache/tuxmake/builds/3/build/kselftest/x86/iopl_32 -O2 -g -std=gnu99 -pthread -Wall -isystem /home/tuxbuild/.cache/tuxmake/builds/3/build/usr/include -no-pie -DCAN_BUILD_32 iopl.c helpers.h -lrt -ldl -lm
i686-linux-gnu-gcc -m32 -o /home/tuxbuild/.cache/tuxmake/builds/3/build/kselftest/x86/ioperm_32 -O2 -g -std=gnu99 -pthread -Wall -isystem /home/tuxbuild/.cache/tuxmake/builds/3/build/usr/include -no-pie -DCAN_BUILD_32 ioperm.c helpers.h -lrt -ldl -lm
i686-linux-gnu-gcc -m32 -o /home/tuxbuild/.cache/tuxmake/builds/3/build/kselftest/x86/test_vsyscall_32 -O2 -g -std=gnu99 -pthread -Wall -isystem /home/tuxbuild/.cache/tuxmake/builds/3/build/usr/include -no-pie -DCAN_BUILD_32 test_vsyscall.c helpers.h -lrt -ldl -lm
i686-linux-gnu-gcc -m32 -o /home/tuxbuild/.cache/tuxmake/builds/3/build/kselftest/x86/mov_ss_trap_32 -O2 -g -std=gnu99 -pthread -Wall -isystem /home/tuxbuild/.cache/tuxmake/builds/3/build/usr/include -no-pie -DCAN_BUILD_32 mov_ss_trap.c helpers.h -lrt -ldl -lm
i686-linux-gnu-gcc -m32 -o /home/tuxbuild/.cache/tuxmake/builds/3/build/kselftest/x86/syscall_arg_fault_32 -O2 -g -std=gnu99 -pthread -Wall -isystem /home/tuxbuild/.cache/tuxmake/builds/3/build/usr/include -no-pie -DCAN_BUILD_32 syscall_arg_fault.c helpers.h -lrt -ldl -lm
i686-linux-gnu-gcc -m32 -o /home/tuxbuild/.cache/tuxmake/builds/3/build/kselftest/x86/fsgsbase_restore_32 -O2 -g -std=gnu99 -pthread -Wall -isystem /home/tuxbuild/.cache/tuxmake/builds/3/build/usr/include -no-pie -DCAN_BUILD_32 fsgsbase_restore.c helpers.h -lrt -ldl -lm
i686-linux-gnu-gcc -m32 -o /home/tuxbuild/.cache/tuxmake/builds/3/build/kselftest/x86/sigaltstack_32 -O2 -g -std=gnu99 -pthread -Wall -isystem /home/tuxbuild/.cache/tuxmake/builds/3/build/usr/include -no-pie -DCAN_BUILD_32 sigaltstack.c helpers.h -lrt -ldl -lm
i686-linux-gnu-gcc -m32 -o /home/tuxbuild/.cache/tuxmake/builds/3/build/kselftest/x86/entry_from_vm86_32 -O2 -g -std=gnu99 -pthread -Wall -isystem /home/tuxbuild/.cache/tuxmake/builds/3/build/usr/include -no-pie -DCAN_BUILD_32 entry_from_vm86.c helpers.h -lrt -ldl -lm
i686-linux-gnu-gcc -m32 -o /home/tuxbuild/.cache/tuxmake/builds/3/build/kselftest/x86/test_syscall_vdso_32 -O2 -g -std=gnu99 -pthread -Wall -isystem /home/tuxbuild/.cache/tuxmake/builds/3/build/usr/include -no-pie -DCAN_BUILD_32 test_syscall_vdso.c helpers.h thunks_32.S -lrt -ldl -lm
i686-linux-gnu-gcc -m32 -o /home/tuxbuild/.cache/tuxmake/builds/3/build/kselftest/x86/unwind_vdso_32 -O2 -g -std=gnu99 -pthread -Wall -isystem /home/tuxbuild/.cache/tuxmake/builds/3/build/usr/include -no-pie -DCAN_BUILD_32 unwind_vdso.c helpers.h -lrt -ldl -lm
i686-linux-gnu-gcc -m32 -o /home/tuxbuild/.cache/tuxmake/builds/3/build/kselftest/x86/test_FCMOV_32 -O2 -g -std=gnu99 -pthread -Wall -isystem /home/tuxbuild/.cache/tuxmake/builds/3/build/usr/include -no-pie -DCAN_BUILD_32 test_FCMOV.c helpers.h -lrt -ldl -lm
i686-linux-gnu-gcc -m32 -o /home/tuxbuild/.cache/tuxmake/builds/3/build/kselftest/x86/test_FCOMI_32 -O2 -g -std=gnu99 -pthread -Wall -isystem /home/tuxbuild/.cache/tuxmake/builds/3/build/usr/include -no-pie -DCAN_BUILD_32 test_FCOMI.c helpers.h -lrt -ldl -lm
i686-linux-gnu-gcc -m32 -o /home/tuxbuild/.cache/tuxmake/builds/3/build/kselftest/x86/test_FISTTP_32 -O2 -g -std=gnu99 -pthread -Wall -isystem /home/tuxbuild/.cache/tuxmake/builds/3/build/usr/include -no-pie -DCAN_BUILD_32 test_FISTTP.c helpers.h -lrt -ldl -lm
test_FISTTP.c: Assembler messages:
test_FISTTP.c:28: Warning: no instruction mnemonic suffix given and no register operands; using default for `fisttp'
test_FISTTP.c:48: Warning: no instruction mnemonic suffix given and no register operands; using default for `fisttp'
test_FISTTP.c:69: Warning: no instruction mnemonic suffix given and no register operands; using default for `fisttp'
test_FISTTP.c:91: Warning: no instruction mnemonic suffix given and no register operands; using default for `fisttp'
i686-linux-gnu-gcc -m32 -o /home/tuxbuild/.cache/tuxmake/builds/3/build/kselftest/x86/vdso_restorer_32 -O2 -g -std=gnu99 -pthread -Wall -isystem /home/tuxbuild/.cache/tuxmake/builds/3/build/usr/include -no-pie -DCAN_BUILD_32 vdso_restorer.c helpers.h -lrt -ldl -lm
i686-linux-gnu-gcc -m32 -o /home/tuxbuild/.cache/tuxmake/builds/3/build/kselftest/x86/ldt_gdt_32 -O2 -g -std=gnu99 -pthread -Wall -isystem /home/tuxbuild/.cache/tuxmake/builds/3/build/usr/include -no-pie -DCAN_BUILD_32 ldt_gdt.c helpers.h -lrt -ldl -lm
i686-linux-gnu-gcc -m32 -o /home/tuxbuild/.cache/tuxmake/builds/3/build/kselftest/x86/ptrace_syscall_32 -O2 -g -std=gnu99 -pthread -Wall -isystem /home/tuxbuild/.cache/tuxmake/builds/3/build/usr/include -no-pie -DCAN_BUILD_32 ptrace_syscall.c helpers.h raw_syscall_helper_32.S -lrt -ldl -lm
make[4]: Leaving directory '/builds/linux/tools/testing/selftests/x86'
make[4]: Entering directory '/builds/linux/tools/testing/selftests/zram'
make[4]: Nothing to be done for 'all'.
make[4]: Leaving directory '/builds/linux/tools/testing/selftests/zram'
make[4]: Entering directory '/builds/linux/tools/testing/selftests/alsa'
rsync -a --copy-unsafe-links conf.d pcm-test.conf /home/tuxbuild/.cache/tuxmake/builds/3/build/kselftest_install/alsa/
rsync -a --copy-unsafe-links /home/tuxbuild/.cache/tuxmake/builds/3/build/kselftest/alsa/mixer-test /home/tuxbuild/.cache/tuxmake/builds/3/build/kselftest/alsa/pcm-test /home/tuxbuild/.cache/tuxmake/builds/3/build/kselftest/alsa/test-pcmtest-driver /home/tuxbuild/.cache/tuxmake/builds/3/build/kselftest_install/alsa/
rsync -a --copy-unsafe-links /home/tuxbuild/.cache/tuxmake/builds/3/build/kselftest/alsa/libatest.so /home/tuxbuild/.cache/tuxmake/builds/3/build/kselftest_install/alsa/
make[4]: Leaving directory '/builds/linux/tools/testing/selftests/alsa'
make[4]: Entering directory '/builds/linux/tools/testing/selftests/amd-pstate'
rsync -a --copy-unsafe-links run.sh /home/tuxbuild/.cache/tuxmake/builds/3/build/kselftest_install/amd-pstate/
rsync -a --copy-unsafe-links ../../../power/x86/amd_pstate_tracer/amd_pstate_trace.py ../../../power/x86/intel_pstate_tracer/intel_pstate_tracer.py basic.sh tbench.sh gitsource.sh /home/tuxbuild/.cache/tuxmake/builds/3/build/kselftest_install/amd-pstate/
rsync -a --copy-unsafe-links config /home/tuxbuild/.cache/tuxmake/builds/3/build/kselftest_install/amd-pstate/
make[4]: Leaving directory '/builds/linux/tools/testing/selftests/amd-pstate'
make[4]: Entering directory '/builds/linux/tools/testing/selftests/arm64'
make[4]: Leaving directory '/builds/linux/tools/testing/selftests/arm64'
make[4]: Entering directory '/builds/linux/tools/testing/selftests/breakpoints'
rsync -a --copy-unsafe-links /home/tuxbuild/.cache/tuxmake/builds/3/build/kselftest/breakpoints/step_after_suspend_test /home/tuxbuild/.cache/tuxmake/builds/3/build/kselftest_install/breakpoints/
make[4]: Leaving directory '/builds/linux/tools/testing/selftests/breakpoints'
make[4]: Entering directory '/builds/linux/tools/testing/selftests/cachestat'
rsync -a --copy-unsafe-links /home/tuxbuild/.cache/tuxmake/builds/3/build/kselftest/cachestat/test_cachestat /home/tuxbuild/.cache/tuxmake/builds/3/build/kselftest_install/cachestat/
make[4]: Leaving directory '/builds/linux/tools/testing/selftests/cachestat'
make[4]: Entering directory '/builds/linux/tools/testing/selftests/capabilities'
rsync -a --copy-unsafe-links /home/tuxbuild/.cache/tuxmake/builds/3/build/kselftest/capabilities/test_execve /home/tuxbuild/.cache/tuxmake/builds/3/build/kselftest_install/capabilities/
rsync -a --copy-unsafe-links /home/tuxbuild/.cache/tuxmake/builds/3/build/kselftest/capabilities/validate_cap /home/tuxbuild/.cache/tuxmake/builds/3/build/kselftest_install/capabilities/
make[4]: Leaving directory '/builds/linux/tools/testing/selftests/capabilities'
make[4]: Entering directory '/builds/linux/tools/testing/selftests/cgroup'
rsync -a --copy-unsafe-links test_stress.sh test_cpuset_prs.sh /home/tuxbuild/.cache/tuxmake/builds/3/build/kselftest_install/cgroup/
rsync -a --copy-unsafe-links with_stress.sh /home/tuxbuild/.cache/tuxmake/builds/3/build/kselftest_install/cgroup/
rsync -a --copy-unsafe-links /home/tuxbuild/.cache/tuxmake/builds/3/build/kselftest/cgroup/test_memcontrol /home/tuxbuild/.cache/tuxmake/builds/3/build/kselftest/cgroup/test_kmem /home/tuxbuild/.cache/tuxmake/builds/3/build/kselftest/cgroup/test_core /home/tuxbuild/.cache/tuxmake/builds/3/build/kselftest/cgroup/test_freezer /home/tuxbuild/.cache/tuxmake/builds/3/build/kselftest/cgroup/test_kill /home/tuxbuild/.cache/tuxmake/builds/3/build/kselftest/cgroup/test_cpu /home/tuxbuild/.cache/tuxmake/builds/3/build/kselftest/cgroup/test_cpuset /home/tuxbuild/.cache/tuxmake/builds/3/build/kselftest/cgroup/test_zswap /home/tuxbuild/.cache/tuxmake/builds/3/build/kselftest_install/cgroup/
rsync -a --copy-unsafe-links /home/tuxbuild/.cache/tuxmake/builds/3/build/kselftest/cgroup/wait_inotify /home/tuxbuild/.cache/tuxmake/builds/3/build/kselftest_install/cgroup/
rsync -a --copy-unsafe-links config /home/tuxbuild/.cache/tuxmake/builds/3/build/kselftest_install/cgroup/
make[4]: Leaving directory '/builds/linux/tools/testing/selftests/cgroup'
make[4]: Entering directory '/builds/linux/tools/testing/selftests/clone3'
rsync -a --copy-unsafe-links /home/tuxbuild/.cache/tuxmake/builds/3/build/kselftest/clone3/clone3 /home/tuxbuild/.cache/tuxmake/builds/3/build/kselftest/clone3/clone3_clear_sighand /home/tuxbuild/.cache/tuxmake/builds/3/build/kselftest/clone3/clone3_set_tid /home/tuxbuild/.cache/tuxmake/builds/3/build/kselftest/clone3/clone3_cap_checkpoint_restore /home/tuxbuild/.cache/tuxmake/builds/3/build/kselftest_install/clone3/
make[4]: Leaving directory '/builds/linux/tools/testing/selftests/clone3'
make[4]: Entering directory '/builds/linux/tools/testing/selftests/connector'
rsync -a --copy-unsafe-links /home/tuxbuild/.cache/tuxmake/builds/3/build/kselftest/connector/proc_filter /home/tuxbuild/.cache/tuxmake/builds/3/build/kselftest_install/connector/
make[4]: Leaving directory '/builds/linux/tools/testing/selftests/connector'
make[4]: Entering directory '/builds/linux/tools/testing/selftests/core'
rsync -a --copy-unsafe-links /home/tuxbuild/.cache/tuxmake/builds/3/build/kselftest/core/close_range_test /home/tuxbuild/.cache/tuxmake/builds/3/build/kselftest_install/core/
make[4]: Leaving directory '/builds/linux/tools/testing/selftests/core'
make[4]: Entering directory '/builds/linux/tools/testing/selftests/cpufreq'
rsync -a --copy-unsafe-links main.sh /home/tuxbuild/.cache/tuxmake/builds/3/build/kselftest_install/cpufreq/
rsync -a --copy-unsafe-links cpu.sh cpufreq.sh governor.sh module.sh special-tests.sh /home/tuxbuild/.cache/tuxmake/builds/3/build/kselftest_install/cpufreq/
rsync -a --copy-unsafe-links config /home/tuxbuild/.cache/tuxmake/builds/3/build/kselftest_install/cpufreq/
make[4]: Leaving directory '/builds/linux/tools/testing/selftests/cpufreq'
make[4]: Entering directory '/builds/linux/tools/testing/selftests/cpu-hotplug'
rsync -a --copy-unsafe-links cpu-on-off-test.sh /home/tuxbuild/.cache/tuxmake/builds/3/build/kselftest_install/cpu-hotplug/
make[4]: Leaving directory '/builds/linux/tools/testing/selftests/cpu-hotplug'
make[4]: Entering directory '/builds/linux/tools/testing/selftests/damon'
rsync -a --copy-unsafe-links debugfs_attrs.sh debugfs_schemes.sh debugfs_target_ids.sh debugfs_empty_targets.sh debugfs_huge_count_read_write.sh debugfs_duplicate_context_creation.sh debugfs_rm_non_contexts.sh sysfs.sh sysfs_update_removed_scheme_dir.sh reclaim.sh lru_sort.sh /home/tuxbuild/.cache/tuxmake/builds/3/build/kselftest_install/damon/
rsync -a --copy-unsafe-links _chk_dependency.sh _debugfs_common.sh /home/tuxbuild/.cache/tuxmake/builds/3/build/kselftest_install/damon/
rsync -a --copy-unsafe-links /home/tuxbuild/.cache/tuxmake/builds/3/build/kselftest/damon/huge_count_read_write /home/tuxbuild/.cache/tuxmake/builds/3/build/kselftest_install/damon/
rsync -a --copy-unsafe-links config /home/tuxbuild/.cache/tuxmake/builds/3/build/kselftest_install/damon/
make[4]: Leaving directory '/builds/linux/tools/testing/selftests/damon'
make[4]: Entering directory '/builds/linux/tools/testing/selftests/dmabuf-heaps'
rsync -a --copy-unsafe-links /home/tuxbuild/.cache/tuxmake/builds/3/build/kselftest/dmabuf-heaps/dmabuf-heap /home/tuxbuild/.cache/tuxmake/builds/3/build/kselftest_install/dmabuf-heaps/
make[4]: Leaving directory '/builds/linux/tools/testing/selftests/dmabuf-heaps'
make[4]: Entering directory '/builds/linux/tools/testing/selftests/drivers/dma-buf'
rsync -a --copy-unsafe-links /home/tuxbuild/.cache/tuxmake/builds/3/build/kselftest/drivers/dma-buf/udmabuf /home/tuxbuild/.cache/tuxmake/builds/3/build/kselftest_install/drivers/dma-buf/
rsync -a --copy-unsafe-links config /home/tuxbuild/.cache/tuxmake/builds/3/build/kselftest_install/drivers/dma-buf/
make[4]: Leaving directory '/builds/linux/tools/testing/selftests/drivers/dma-buf'
make[4]: Entering directory '/builds/linux/tools/testing/selftests/drivers/s390x/uvdevice'
make[4]: Leaving directory '/builds/linux/tools/testing/selftests/drivers/s390x/uvdevice'
make[4]: Entering directory '/builds/linux/tools/testing/selftests/drivers/net/bonding'
rsync -a --copy-unsafe-links bond-arp-interval-causes-panic.sh bond-break-lacpdu-tx.sh bond-lladdr-target.sh dev_addr_lists.sh mode-1-recovery-updelay.sh mode-2-recovery-updelay.sh bond_options.sh bond-eth-type-change.sh bond_macvlan.sh /home/tuxbuild/.cache/tuxmake/builds/3/build/kselftest_install/drivers/net/bonding/
rsync -a --copy-unsafe-links lag_lib.sh bond_topo_2d1c.sh bond_topo_3d1c.sh net_forwarding_lib.sh /home/tuxbuild/.cache/tuxmake/builds/3/build/kselftest_install/drivers/net/bonding/
rsync -a --copy-unsafe-links config settings /home/tuxbuild/.cache/tuxmake/builds/3/build/kselftest_install/drivers/net/bonding/
make[4]: Leaving directory '/builds/linux/tools/testing/selftests/drivers/net/bonding'
make[4]: Entering directory '/builds/linux/tools/testing/selftests/drivers/net/team'
rsync -a --copy-unsafe-links dev_addr_lists.sh /home/tuxbuild/.cache/tuxmake/builds/3/build/kselftest_install/drivers/net/team/
rsync -a --copy-unsafe-links lag_lib.sh net_forwarding_lib.sh /home/tuxbuild/.cache/tuxmake/builds/3/build/kselftest_install/drivers/net/team/
rsync -a --copy-unsafe-links config /home/tuxbuild/.cache/tuxmake/builds/3/build/kselftest_install/drivers/net/team/
make[4]: Leaving directory '/builds/linux/tools/testing/selftests/drivers/net/team'
make[4]: Entering directory '/builds/linux/tools/testing/selftests/efivarfs'
rsync -a --copy-unsafe-links efivarfs.sh /home/tuxbuild/.cache/tuxmake/builds/3/build/kselftest_install/efivarfs/
rsync -a --copy-unsafe-links /home/tuxbuild/.cache/tuxmake/builds/3/build/kselftest/efivarfs/open-unlink /home/tuxbuild/.cache/tuxmake/builds/3/build/kselftest/efivarfs/create-read /home/tuxbuild/.cache/tuxmake/builds/3/build/kselftest_install/efivarfs/
rsync -a --copy-unsafe-links config /home/tuxbuild/.cache/tuxmake/builds/3/build/kselftest_install/efivarfs/
make[4]: Leaving directory '/builds/linux/tools/testing/selftests/efivarfs'
make[4]: Entering directory '/builds/linux/tools/testing/selftests/exec'
rsync -a --copy-unsafe-links binfmt_script.py /home/tuxbuild/.cache/tuxmake/builds/3/build/kselftest_install/exec/
rsync -a --copy-unsafe-links Makefile /home/tuxbuild/.cache/tuxmake/builds/3/build/kselftest_install/exec/
rsync -a --copy-unsafe-links /home/tuxbuild/.cache/tuxmake/builds/3/build/kselftest/exec/execveat /home/tuxbuild/.cache/tuxmake/builds/3/build/kselftest/exec/load_address_4096 /home/tuxbuild/.cache/tuxmake/builds/3/build/kselftest/exec/load_address_2097152 /home/tuxbuild/.cache/tuxmake/builds/3/build/kselftest/exec/load_address_16777216 /home/tuxbuild/.cache/tuxmake/builds/3/build/kselftest/exec/non-regular /home/tuxbuild/.cache/tuxmake/builds/3/build/kselftest/exec/recursion-depth /home/tuxbuild/.cache/tuxmake/builds/3/build/kselftest/exec/null-argv /home/tuxbuild/.cache/tuxmake/builds/3/build/kselftest_install/exec/
rsync -a --copy-unsafe-links /home/tuxbuild/.cache/tuxmake/builds/3/build/kselftest/exec/execveat.symlink /home/tuxbuild/.cache/tuxmake/builds/3/build/kselftest/exec/execveat.denatured /home/tuxbuild/.cache/tuxmake/builds/3/build/kselftest/exec/script /home/tuxbuild/.cache/tuxmake/builds/3/build/kselftest/exec/subdir /home/tuxbuild/.cache/tuxmake/builds/3/build/kselftest_install/exec/
make[4]: Leaving directory '/builds/linux/tools/testing/selftests/exec'
make[4]: Entering directory '/builds/linux/tools/testing/selftests/fchmodat2'
rsync -a --copy-unsafe-links /home/tuxbuild/.cache/tuxmake/builds/3/build/kselftest/fchmodat2/fchmodat2_test /home/tuxbuild/.cache/tuxmake/builds/3/build/kselftest_install/fchmodat2/
make[4]: Leaving directory '/builds/linux/tools/testing/selftests/fchmodat2'
make[4]: Entering directory '/builds/linux/tools/testing/selftests/filesystems'
rsync -a --copy-unsafe-links /home/tuxbuild/.cache/tuxmake/builds/3/build/kselftest/filesystems/devpts_pts /home/tuxbuild/.cache/tuxmake/builds/3/build/kselftest_install/filesystems/
rsync -a --copy-unsafe-links /home/tuxbuild/.cache/tuxmake/builds/3/build/kselftest/filesystems/dnotify_test /home/tuxbuild/.cache/tuxmake/builds/3/build/kselftest_install/filesystems/
make[4]: Leaving directory '/builds/linux/tools/testing/selftests/filesystems'
make[4]: Entering directory '/builds/linux/tools/testing/selftests/filesystems/binderfs'
rsync -a --copy-unsafe-links /home/tuxbuild/.cache/tuxmake/builds/3/build/kselftest/filesystems/binderfs/binderfs_test /home/tuxbuild/.cache/tuxmake/builds/3/build/kselftest_install/filesystems/binderfs/
rsync -a --copy-unsafe-links config /home/tuxbuild/.cache/tuxmake/builds/3/build/kselftest_install/filesystems/binderfs/
make[4]: Leaving directory '/builds/linux/tools/testing/selftests/filesystems/binderfs'
make[4]: Entering directory '/builds/linux/tools/testing/selftests/filesystems/epoll'
rsync -a --copy-unsafe-links /home/tuxbuild/.cache/tuxmake/builds/3/build/kselftest/filesystems/epoll/epoll_wakeup_test /home/tuxbuild/.cache/tuxmake/builds/3/build/kselftest_install/filesystems/epoll/
make[4]: Leaving directory '/builds/linux/tools/testing/selftests/filesystems/epoll'
make[4]: Entering directory '/builds/linux/tools/testing/selftests/filesystems/fat'
rsync -a --copy-unsafe-links run_fat_tests.sh /home/tuxbuild/.cache/tuxmake/builds/3/build/kselftest_install/filesystems/fat/
rsync -a --copy-unsafe-links /home/tuxbuild/.cache/tuxmake/builds/3/build/kselftest/filesystems/fat/rename_exchange /home/tuxbuild/.cache/tuxmake/builds/3/build/kselftest_install/filesystems/fat/
rsync -a --copy-unsafe-links config /home/tuxbuild/.cache/tuxmake/builds/3/build/kselftest_install/filesystems/fat/
make[4]: Leaving directory '/builds/linux/tools/testing/selftests/filesystems/fat'
make[4]: Entering directory '/builds/linux/tools/testing/selftests/firmware'
rsync -a --copy-unsafe-links fw_run_tests.sh /home/tuxbuild/.cache/tuxmake/builds/3/build/kselftest_install/firmware/
rsync -a --copy-unsafe-links fw_fallback.sh fw_filesystem.sh fw_upload.sh fw_lib.sh /home/tuxbuild/.cache/tuxmake/builds/3/build/kselftest_install/firmware/
rsync -a --copy-unsafe-links /home/tuxbuild/.cache/tuxmake/builds/3/build/kselftest/firmware/fw_namespace /home/tuxbuild/.cache/tuxmake/builds/3/build/kselftest_install/firmware/
rsync -a --copy-unsafe-links config settings /home/tuxbuild/.cache/tuxmake/builds/3/build/kselftest_install/firmware/
make[4]: Leaving directory '/builds/linux/tools/testing/selftests/firmware'
make[4]: Entering directory '/builds/linux/tools/testing/selftests/fpu'
rsync -a --copy-unsafe-links run_test_fpu.sh /home/tuxbuild/.cache/tuxmake/builds/3/build/kselftest_install/fpu/
rsync -a --copy-unsafe-links /home/tuxbuild/.cache/tuxmake/builds/3/build/kselftest/fpu/test_fpu /home/tuxbuild/.cache/tuxmake/builds/3/build/kselftest_install/fpu/
make[4]: Leaving directory '/builds/linux/tools/testing/selftests/fpu'
make[4]: Entering directory '/builds/linux/tools/testing/selftests/ftrace'
rsync -a --copy-unsafe-links ftracetest-ktap /home/tuxbuild/.cache/tuxmake/builds/3/build/kselftest_install/ftrace/
rsync -a --copy-unsafe-links ftracetest /home/tuxbuild/.cache/tuxmake/builds/3/build/kselftest_install/ftrace/
rsync -a --copy-unsafe-links test.d settings /home/tuxbuild/.cache/tuxmake/builds/3/build/kselftest_install/ftrace/
rsync -a --copy-unsafe-links config settings /home/tuxbuild/.cache/tuxmake/builds/3/build/kselftest_install/ftrace/
make[4]: Leaving directory '/builds/linux/tools/testing/selftests/ftrace'
make[4]: Entering directory '/builds/linux/tools/testing/selftests/futex'
make[5]: Entering directory '/builds/linux/tools/testing/selftests/futex/functional'
make[5]: Nothing to be done for 'all'.
make[5]: Leaving directory '/builds/linux/tools/testing/selftests/futex/functional'
mkdir -p /home/tuxbuild/.cache/tuxmake/builds/3/build/kselftest_install/futex
install -t /home/tuxbuild/.cache/tuxmake/builds/3/build/kselftest_install/futex run.sh  
make[5]: Entering directory '/builds/linux/tools/testing/selftests/futex/functional'
rsync -a --copy-unsafe-links run.sh /home/tuxbuild/.cache/tuxmake/builds/3/build/kselftest_install/futex/functional/
rsync -a --copy-unsafe-links /home/tuxbuild/.cache/tuxmake/builds/3/build/kselftest/futex/functional/futex_wait_timeout /home/tuxbuild/.cache/tuxmake/builds/3/build/kselftest/futex/functional/futex_wait_wouldblock /home/tuxbuild/.cache/tuxmake/builds/3/build/kselftest/futex/functional/futex_requeue_pi /home/tuxbuild/.cache/tuxmake/builds/3/build/kselftest/futex/functional/futex_requeue_pi_signal_restart /home/tuxbuild/.cache/tuxmake/builds/3/build/kselftest/futex/functional/futex_requeue_pi_mismatched_ops /home/tuxbuild/.cache/tuxmake/builds/3/build/kselftest/futex/functional/futex_wait_uninitialized_heap /home/tuxbuild/.cache/tuxmake/builds/3/build/kselftest/futex/functional/futex_wait_private_mapped_file /home/tuxbuild/.cache/tuxmake/builds/3/build/kselftest/futex/functional/futex_wait /home/tuxbuild/.cache/tuxmake/builds/3/build/kselftest/futex/functional/futex_requeue /home/tuxbuild/.cache/tuxmake/builds/3/build/kselftest/futex/functional/futex_waitv /home/tuxbuild/.cache/tuxmake/builds/3/build/kselftest_install/futex/functional/
make[5]: Leaving directory '/builds/linux/tools/testing/selftests/futex/functional'
make[4]: Leaving directory '/builds/linux/tools/testing/selftests/futex'
make[4]: Entering directory '/builds/linux/tools/testing/selftests/gpio'
rsync -a --copy-unsafe-links gpio-mockup.sh gpio-sim.sh /home/tuxbuild/.cache/tuxmake/builds/3/build/kselftest_install/gpio/
rsync -a --copy-unsafe-links gpio-mockup-sysfs.sh /home/tuxbuild/.cache/tuxmake/builds/3/build/kselftest_install/gpio/
rsync -a --copy-unsafe-links /home/tuxbuild/.cache/tuxmake/builds/3/build/kselftest/gpio/gpio-mockup-cdev /home/tuxbuild/.cache/tuxmake/builds/3/build/kselftest/gpio/gpio-chip-info /home/tuxbuild/.cache/tuxmake/builds/3/build/kselftest/gpio/gpio-line-name /home/tuxbuild/.cache/tuxmake/builds/3/build/kselftest_install/gpio/
rsync -a --copy-unsafe-links config /home/tuxbuild/.cache/tuxmake/builds/3/build/kselftest_install/gpio/
make[4]: Leaving directory '/builds/linux/tools/testing/selftests/gpio'
make[4]: Entering directory '/builds/linux/tools/testing/selftests/hid'
error: Found argument '-E' which wasn't expected, or isn't valid in this context

USAGE:
    sccache [FLAGS] [OPTIONS] [cmd]...

For more information try --help
error: Found argument '-d' which wasn't expected, or isn't valid in this context

USAGE:
    sccache [FLAGS] [OPTIONS] [cmd]...

For more information try --help
make[5]: *** No rule to make target 'gcc'.  Stop.
make[4]: *** [Makefile:142: /home/tuxbuild/.cache/tuxmake/builds/3/build/kselftest/hid/tools/build/host/libbpf/libbpf.a] Error 2
make[4]: Leaving directory '/builds/linux/tools/testing/selftests/hid'
make[4]: Entering directory '/builds/linux/tools/testing/selftests/intel_pstate'
rsync -a --copy-unsafe-links run.sh /home/tuxbuild/.cache/tuxmake/builds/3/build/kselftest_install/intel_pstate/
rsync -a --copy-unsafe-links /home/tuxbuild/.cache/tuxmake/builds/3/build/kselftest/intel_pstate/msr /home/tuxbuild/.cache/tuxmake/builds/3/build/kselftest/intel_pstate/aperf /home/tuxbuild/.cache/tuxmake/builds/3/build/kselftest_install/intel_pstate/
make[4]: Leaving directory '/builds/linux/tools/testing/selftests/intel_pstate'
make[4]: Entering directory '/builds/linux/tools/testing/selftests/iommu'
rsync -a --copy-unsafe-links /home/tuxbuild/.cache/tuxmake/builds/3/build/kselftest/iommu/iommufd /home/tuxbuild/.cache/tuxmake/builds/3/build/kselftest/iommu/iommufd_fail_nth /home/tuxbuild/.cache/tuxmake/builds/3/build/kselftest_install/iommu/
rsync -a --copy-unsafe-links config /home/tuxbuild/.cache/tuxmake/builds/3/build/kselftest_install/iommu/
make[4]: Leaving directory '/builds/linux/tools/testing/selftests/iommu'
make[4]: Entering directory '/builds/linux/tools/testing/selftests/ipc'
rsync -a --copy-unsafe-links /home/tuxbuild/.cache/tuxmake/builds/3/build/kselftest/ipc/msgque /home/tuxbuild/.cache/tuxmake/builds/3/build/kselftest_install/ipc/
rsync -a --copy-unsafe-links config /home/tuxbuild/.cache/tuxmake/builds/3/build/kselftest_install/ipc/
make[4]: Leaving directory '/builds/linux/tools/testing/selftests/ipc'
make[4]: Entering directory '/builds/linux/tools/testing/selftests/ir'
rsync -a --copy-unsafe-links ir_loopback.sh /home/tuxbuild/.cache/tuxmake/builds/3/build/kselftest_install/ir/
rsync -a --copy-unsafe-links /home/tuxbuild/.cache/tuxmake/builds/3/build/kselftest/ir/ir_loopback /home/tuxbuild/.cache/tuxmake/builds/3/build/kselftest_install/ir/
make[4]: Leaving directory '/builds/linux/tools/testing/selftests/ir'
make[4]: Entering directory '/builds/linux/tools/testing/selftests/kcmp'
rsync -a --copy-unsafe-links /home/tuxbuild/.cache/tuxmake/builds/3/build/kselftest/kcmp/kcmp_test /home/tuxbuild/.cache/tuxmake/builds/3/build/kselftest_install/kcmp/
make[4]: Leaving directory '/builds/linux/tools/testing/selftests/kcmp'
make[4]: Entering directory '/builds/linux/tools/testing/selftests/kexec'
rsync -a --copy-unsafe-links test_kexec_load.sh test_kexec_file_load.sh /home/tuxbuild/.cache/tuxmake/builds/3/build/kselftest_install/kexec/
rsync -a --copy-unsafe-links kexec_common_lib.sh /home/tuxbuild/.cache/tuxmake/builds/3/build/kselftest_install/kexec/
rsync -a --copy-unsafe-links config /home/tuxbuild/.cache/tuxmake/builds/3/build/kselftest_install/kexec/
make[4]: Leaving directory '/builds/linux/tools/testing/selftests/kexec'
make[4]: Entering directory '/builds/linux/tools/testing/selftests/kvm'
mkdir: missing operand
Try 'mkdir --help' for more information.
rsync -a --copy-unsafe-links config settings /home/tuxbuild/.cache/tuxmake/builds/3/build/kselftest_install/kvm/
make[4]: Leaving directory '/builds/linux/tools/testing/selftests/kvm'
make[4]: Entering directory '/builds/linux/tools/testing/selftests/landlock'
rsync -a --copy-unsafe-links /home/tuxbuild/.cache/tuxmake/builds/3/build/kselftest/landlock/base_test /home/tuxbuild/.cache/tuxmake/builds/3/build/kselftest/landlock/fs_test /home/tuxbuild/.cache/tuxmake/builds/3/build/kselftest/landlock/ptrace_test /home/tuxbuild/.cache/tuxmake/builds/3/build/kselftest_install/landlock/
rsync -a --copy-unsafe-links /home/tuxbuild/.cache/tuxmake/builds/3/build/kselftest/landlock/true /home/tuxbuild/.cache/tuxmake/builds/3/build/kselftest_install/landlock/
rsync -a --copy-unsafe-links config /home/tuxbuild/.cache/tuxmake/builds/3/build/kselftest_install/landlock/
make[4]: Leaving directory '/builds/linux/tools/testing/selftests/landlock'
make[4]: Entering directory '/builds/linux/tools/testing/selftests/lib'
rsync -a --copy-unsafe-links printf.sh bitmap.sh prime_numbers.sh scanf.sh strscpy.sh /home/tuxbuild/.cache/tuxmake/builds/3/build/kselftest_install/lib/
rsync -a --copy-unsafe-links config /home/tuxbuild/.cache/tuxmake/builds/3/build/kselftest_install/lib/
make[4]: Leaving directory '/builds/linux/tools/testing/selftests/lib'
make[4]: Entering directory '/builds/linux/tools/testing/selftests/livepatch'
rsync -a --copy-unsafe-links test-livepatch.sh test-callbacks.sh test-shadow-vars.sh test-state.sh test-ftrace.sh test-sysfs.sh /home/tuxbuild/.cache/tuxmake/builds/3/build/kselftest_install/livepatch/
rsync -a --copy-unsafe-links functions.sh /home/tuxbuild/.cache/tuxmake/builds/3/build/kselftest_install/livepatch/
rsync -a --copy-unsafe-links settings /home/tuxbuild/.cache/tuxmake/builds/3/build/kselftest_install/livepatch/
rsync -a --copy-unsafe-links config settings /home/tuxbuild/.cache/tuxmake/builds/3/build/kselftest_install/livepatch/
make[4]: Leaving directory '/builds/linux/tools/testing/selftests/livepatch'
make[4]: Entering directory '/builds/linux/tools/testing/selftests/lkdtm'
rsync -a --copy-unsafe-links stack-entropy.sh /home/tuxbuild/.cache/tuxmake/builds/3/build/kselftest_install/lkdtm/
rsync -a --copy-unsafe-links tests.txt /home/tuxbuild/.cache/tuxmake/builds/3/build/kselftest_install/lkdtm/
rsync -a --copy-unsafe-links /home/tuxbuild/.cache/tuxmake/builds/3/build/kselftest/lkdtm/PANIC.sh /home/tuxbuild/.cache/tuxmake/builds/3/build/kselftest/lkdtm/BUG.sh /home/tuxbuild/.cache/tuxmake/builds/3/build/kselftest/lkdtm/WARNING.sh /home/tuxbuild/.cache/tuxmake/builds/3/build/kselftest/lkdtm/WARNING_MESSAGE.sh /home/tuxbuild/.cache/tuxmake/builds/3/build/kselftest/lkdtm/EXCEPTION.sh /home/tuxbuild/.cache/tuxmake/builds/3/build/kselftest/lkdtm/LOOP.sh /home/tuxbuild/.cache/tuxmake/builds/3/build/kselftest/lkdtm/EXHAUST_STACK.sh /home/tuxbuild/.cache/tuxmake/builds/3/build/kselftest/lkdtm/CORRUPT_STACK.sh /home/tuxbuild/.cache/tuxmake/builds/3/build/kselftest/lkdtm/CORRUPT_STACK_STRONG.sh /home/tuxbuild/.cache/tuxmake/builds/3/build/kselftest/lkdtm/ARRAY_BOUNDS.sh /home/tuxbuild/.cache/tuxmake/builds/3/build/kselftest/lkdtm/CORRUPT_LIST_ADD.sh /home/tuxbuild/.cache/tuxmake/builds/3/build/kselftest/lkdtm/CORRUPT_LIST_DEL.sh /home/tuxbuild/.cache/tuxmake/builds/3/build/kselftest/lkdtm/STACK_GUARD_PAGE_LEADING.sh /home/tuxbuild/.cache/tuxmake/builds/3/build/kselftest/lkdtm/STACK_GUARD_PAGE_TRAILING.sh /home/tuxbuild/.cache/tuxmake/builds/3/build/kselftest/lkdtm/REPORT_STACK_CANARY.sh /home/tuxbuild/.cache/tuxmake/builds/3/build/kselftest/lkdtm/UNSET_SMEP.sh /home/tuxbuild/.cache/tuxmake/builds/3/build/kselftest/lkdtm/DOUBLE_FAULT.sh /home/tuxbuild/.cache/tuxmake/builds/3/build/kselftest/lkdtm/CORRUPT_PAC.sh /home/tuxbuild/.cache/tuxmake/builds/3/build/kselftest/lkdtm/UNALIGNED_LOAD_STORE_WRITE.sh /home/tuxbuild/.cache/tuxmake/builds/3/build/kselftest/lkdtm/SLAB_LINEAR_OVERFLOW.sh /home/tuxbuild/.cache/tuxmake/builds/3/build/kselftest/lkdtm/VMALLOC_LINEAR_OVERFLOW.sh /home/tuxbuild/.cache/tuxmake/builds/3/build/kselftest/lkdtm/WRITE_AFTER_FREE.sh /home/tuxbuild/.cache/tuxmake/builds/3/build/kselftest/lkdtm/READ_AFTER_FREE.sh /home/tuxbuild/.cache/tuxmake/builds/3/build/kselftest/lkdtm/WRITE_BUDDY_AFTER_FREE.sh /home/tuxbuild/.cache/tuxmake/builds/3/build/kselftest/lkdtm/READ_BUDDY_AFTER_FREE.sh /home/tuxbuild/.cache/tuxmake/builds/3/build/kselftest/lkdtm/SLAB_INIT_ON_ALLOC.sh /home/tuxbuild/.cache/tuxmake/builds/3/build/kselftest/lkdtm/BUDDY_INIT_ON_ALLOC.sh /home/tuxbuild/.cache/tuxmake/builds/3/build/kselftest/lkdtm/SLAB_FREE_DOUBLE.sh /home/tuxbuild/.cache/tuxmake/builds/3/build/kselftest/lkdtm/SLAB_FREE_CROSS.sh /home/tuxbuild/.cache/tuxmake/builds/3/build/kselftest/lkdtm/SLAB_FREE_PAGE.sh /home/tuxbuild/.cache/tuxmake/builds/3/build/kselftest/lkdtm/SOFTLOCKUP.sh /home/tuxbuild/.cache/tuxmake/builds/3/build/kselftest/lkdtm/HARDLOCKUP.sh /home/tuxbuild/.cache/tuxmake/builds/3/build/kselftest/lkdtm/SPINLOCKUP.sh /home/tuxbuild/.cache/tuxmake/builds/3/build/kselftest/lkdtm/HUNG_TASK.sh /home/tuxbuild/.cache/tuxmake/builds/3/build/kselftest/lkdtm/EXEC_DATA.sh /home/tuxbuild/.cache/tuxmake/builds/3/build/kselftest/lkdtm/EXEC_STACK.sh /home/tuxbuild/.cache/tuxmake/builds/3/build/kselftest/lkdtm/EXEC_KMALLOC.sh /home/tuxbuild/.cache/tuxmake/builds/3/build/kselftest/lkdtm/EXEC_VMALLOC.sh /home/tuxbuild/.cache/tuxmake/builds/3/build/kselftest/lkdtm/EXEC_RODATA.sh /home/tuxbuild/.cache/tuxmake/builds/3/build/kselftest/lkdtm/EXEC_USERSPACE.sh /home/tuxbuild/.cache/tuxmake/builds/3/build/kselftest/lkdtm/EXEC_NULL.sh /home/tuxbuild/.cache/tuxmake/builds/3/build/kselftest/lkdtm/ACCESS_USERSPACE.sh /home/tuxbuild/.cache/tuxmake/builds/3/build/kselftest/lkdtm/ACCESS_NULL.sh /home/tuxbuild/.cache/tuxmake/builds/3/build/kselftest/lkdtm/WRITE_RO.sh /home/tuxbuild/.cache/tuxmake/builds/3/build/kselftest/lkdtm/WRITE_RO_AFTER_INIT.sh /home/tuxbuild/.cache/tuxmake/builds/3/build/kselftest/lkdtm/WRITE_KERN.sh /home/tuxbuild/.cache/tuxmake/builds/3/build/kselftest/lkdtm/WRITE_OPD.sh /home/tuxbuild/.cache/tuxmake/builds/3/build/kselftest/lkdtm/REFCOUNT_INC_OVERFLOW.sh /home/tuxbuild/.cache/tuxmake/builds/3/build/kselftest/lkdtm/REFCOUNT_ADD_OVERFLOW.sh /home/tuxbuild/.cache/tuxmake/builds/3/build/kselftest/lkdtm/REFCOUNT_INC_NOT_ZERO_OVERFLOW.sh /home/tuxbuild/.cache/tuxmake/builds/3/build/kselftest/lkdtm/REFCOUNT_ADD_NOT_ZERO_OVERFLOW.sh /home/tuxbuild/.cache/tuxmake/builds/3/build/kselftest/lkdtm/REFCOUNT_DEC_ZERO.sh /home/tuxbuild/.cache/tuxmake/builds/3/build/kselftest/lkdtm/REFCOUNT_DEC_NEGATIVE.sh /home/tuxbuild/.cache/tuxmake/builds/3/build/kselftest/lkdtm/REFCOUNT_DEC_AND_TEST_NEGATIVE.sh /home/tuxbuild/.cache/tuxmake/builds/3/build/kselftest/lkdtm/REFCOUNT_SUB_AND_TEST_NEGATIVE.sh /home/tuxbuild/.cache/tuxmake/builds/3/build/kselftest/lkdtm/REFCOUNT_INC_ZERO.sh /home/tuxbuild/.cache/tuxmake/builds/3/build/kselftest/lkdtm/REFCOUNT_ADD_ZERO.sh /home/tuxbuild/.cache/tuxmake/builds/3/build/kselftest/lkdtm/REFCOUNT_INC_SATURATED.sh /home/tuxbuild/.cache/tuxmake/builds/3/build/kselftest/lkdtm/REFCOUNT_DEC_SATURATED.sh /home/tuxbuild/.cache/tuxmake/builds/3/build/kselftest/lkdtm/REFCOUNT_ADD_SATURATED.sh /home/tuxbuild/.cache/tuxmake/builds/3/build/kselftest/lkdtm/REFCOUNT_INC_NOT_ZERO_SATURATED.sh /home/tuxbuild/.cache/tuxmake/builds/3/build/kselftest/lkdtm/REFCOUNT_ADD_NOT_ZERO_SATURATED.sh /home/tuxbuild/.cache/tuxmake/builds/3/build/kselftest/lkdtm/REFCOUNT_DEC_AND_TEST_SATURATED.sh /home/tuxbuild/.cache/tuxmake/builds/3/build/kselftest/lkdtm/REFCOUNT_SUB_AND_TEST_SATURATED.sh /home/tuxbuild/.cache/tuxmake/builds/3/build/kselftest/lkdtm/REFCOUNT_TIMING.sh /home/tuxbuild/.cache/tuxmake/builds/3/build/kselftest/lkdtm/ATOMIC_TIMING.sh /home/tuxbuild/.cache/tuxmake/builds/3/build/kselftest/lkdtm/USERCOPY_SLAB_SIZE_TO.sh /home/tuxbuild/.cache/tuxmake/builds/3/build/kselftest/lkdtm/USERCOPY_SLAB_SIZE_FROM.sh /home/tuxbuild/.cache/tuxmake/builds/3/build/kselftest/lkdtm/USERCOPY_SLAB_WHITELIST_TO.sh /home/tuxbuild/.cache/tuxmake/builds/3/build/kselftest/lkdtm/USERCOPY_SLAB_WHITELIST_FROM.sh /home/tuxbuild/.cache/tuxmake/builds/3/build/kselftest/lkdtm/USERCOPY_STACK_FRAME_TO.sh /home/tuxbuild/.cache/tuxmake/builds/3/build/kselftest/lkdtm/USERCOPY_STACK_FRAME_FROM.sh /home/tuxbuild/.cache/tuxmake/builds/3/build/kselftest/lkdtm/USERCOPY_STACK_BEYOND.sh /home/tuxbuild/.cache/tuxmake/builds/3/build/kselftest/lkdtm/USERCOPY_KERNEL.sh /home/tuxbuild/.cache/tuxmake/builds/3/build/kselftest/lkdtm/STACKLEAK_ERASING.sh /home/tuxbuild/.cache/tuxmake/builds/3/build/kselftest/lkdtm/CFI_FORWARD_PROTO.sh /home/tuxbuild/.cache/tuxmake/builds/3/build/kselftest/lkdtm/CFI_BACKWARD.sh /home/tuxbuild/.cache/tuxmake/builds/3/build/kselftest/lkdtm/FORTIFY_STRSCPY.sh /home/tuxbuild/.cache/tuxmake/builds/3/build/kselftest/lkdtm/FORTIFY_STR_OBJECT.sh /home/tuxbuild/.cache/tuxmake/builds/3/build/kselftest/lkdtm/FORTIFY_STR_MEMBER.sh /home/tuxbuild/.cache/tuxmake/builds/3/build/kselftest/lkdtm/FORTIFY_MEM_OBJECT.sh /home/tuxbuild/.cache/tuxmake/builds/3/build/kselftest/lkdtm/FORTIFY_MEM_MEMBER.sh /home/tuxbuild/.cache/tuxmake/builds/3/build/kselftest/lkdtm/PPC_SLB_MULTIHIT.sh /home/tuxbuild/.cache/tuxmake/builds/3/build/kselftest_install/lkdtm/
rsync -a --copy-unsafe-links config /home/tuxbuild/.cache/tuxmake/builds/3/build/kselftest_install/lkdtm/
make[4]: Leaving directory '/builds/linux/tools/testing/selftests/lkdtm'
make[4]: Entering directory '/builds/linux/tools/testing/selftests/membarrier'
rsync -a --copy-unsafe-links /home/tuxbuild/.cache/tuxmake/builds/3/build/kselftest/membarrier/membarrier_test_single_thread /home/tuxbuild/.cache/tuxmake/builds/3/build/kselftest/membarrier/membarrier_test_multi_thread /home/tuxbuild/.cache/tuxmake/builds/3/build/kselftest_install/membarrier/
make[4]: Leaving directory '/builds/linux/tools/testing/selftests/membarrier'
make[4]: Entering directory '/builds/linux/tools/testing/selftests/memfd'
rsync -a --copy-unsafe-links run_fuse_test.sh run_hugetlbfs_test.sh /home/tuxbuild/.cache/tuxmake/builds/3/build/kselftest_install/memfd/
rsync -a --copy-unsafe-links /home/tuxbuild/.cache/tuxmake/builds/3/build/kselftest/memfd/memfd_test /home/tuxbuild/.cache/tuxmake/builds/3/build/kselftest_install/memfd/
rsync -a --copy-unsafe-links /home/tuxbuild/.cache/tuxmake/builds/3/build/kselftest/memfd/fuse_test /home/tuxbuild/.cache/tuxmake/builds/3/build/kselftest/memfd/fuse_mnt /home/tuxbuild/.cache/tuxmake/builds/3/build/kselftest_install/memfd/
rsync -a --copy-unsafe-links config /home/tuxbuild/.cache/tuxmake/builds/3/build/kselftest_install/memfd/
make[4]: Leaving directory '/builds/linux/tools/testing/selftests/memfd'
make[4]: Entering directory '/builds/linux/tools/testing/selftests/memory-hotplug'
rsync -a --copy-unsafe-links mem-on-off-test.sh /home/tuxbuild/.cache/tuxmake/builds/3/build/kselftest_install/memory-hotplug/
rsync -a --copy-unsafe-links config /home/tuxbuild/.cache/tuxmake/builds/3/build/kselftest_install/memory-hotplug/
make[4]: Leaving directory '/builds/linux/tools/testing/selftests/memory-hotplug'
make[4]: Entering directory '/builds/linux/tools/testing/selftests/mincore'
rsync -a --copy-unsafe-links /home/tuxbuild/.cache/tuxmake/builds/3/build/kselftest/mincore/mincore_selftest /home/tuxbuild/.cache/tuxmake/builds/3/build/kselftest_install/mincore/
make[4]: Leaving directory '/builds/linux/tools/testing/selftests/mincore'
make[4]: Entering directory '/builds/linux/tools/testing/selftests/mount'
rsync -a --copy-unsafe-links run_unprivileged_remount.sh run_nosymfollow.sh /home/tuxbuild/.cache/tuxmake/builds/3/build/kselftest_install/mount/
rsync -a --copy-unsafe-links /home/tuxbuild/.cache/tuxmake/builds/3/build/kselftest/mount/unprivileged-remount-test /home/tuxbuild/.cache/tuxmake/builds/3/build/kselftest/mount/nosymfollow-test /home/tuxbuild/.cache/tuxmake/builds/3/build/kselftest_install/mount/
rsync -a --copy-unsafe-links config /home/tuxbuild/.cache/tuxmake/builds/3/build/kselftest_install/mount/
make[4]: Leaving directory '/builds/linux/tools/testing/selftests/mount'
make[4]: Entering directory '/builds/linux/tools/testing/selftests/mount_setattr'
rsync -a --copy-unsafe-links /home/tuxbuild/.cache/tuxmake/builds/3/build/kselftest/mount_setattr/mount_setattr_test /home/tuxbuild/.cache/tuxmake/builds/3/build/kselftest_install/mount_setattr/
rsync -a --copy-unsafe-links config /home/tuxbuild/.cache/tuxmake/builds/3/build/kselftest_install/mount_setattr/
make[4]: Leaving directory '/builds/linux/tools/testing/selftests/mount_setattr'
make[4]: Entering directory '/builds/linux/tools/testing/selftests/move_mount_set_group'
rsync -a --copy-unsafe-links /home/tuxbuild/.cache/tuxmake/builds/3/build/kselftest/move_mount_set_group/move_mount_set_group_test /home/tuxbuild/.cache/tuxmake/builds/3/build/kselftest_install/move_mount_set_group/
rsync -a --copy-unsafe-links config /home/tuxbuild/.cache/tuxmake/builds/3/build/kselftest_install/move_mount_set_group/
make[4]: Leaving directory '/builds/linux/tools/testing/selftests/move_mount_set_group'
make[4]: Entering directory '/builds/linux/tools/testing/selftests/mqueue'
rsync -a --copy-unsafe-links /home/tuxbuild/.cache/tuxmake/builds/3/build/kselftest/mqueue/mq_open_tests /home/tuxbuild/.cache/tuxmake/builds/3/build/kselftest/mqueue/mq_perf_tests /home/tuxbuild/.cache/tuxmake/builds/3/build/kselftest_install/mqueue/
make[4]: Leaving directory '/builds/linux/tools/testing/selftests/mqueue'
make[4]: Entering directory '/builds/linux/tools/testing/selftests/nci'
rsync -a --copy-unsafe-links /home/tuxbuild/.cache/tuxmake/builds/3/build/kselftest/nci/nci_dev /home/tuxbuild/.cache/tuxmake/builds/3/build/kselftest_install/nci/
rsync -a --copy-unsafe-links config /home/tuxbuild/.cache/tuxmake/builds/3/build/kselftest_install/nci/
make[4]: Leaving directory '/builds/linux/tools/testing/selftests/nci'
make[4]: Entering directory '/builds/linux/tools/testing/selftests/net'
/bin/sh: 1: clang: not found
clang -O2 --target=bpf -c nat6to4.c -I../bpf -I../../../../usr/include/ -I/home/tuxbuild/.cache/tuxmake/builds/3/build/kselftest/net/tools/include   -o /home/tuxbuild/.cache/tuxmake/builds/3/build/kselftest/net/nat6to4.o
make[4]: clang: No such file or directory
make[4]: *** [Makefile:141: /home/tuxbuild/.cache/tuxmake/builds/3/build/kselftest/net/nat6to4.o] Error 127
make[4]: Leaving directory '/builds/linux/tools/testing/selftests/net'
make[4]: Entering directory '/builds/linux/tools/testing/selftests/net/af_unix'
rsync -a --copy-unsafe-links /home/tuxbuild/.cache/tuxmake/builds/3/build/kselftest/net/af_unix/diag_uid /home/tuxbuild/.cache/tuxmake/builds/3/build/kselftest/net/af_unix/test_unix_oob /home/tuxbuild/.cache/tuxmake/builds/3/build/kselftest/net/af_unix/unix_connect /home/tuxbuild/.cache/tuxmake/builds/3/build/kselftest/net/af_unix/scm_pidfd /home/tuxbuild/.cache/tuxmake/builds/3/build/kselftest_install/net/af_unix/
make[4]: Leaving directory '/builds/linux/tools/testing/selftests/net/af_unix'
make[4]: Entering directory '/builds/linux/tools/testing/selftests/net/forwarding'
rsync -a --copy-unsafe-links bridge_igmp.sh bridge_locked_port.sh bridge_mdb.sh bridge_mdb_host.sh bridge_mdb_max.sh bridge_mdb_port_down.sh bridge_mld.sh bridge_port_isolation.sh bridge_sticky_fdb.sh bridge_vlan_aware.sh bridge_vlan_mcast.sh bridge_vlan_unaware.sh custom_multipath_hash.sh dual_vxlan_bridge.sh ethtool_extended_state.sh ethtool_mm.sh ethtool.sh gre_custom_multipath_hash.sh gre_inner_v4_multipath.sh gre_inner_v6_multipath.sh gre_multipath_nh_res.sh gre_multipath_nh.sh gre_multipath.sh hw_stats_l3.sh hw_stats_l3_gre.sh ip6_forward_instats_vrf.sh ip6gre_custom_multipath_hash.sh ip6gre_flat_key.sh ip6gre_flat_keys.sh ip6gre_flat.sh ip6gre_hier_key.sh ip6gre_hier_keys.sh ip6gre_hier.sh ip6gre_inner_v4_multipath.sh ip6gre_inner_v6_multipath.sh ipip_flat_gre_key.sh ipip_flat_gre_keys.sh ipip_flat_gre.sh ipip_hier_gre_key.sh ipip_hier_gre_keys.sh ipip_hier_gre.sh local_termination.sh loopback.sh mirror_gre_bound.sh mirror_gre_bridge_1d.sh mirror_gre_bridge_1d_vlan.sh mirror_gre_bridge_1q_lag.sh mirror_gre_bridge_1q.sh mirror_gre_changes.sh mirror_gre_flower.sh mirror_gre_lag_lacp.sh mirror_gre_neigh.sh mirror_gre_nh.sh mirror_gre.sh mirror_gre_vlan_bridge_1q.sh mirror_gre_vlan.sh mirror_vlan.sh no_forwarding.sh pedit_dsfield.sh pedit_ip.sh pedit_l4port.sh q_in_vni_ipv6.sh q_in_vni.sh router_bridge.sh router_bridge_1d.sh router_bridge_1d_lag.sh router_bridge_lag.sh router_bridge_vlan.sh router_bridge_vlan_upper.sh router_bridge_pvid_vlan_upper.sh router_bridge_vlan_upper_pvid.sh router_broadcast.sh router_mpath_nh_res.sh router_mpath_nh.sh router_multicast.sh router_multipath.sh router_nh.sh router.sh router_vid_1.sh sch_ets.sh sch_red.sh sch_tbf_ets.sh sch_tbf_prio.sh sch_tbf_root.sh skbedit_priority.sh tc_actions.sh tc_chains.sh tc_flower_router.sh tc_flower.sh tc_flower_l2_miss.sh tc_flower_cfm.sh tc_flower_port_range.sh tc_mpls_l2vpn.sh tc_police.sh tc_shblocks.sh tc_tunnel_key.sh tc_vlan_modify.sh vxlan_asymmetric_ipv6.sh vxlan_asymmetric.sh vxlan_bridge_1d_ipv6.sh vxlan_bridge_1d_port_8472_ipv6.sh vxlan_bridge_1d_port_8472.sh vxlan_bridge_1d.sh vxlan_bridge_1q_ipv6.sh vxlan_bridge_1q_port_8472_ipv6.sh vxlan_bridge_1q_port_8472.sh vxlan_bridge_1q.sh vxlan_symmetric_ipv6.sh vxlan_symmetric.sh /home/tuxbuild/.cache/tuxmake/builds/3/build/kselftest_install/net/forwarding/
rsync -a --copy-unsafe-links devlink_lib.sh ethtool_lib.sh fib_offload_lib.sh forwarding.config.sample ip6gre_lib.sh ipip_lib.sh lib.sh mirror_gre_lib.sh mirror_gre_topo_lib.sh mirror_lib.sh mirror_topo_lib.sh sch_ets_core.sh sch_ets_tests.sh sch_tbf_core.sh sch_tbf_etsprio.sh tc_common.sh /home/tuxbuild/.cache/tuxmake/builds/3/build/kselftest_install/net/forwarding/
rsync -a --copy-unsafe-links config settings /home/tuxbuild/.cache/tuxmake/builds/3/build/kselftest_install/net/forwarding/
make[4]: Leaving directory '/builds/linux/tools/testing/selftests/net/forwarding'
make[4]: Entering directory '/builds/linux/tools/testing/selftests/net/hsr'
rsync -a --copy-unsafe-links hsr_ping.sh /home/tuxbuild/.cache/tuxmake/builds/3/build/kselftest_install/net/hsr/
rsync -a --copy-unsafe-links config /home/tuxbuild/.cache/tuxmake/builds/3/build/kselftest_install/net/hsr/
make[4]: Leaving directory '/builds/linux/tools/testing/selftests/net/hsr'
make[4]: Entering directory '/builds/linux/tools/testing/selftests/net/mptcp'
rsync -a --copy-unsafe-links mptcp_connect.sh pm_netlink.sh mptcp_join.sh diag.sh simult_flows.sh mptcp_sockopt.sh userspace_pm.sh /home/tuxbuild/.cache/tuxmake/builds/3/build/kselftest_install/net/mptcp/
rsync -a --copy-unsafe-links mptcp_lib.sh settings /home/tuxbuild/.cache/tuxmake/builds/3/build/kselftest_install/net/mptcp/
rsync -a --copy-unsafe-links /home/tuxbuild/.cache/tuxmake/builds/3/build/kselftest/net/mptcp/mptcp_connect /home/tuxbuild/.cache/tuxmake/builds/3/build/kselftest/net/mptcp/pm_nl_ctl /home/tuxbuild/.cache/tuxmake/builds/3/build/kselftest/net/mptcp/mptcp_sockopt /home/tuxbuild/.cache/tuxmake/builds/3/build/kselftest/net/mptcp/mptcp_inq /home/tuxbuild/.cache/tuxmake/builds/3/build/kselftest_install/net/mptcp/
rsync -a --copy-unsafe-links config settings /home/tuxbuild/.cache/tuxmake/builds/3/build/kselftest_install/net/mptcp/
make[4]: Leaving directory '/builds/linux/tools/testing/selftests/net/mptcp'
make[4]: Entering directory '/builds/linux/tools/testing/selftests/net/openvswitch'
rsync -a --copy-unsafe-links openvswitch.sh /home/tuxbuild/.cache/tuxmake/builds/3/build/kselftest_install/net/openvswitch/
rsync -a --copy-unsafe-links ovs-dpctl.py /home/tuxbuild/.cache/tuxmake/builds/3/build/kselftest_install/net/openvswitch/
make[4]: Leaving directory '/builds/linux/tools/testing/selftests/net/openvswitch'
make[4]: Entering directory '/builds/linux/tools/testing/selftests/netfilter'
rsync -a --copy-unsafe-links nft_trans_stress.sh nft_fib.sh nft_nat.sh bridge_brouter.sh conntrack_icmp_related.sh nft_flowtable.sh ipvs.sh nft_concat_range.sh nft_conntrack_helper.sh nft_queue.sh nft_meta.sh nf_nat_edemux.sh ipip-conntrack-mtu.sh conntrack_tcp_unreplied.sh conntrack_vrf.sh nft_synproxy.sh rpath.sh nft_audit.sh conntrack_sctp_collision.sh xt_string.sh /home/tuxbuild/.cache/tuxmake/builds/3/build/kselftest_install/netfilter/
rsync -a --copy-unsafe-links /home/tuxbuild/.cache/tuxmake/builds/3/build/kselftest/netfilter/nf-queue /home/tuxbuild/.cache/tuxmake/builds/3/build/kselftest/netfilter/connect_close /home/tuxbuild/.cache/tuxmake/builds/3/build/kselftest/netfilter/audit_logread /home/tuxbuild/.cache/tuxmake/builds/3/build/kselftest/netfilter/sctp_collision /home/tuxbuild/.cache/tuxmake/builds/3/build/kselftest_install/netfilter/
rsync -a --copy-unsafe-links config settings /home/tuxbuild/.cache/tuxmake/builds/3/build/kselftest_install/netfilter/
make[4]: Leaving directory '/builds/linux/tools/testing/selftests/netfilter'
make[4]: Entering directory '/builds/linux/tools/testing/selftests/nsfs'
rsync -a --copy-unsafe-links /home/tuxbuild/.cache/tuxmake/builds/3/build/kselftest/nsfs/owner /home/tuxbuild/.cache/tuxmake/builds/3/build/kselftest/nsfs/pidns /home/tuxbuild/.cache/tuxmake/builds/3/build/kselftest_install/nsfs/
rsync -a --copy-unsafe-links config /home/tuxbuild/.cache/tuxmake/builds/3/build/kselftest_install/nsfs/
make[4]: Leaving directory '/builds/linux/tools/testing/selftests/nsfs'
make[4]: Entering directory '/builds/linux/tools/testing/selftests/perf_events'
rsync -a --copy-unsafe-links /home/tuxbuild/.cache/tuxmake/builds/3/build/kselftest/perf_events/sigtrap_threads /home/tuxbuild/.cache/tuxmake/builds/3/build/kselftest/perf_events/remove_on_exec /home/tuxbuild/.cache/tuxmake/builds/3/build/kselftest_install/perf_events/
rsync -a --copy-unsafe-links config settings /home/tuxbuild/.cache/tuxmake/builds/3/build/kselftest_install/perf_events/
make[4]: Leaving directory '/builds/linux/tools/testing/selftests/perf_events'
make[4]: Entering directory '/builds/linux/tools/testing/selftests/pidfd'
rsync -a --copy-unsafe-links /home/tuxbuild/.cache/tuxmake/builds/3/build/kselftest/pidfd/pidfd_test /home/tuxbuild/.cache/tuxmake/builds/3/build/kselftest/pidfd/pidfd_fdinfo_test /home/tuxbuild/.cache/tuxmake/builds/3/build/kselftest/pidfd/pidfd_open_test /home/tuxbuild/.cache/tuxmake/builds/3/build/kselftest/pidfd/pidfd_poll_test /home/tuxbuild/.cache/tuxmake/builds/3/build/kselftest/pidfd/pidfd_wait /home/tuxbuild/.cache/tuxmake/builds/3/build/kselftest/pidfd/pidfd_getfd_test /home/tuxbuild/.cache/tuxmake/builds/3/build/kselftest/pidfd/pidfd_setns_test /home/tuxbuild/.cache/tuxmake/builds/3/build/kselftest_install/pidfd/
rsync -a --copy-unsafe-links config /home/tuxbuild/.cache/tuxmake/builds/3/build/kselftest_install/pidfd/
make[4]: Leaving directory '/builds/linux/tools/testing/selftests/pidfd'
make[4]: Entering directory '/builds/linux/tools/testing/selftests/pid_namespace'
rsync -a --copy-unsafe-links /home/tuxbuild/.cache/tuxmake/builds/3/build/kselftest/pid_namespace/regression_enomem /home/tuxbuild/.cache/tuxmake/builds/3/build/kselftest_install/pid_namespace/
rsync -a --copy-unsafe-links config /home/tuxbuild/.cache/tuxmake/builds/3/build/kselftest_install/pid_namespace/
make[4]: Leaving directory '/builds/linux/tools/testing/selftests/pid_namespace'
make[4]: Entering directory '/builds/linux/tools/testing/selftests/powerpc'
Makefile:63: warning: overriding recipe for target 'emit_tests'
../lib.mk:138: warning: ignoring old recipe for target 'emit_tests'
make[4]: Leaving directory '/builds/linux/tools/testing/selftests/powerpc'
make[4]: Entering directory '/builds/linux/tools/testing/selftests/prctl'
make[4]: Leaving directory '/builds/linux/tools/testing/selftests/prctl'
make[4]: *** No rule to make target 'install'.  Stop.
make[4]: Entering directory '/builds/linux/tools/testing/selftests/proc'
rsync -a --copy-unsafe-links /home/tuxbuild/.cache/tuxmake/builds/3/build/kselftest/proc/fd-001-lookup /home/tuxbuild/.cache/tuxmake/builds/3/build/kselftest/proc/fd-002-posix-eq /home/tuxbuild/.cache/tuxmake/builds/3/build/kselftest/proc/fd-003-kthread /home/tuxbuild/.cache/tuxmake/builds/3/build/kselftest/proc/proc-loadavg-001 /home/tuxbuild/.cache/tuxmake/builds/3/build/kselftest/proc/proc-empty-vm /home/tuxbuild/.cache/tuxmake/builds/3/build/kselftest/proc/proc-pid-vm /home/tuxbuild/.cache/tuxmake/builds/3/build/kselftest/proc/proc-self-map-files-001 /home/tuxbuild/.cache/tuxmake/builds/3/build/kselftest/proc/proc-self-map-files-002 /home/tuxbuild/.cache/tuxmake/builds/3/build/kselftest/proc/proc-self-syscall /home/tuxbuild/.cache/tuxmake/builds/3/build/kselftest/proc/proc-self-wchan /home/tuxbuild/.cache/tuxmake/builds/3/build/kselftest/proc/proc-subset-pid /home/tuxbuild/.cache/tuxmake/builds/3/build/kselftest/proc/proc-tid0 /home/tuxbuild/.cache/tuxmake/builds/3/build/kselftest/proc/proc-uptime-001 /home/tuxbuild/.cache/tuxmake/builds/3/build/kselftest/proc/proc-uptime-002 /home/tuxbuild/.cache/tuxmake/builds/3/build/kselftest/proc/read /home/tuxbuild/.cache/tuxmake/builds/3/build/kselftest/proc/self /home/tuxbuild/.cache/tuxmake/builds/3/build/kselftest/proc/setns-dcache /home/tuxbuild/.cache/tuxmake/builds/3/build/kselftest/proc/setns-sysvipc /home/tuxbuild/.cache/tuxmake/builds/3/build/kselftest/proc/thread-self /home/tuxbuild/.cache/tuxmake/builds/3/build/kselftest/proc/proc-multiple-procfs /home/tuxbuild/.cache/tuxmake/builds/3/build/kselftest/proc/proc-fsconfig-hidepid /home/tuxbuild/.cache/tuxmake/builds/3/build/kselftest_install/proc/
rsync -a --copy-unsafe-links config /home/tuxbuild/.cache/tuxmake/builds/3/build/kselftest_install/proc/
make[4]: Leaving directory '/builds/linux/tools/testing/selftests/proc'
make[4]: Entering directory '/builds/linux/tools/testing/selftests/pstore'
rsync -a --copy-unsafe-links pstore_tests pstore_post_reboot_tests /home/tuxbuild/.cache/tuxmake/builds/3/build/kselftest_install/pstore/
rsync -a --copy-unsafe-links common_tests pstore_crash_test /home/tuxbuild/.cache/tuxmake/builds/3/build/kselftest_install/pstore/
rsync -a --copy-unsafe-links config /home/tuxbuild/.cache/tuxmake/builds/3/build/kselftest_install/pstore/
make[4]: Leaving directory '/builds/linux/tools/testing/selftests/pstore'
make[4]: Entering directory '/builds/linux/tools/testing/selftests/ptrace'
rsync -a --copy-unsafe-links /home/tuxbuild/.cache/tuxmake/builds/3/build/kselftest/ptrace/get_syscall_info /home/tuxbuild/.cache/tuxmake/builds/3/build/kselftest/ptrace/peeksiginfo /home/tuxbuild/.cache/tuxmake/builds/3/build/kselftest/ptrace/vmaccess /home/tuxbuild/.cache/tuxmake/builds/3/build/kselftest/ptrace/get_set_sud /home/tuxbuild/.cache/tuxmake/builds/3/build/kselftest_install/ptrace/
make[4]: Leaving directory '/builds/linux/tools/testing/selftests/ptrace'
make[4]: Entering directory '/builds/linux/tools/testing/selftests/openat2'
rsync -a --copy-unsafe-links /home/tuxbuild/.cache/tuxmake/builds/3/build/kselftest/openat2/openat2_test /home/tuxbuild/.cache/tuxmake/builds/3/build/kselftest/openat2/resolve_test /home/tuxbuild/.cache/tuxmake/builds/3/build/kselftest/openat2/rename_attack_test /home/tuxbuild/.cache/tuxmake/builds/3/build/kselftest_install/openat2/
make[4]: Leaving directory '/builds/linux/tools/testing/selftests/openat2'
make[4]: Entering directory '/builds/linux/tools/testing/selftests/resctrl'
rsync -a --copy-unsafe-links /home/tuxbuild/.cache/tuxmake/builds/3/build/kselftest/resctrl/resctrl_tests /home/tuxbuild/.cache/tuxmake/builds/3/build/kselftest_install/resctrl/
rsync -a --copy-unsafe-links config settings /home/tuxbuild/.cache/tuxmake/builds/3/build/kselftest_install/resctrl/
make[4]: Leaving directory '/builds/linux/tools/testing/selftests/resctrl'
make[4]: Entering directory '/builds/linux/tools/testing/selftests/riscv'
make[4]: Leaving directory '/builds/linux/tools/testing/selftests/riscv'
make[4]: Entering directory '/builds/linux/tools/testing/selftests/rlimits'
rsync -a --copy-unsafe-links /home/tuxbuild/.cache/tuxmake/builds/3/build/kselftest/rlimits/rlimits-per-userns /home/tuxbuild/.cache/tuxmake/builds/3/build/kselftest_install/rlimits/
rsync -a --copy-unsafe-links config /home/tuxbuild/.cache/tuxmake/builds/3/build/kselftest_install/rlimits/
make[4]: Leaving directory '/builds/linux/tools/testing/selftests/rlimits'
make[4]: Entering directory '/builds/linux/tools/testing/selftests/rseq'
rsync -a --copy-unsafe-links run_param_test.sh /home/tuxbuild/.cache/tuxmake/builds/3/build/kselftest_install/rseq/
rsync -a --copy-unsafe-links settings /home/tuxbuild/.cache/tuxmake/builds/3/build/kselftest_install/rseq/
rsync -a --copy-unsafe-links /home/tuxbuild/.cache/tuxmake/builds/3/build/kselftest/rseq/basic_test /home/tuxbuild/.cache/tuxmake/builds/3/build/kselftest/rseq/basic_percpu_ops_test /home/tuxbuild/.cache/tuxmake/builds/3/build/kselftest/rseq/basic_percpu_ops_mm_cid_test /home/tuxbuild/.cache/tuxmake/builds/3/build/kselftest/rseq/param_test /home/tuxbuild/.cache/tuxmake/builds/3/build/kselftest/rseq/param_test_benchmark /home/tuxbuild/.cache/tuxmake/builds/3/build/kselftest/rseq/param_test_compare_twice /home/tuxbuild/.cache/tuxmake/builds/3/build/kselftest/rseq/param_test_mm_cid /home/tuxbuild/.cache/tuxmake/builds/3/build/kselftest/rseq/param_test_mm_cid_benchmark /home/tuxbuild/.cache/tuxmake/builds/3/build/kselftest/rseq/param_test_mm_cid_compare_twice /home/tuxbuild/.cache/tuxmake/builds/3/build/kselftest_install/rseq/
rsync -a --copy-unsafe-links /home/tuxbuild/.cache/tuxmake/builds/3/build/kselftest/rseq/librseq.so /home/tuxbuild/.cache/tuxmake/builds/3/build/kselftest_install/rseq/
rsync -a --copy-unsafe-links settings /home/tuxbuild/.cache/tuxmake/builds/3/build/kselftest_install/rseq/
make[4]: Leaving directory '/builds/linux/tools/testing/selftests/rseq'
make[4]: Entering directory '/builds/linux/tools/testing/selftests/rtc'
rsync -a --copy-unsafe-links settings /home/tuxbuild/.cache/tuxmake/builds/3/build/kselftest_install/rtc/
rsync -a --copy-unsafe-links /home/tuxbuild/.cache/tuxmake/builds/3/build/kselftest/rtc/rtctest /home/tuxbuild/.cache/tuxmake/builds/3/build/kselftest_install/rtc/
rsync -a --copy-unsafe-links /home/tuxbuild/.cache/tuxmake/builds/3/build/kselftest/rtc/setdate /home/tuxbuild/.cache/tuxmake/builds/3/build/kselftest_install/rtc/
rsync -a --copy-unsafe-links settings /home/tuxbuild/.cache/tuxmake/builds/3/build/kselftest_install/rtc/
make[4]: Leaving directory '/builds/linux/tools/testing/selftests/rtc'
make[4]: Entering directory '/builds/linux/tools/testing/selftests/seccomp'
rsync -a --copy-unsafe-links /home/tuxbuild/.cache/tuxmake/builds/3/build/kselftest/seccomp/seccomp_bpf /home/tuxbuild/.cache/tuxmake/builds/3/build/kselftest/seccomp/seccomp_benchmark /home/tuxbuild/.cache/tuxmake/builds/3/build/kselftest_install/seccomp/
rsync -a --copy-unsafe-links config settings /home/tuxbuild/.cache/tuxmake/builds/3/build/kselftest_install/seccomp/
make[4]: Leaving directory '/builds/linux/tools/testing/selftests/seccomp'
make[4]: Entering directory '/builds/linux/tools/testing/selftests/sgx'
make[4]: Nothing to be done for 'install'.
make[4]: Leaving directory '/builds/linux/tools/testing/selftests/sgx'
make[4]: Entering directory '/builds/linux/tools/testing/selftests/sigaltstack'
rsync -a --copy-unsafe-links /home/tuxbuild/.cache/tuxmake/builds/3/build/kselftest/sigaltstack/sas /home/tuxbuild/.cache/tuxmake/builds/3/build/kselftest_install/sigaltstack/
make[4]: Leaving directory '/builds/linux/tools/testing/selftests/sigaltstack'
make[4]: Entering directory '/builds/linux/tools/testing/selftests/size'
rsync -a --copy-unsafe-links /home/tuxbuild/.cache/tuxmake/builds/3/build/kselftest/size/get_size /home/tuxbuild/.cache/tuxmake/builds/3/build/kselftest_install/size/
make[4]: Leaving directory '/builds/linux/tools/testing/selftests/size'
make[4]: Entering directory '/builds/linux/tools/testing/selftests/sparc64'
make[4]: Leaving directory '/builds/linux/tools/testing/selftests/sparc64'
make[4]: Entering directory '/builds/linux/tools/testing/selftests/splice'
rsync -a --copy-unsafe-links default_file_splice_read.sh short_splice_read.sh /home/tuxbuild/.cache/tuxmake/builds/3/build/kselftest_install/splice/
rsync -a --copy-unsafe-links /home/tuxbuild/.cache/tuxmake/builds/3/build/kselftest/splice/default_file_splice_read /home/tuxbuild/.cache/tuxmake/builds/3/build/kselftest/splice/splice_read /home/tuxbuild/.cache/tuxmake/builds/3/build/kselftest_install/splice/
rsync -a --copy-unsafe-links config settings /home/tuxbuild/.cache/tuxmake/builds/3/build/kselftest_install/splice/
make[4]: Leaving directory '/builds/linux/tools/testing/selftests/splice'
make[4]: Entering directory '/builds/linux/tools/testing/selftests/static_keys'
rsync -a --copy-unsafe-links test_static_keys.sh /home/tuxbuild/.cache/tuxmake/builds/3/build/kselftest_install/static_keys/
rsync -a --copy-unsafe-links config /home/tuxbuild/.cache/tuxmake/builds/3/build/kselftest_install/static_keys/
make[4]: Leaving directory '/builds/linux/tools/testing/selftests/static_keys'
make[4]: Entering directory '/builds/linux/tools/testing/selftests/sync'
rsync -a --copy-unsafe-links /home/tuxbuild/.cache/tuxmake/builds/3/build/kselftest/sync/sync_test /home/tuxbuild/.cache/tuxmake/builds/3/build/kselftest_install/sync/
rsync -a --copy-unsafe-links config /home/tuxbuild/.cache/tuxmake/builds/3/build/kselftest_install/sync/
make[4]: Leaving directory '/builds/linux/tools/testing/selftests/sync'
make[4]: Entering directory '/builds/linux/tools/testing/selftests/syscall_user_dispatch'
rsync -a --copy-unsafe-links /home/tuxbuild/.cache/tuxmake/builds/3/build/kselftest/syscall_user_dispatch/sud_test /home/tuxbuild/.cache/tuxmake/builds/3/build/kselftest/syscall_user_dispatch/sud_benchmark /home/tuxbuild/.cache/tuxmake/builds/3/build/kselftest_install/syscall_user_dispatch/
rsync -a --copy-unsafe-links config /home/tuxbuild/.cache/tuxmake/builds/3/build/kselftest_install/syscall_user_dispatch/
make[4]: Leaving directory '/builds/linux/tools/testing/selftests/syscall_user_dispatch'
make[4]: Entering directory '/builds/linux/tools/testing/selftests/sysctl'
rsync -a --copy-unsafe-links sysctl.sh /home/tuxbuild/.cache/tuxmake/builds/3/build/kselftest_install/sysctl/
rsync -a --copy-unsafe-links config /home/tuxbuild/.cache/tuxmake/builds/3/build/kselftest_install/sysctl/
make[4]: Leaving directory '/builds/linux/tools/testing/selftests/sysctl'
make[4]: Entering directory '/builds/linux/tools/testing/selftests/tc-testing'
/bin/sh: 1: llc: not found
clang -I. -I/include/uapi  -Wno-compare-distinct-pointer-types \
	 -O2 --target=bpf -emit-llvm -c action.c -o - |      \
llc -march=bpf -mcpu=probe  -filetype=obj -o /home/tuxbuild/.cache/tuxmake/builds/3/build/kselftest/tc-testing/action.o
/bin/sh: 1: clang: not found
/bin/sh: 3: llc: not found
make[4]: *** [Makefile:26: /home/tuxbuild/.cache/tuxmake/builds/3/build/kselftest/tc-testing/action.o] Error 127
make[4]: Leaving directory '/builds/linux/tools/testing/selftests/tc-testing'
make[4]: Entering directory '/builds/linux/tools/testing/selftests/tdx'
rsync -a --copy-unsafe-links /home/tuxbuild/.cache/tuxmake/builds/3/build/kselftest/tdx/tdx_guest_test /home/tuxbuild/.cache/tuxmake/builds/3/build/kselftest_install/tdx/
rsync -a --copy-unsafe-links config /home/tuxbuild/.cache/tuxmake/builds/3/build/kselftest_install/tdx/
make[4]: Leaving directory '/builds/linux/tools/testing/selftests/tdx'
make[4]: Entering directory '/builds/linux/tools/testing/selftests/timens'
rsync -a --copy-unsafe-links /home/tuxbuild/.cache/tuxmake/builds/3/build/kselftest/timens/timens /home/tuxbuild/.cache/tuxmake/builds/3/build/kselftest/timens/timerfd /home/tuxbuild/.cache/tuxmake/builds/3/build/kselftest/timens/timer /home/tuxbuild/.cache/tuxmake/builds/3/build/kselftest/timens/clock_nanosleep /home/tuxbuild/.cache/tuxmake/builds/3/build/kselftest/timens/procfs /home/tuxbuild/.cache/tuxmake/builds/3/build/kselftest/timens/exec /home/tuxbuild/.cache/tuxmake/builds/3/build/kselftest/timens/futex /home/tuxbuild/.cache/tuxmake/builds/3/build/kselftest/timens/vfork_exec /home/tuxbuild/.cache/tuxmake/builds/3/build/kselftest_install/timens/
rsync -a --copy-unsafe-links /home/tuxbuild/.cache/tuxmake/builds/3/build/kselftest/timens/gettime_perf /home/tuxbuild/.cache/tuxmake/builds/3/build/kselftest_install/timens/
rsync -a --copy-unsafe-links config /home/tuxbuild/.cache/tuxmake/builds/3/build/kselftest_install/timens/
make[4]: Leaving directory '/builds/linux/tools/testing/selftests/timens'
make[4]: Entering directory '/builds/linux/tools/testing/selftests/timers'
rsync -a --copy-unsafe-links settings /home/tuxbuild/.cache/tuxmake/builds/3/build/kselftest_install/timers/
rsync -a --copy-unsafe-links /home/tuxbuild/.cache/tuxmake/builds/3/build/kselftest/timers/posix_timers /home/tuxbuild/.cache/tuxmake/builds/3/build/kselftest/timers/nanosleep /home/tuxbuild/.cache/tuxmake/builds/3/build/kselftest/timers/nsleep-lat /home/tuxbuild/.cache/tuxmake/builds/3/build/kselftest/timers/set-timer-lat /home/tuxbuild/.cache/tuxmake/builds/3/build/kselftest/timers/mqueue-lat /home/tuxbuild/.cache/tuxmake/builds/3/build/kselftest/timers/inconsistency-check /home/tuxbuild/.cache/tuxmake/builds/3/build/kselftest/timers/raw_skew /home/tuxbuild/.cache/tuxmake/builds/3/build/kselftest/timers/threadtest /home/tuxbuild/.cache/tuxmake/builds/3/build/kselftest/timers/rtcpie /home/tuxbuild/.cache/tuxmake/builds/3/build/kselftest_install/timers/
rsync -a --copy-unsafe-links /home/tuxbuild/.cache/tuxmake/builds/3/build/kselftest/timers/alarmtimer-suspend /home/tuxbuild/.cache/tuxmake/builds/3/build/kselftest/timers/valid-adjtimex /home/tuxbuild/.cache/tuxmake/builds/3/build/kselftest/timers/adjtick /home/tuxbuild/.cache/tuxmake/builds/3/build/kselftest/timers/change_skew /home/tuxbuild/.cache/tuxmake/builds/3/build/kselftest/timers/skew_consistency /home/tuxbuild/.cache/tuxmake/builds/3/build/kselftest/timers/clocksource-switch /home/tuxbuild/.cache/tuxmake/builds/3/build/kselftest/timers/freq-step /home/tuxbuild/.cache/tuxmake/builds/3/build/kselftest/timers/leap-a-day /home/tuxbuild/.cache/tuxmake/builds/3/build/kselftest/timers/leapcrash /home/tuxbuild/.cache/tuxmake/builds/3/build/kselftest/timers/set-tai /home/tuxbuild/.cache/tuxmake/builds/3/build/kselftest/timers/set-2038 /home/tuxbuild/.cache/tuxmake/builds/3/build/kselftest/timers/set-tz /home/tuxbuild/.cache/tuxmake/builds/3/build/kselftest_install/timers/
rsync -a --copy-unsafe-links settings /home/tuxbuild/.cache/tuxmake/builds/3/build/kselftest_install/timers/
make[4]: Leaving directory '/builds/linux/tools/testing/selftests/timers'
make[4]: Entering directory '/builds/linux/tools/testing/selftests/tmpfs'
rsync -a --copy-unsafe-links /home/tuxbuild/.cache/tuxmake/builds/3/build/kselftest/tmpfs/bug-link-o-tmpfile /home/tuxbuild/.cache/tuxmake/builds/3/build/kselftest_install/tmpfs/
make[4]: Leaving directory '/builds/linux/tools/testing/selftests/tmpfs'
make[4]: Entering directory '/builds/linux/tools/testing/selftests/tpm2'
rsync -a --copy-unsafe-links test_smoke.sh test_space.sh test_async.sh /home/tuxbuild/.cache/tuxmake/builds/3/build/kselftest_install/tpm2/
rsync -a --copy-unsafe-links tpm2.py tpm2_tests.py /home/tuxbuild/.cache/tuxmake/builds/3/build/kselftest_install/tpm2/
rsync -a --copy-unsafe-links settings /home/tuxbuild/.cache/tuxmake/builds/3/build/kselftest_install/tpm2/
make[4]: Leaving directory '/builds/linux/tools/testing/selftests/tpm2'
make[4]: Entering directory '/builds/linux/tools/testing/selftests/tty'
rsync -a --copy-unsafe-links /home/tuxbuild/.cache/tuxmake/builds/3/build/kselftest/tty/tty_tstamp_update /home/tuxbuild/.cache/tuxmake/builds/3/build/kselftest_install/tty/
make[4]: Leaving directory '/builds/linux/tools/testing/selftests/tty'
make[4]: Entering directory '/builds/linux/tools/testing/selftests/uevent'
rsync -a --copy-unsafe-links uevent_filtering /home/tuxbuild/.cache/tuxmake/builds/3/build/kselftest_install/uevent/
rsync -a --copy-unsafe-links config /home/tuxbuild/.cache/tuxmake/builds/3/build/kselftest_install/uevent/
make[4]: Leaving directory '/builds/linux/tools/testing/selftests/uevent'
make[4]: Entering directory '/builds/linux/tools/testing/selftests/user'
rsync -a --copy-unsafe-links test_user_copy.sh /home/tuxbuild/.cache/tuxmake/builds/3/build/kselftest_install/user/
rsync -a --copy-unsafe-links config /home/tuxbuild/.cache/tuxmake/builds/3/build/kselftest_install/user/
make[4]: Leaving directory '/builds/linux/tools/testing/selftests/user'
make[4]: Entering directory '/builds/linux/tools/testing/selftests/user_events'
rsync -a --copy-unsafe-links settings /home/tuxbuild/.cache/tuxmake/builds/3/build/kselftest_install/user_events/
rsync -a --copy-unsafe-links /home/tuxbuild/.cache/tuxmake/builds/3/build/kselftest/user_events/ftrace_test /home/tuxbuild/.cache/tuxmake/builds/3/build/kselftest/user_events/dyn_test /home/tuxbuild/.cache/tuxmake/builds/3/build/kselftest/user_events/perf_test /home/tuxbuild/.cache/tuxmake/builds/3/build/kselftest/user_events/abi_test /home/tuxbuild/.cache/tuxmake/builds/3/build/kselftest_install/user_events/
rsync -a --copy-unsafe-links config settings /home/tuxbuild/.cache/tuxmake/builds/3/build/kselftest_install/user_events/
make[4]: Leaving directory '/builds/linux/tools/testing/selftests/user_events'
make[4]: Entering directory '/builds/linux/tools/testing/selftests/vDSO'
rsync -a --copy-unsafe-links /home/tuxbuild/.cache/tuxmake/builds/3/build/kselftest/vDSO/vdso_test_gettimeofday /home/tuxbuild/.cache/tuxmake/builds/3/build/kselftest/vDSO/vdso_test_getcpu /home/tuxbuild/.cache/tuxmake/builds/3/build/kselftest/vDSO/vdso_test_abi /home/tuxbuild/.cache/tuxmake/builds/3/build/kselftest/vDSO/vdso_test_clock_getres /home/tuxbuild/.cache/tuxmake/builds/3/build/kselftest/vDSO/vdso_test_correctness /home/tuxbuild/.cache/tuxmake/builds/3/build/kselftest_install/vDSO/
make[4]: Leaving directory '/builds/linux/tools/testing/selftests/vDSO'
make[4]: Entering directory '/builds/linux/tools/testing/selftests/mm'
rsync -a --copy-unsafe-links run_vmtests.sh /home/tuxbuild/.cache/tuxmake/builds/3/build/kselftest_install/mm/
rsync -a --copy-unsafe-links test_vmalloc.sh test_hmm.sh va_high_addr_switch.sh /home/tuxbuild/.cache/tuxmake/builds/3/build/kselftest_install/mm/
rsync -a --copy-unsafe-links /home/tuxbuild/.cache/tuxmake/builds/3/build/kselftest/mm/soft-dirty /home/tuxbuild/.cache/tuxmake/builds/3/build/kselftest_install/mm/
rsync -a --copy-unsafe-links /home/tuxbuild/.cache/tuxmake/builds/3/build/kselftest/mm/cow /home/tuxbuild/.cache/tuxmake/builds/3/build/kselftest/mm/compaction_test /home/tuxbuild/.cache/tuxmake/builds/3/build/kselftest/mm/gup_longterm /home/tuxbuild/.cache/tuxmake/builds/3/build/kselftest/mm/gup_test /home/tuxbuild/.cache/tuxmake/builds/3/build/kselftest/mm/hmm-tests /home/tuxbuild/.cache/tuxmake/builds/3/build/kselftest/mm/hugetlb-madvise /home/tuxbuild/.cache/tuxmake/builds/3/build/kselftest/mm/hugetlb-read-hwpoison /home/tuxbuild/.cache/tuxmake/builds/3/build/kselftest/mm/hugepage-mmap /home/tuxbuild/.cache/tuxmake/builds/3/build/kselftest/mm/hugepage-mremap /home/tuxbuild/.cache/tuxmake/builds/3/build/kselftest/mm/hugepage-shm /home/tuxbuild/.cache/tuxmake/builds/3/build/kselftest/mm/hugepage-vmemmap /home/tuxbuild/.cache/tuxmake/builds/3/build/kselftest/mm/khugepaged /home/tuxbuild/.cache/tuxmake/builds/3/build/kselftest/mm/madv_populate /home/tuxbuild/.cache/tuxmake/builds/3/build/kselftest/mm/map_fixed_noreplace /home/tuxbuild/.cache/tuxmake/builds/3/build/kselftest/mm/map_hugetlb /home/tuxbuild/.cache/tuxmake/builds/3/build/kselftest/mm/map_populate /home/tuxbuild/.cache/tuxmake/builds/3/build/kselftest/mm/migration /home/tuxbuild/.cache/tuxmake/builds/3/build/kselftest/mm/mkdirty /home/tuxbuild/.cache/tuxmake/builds/3/build/kselftest/mm/mlock-random-test /home/tuxbuild/.cache/tuxmake/builds/3/build/kselftest/mm/mlock2-tests /home/tuxbuild/.cache/tuxmake/builds/3/build/kselftest/mm/mrelease_test /home/tuxbuild/.cache/tuxmake/builds/3/build/kselftest/mm/mremap_dontunmap /home/tuxbuild/.cache/tuxmake/builds/3/build/kselftest/mm/mremap_test /home/tuxbuild/.cache/tuxmake/builds/3/build/kselftest/mm/on-fault-limit /home/tuxbuild/.cache/tuxmake/builds/3/build/kselftest/mm/thuge-gen /home/tuxbuild/.cache/tuxmake/builds/3/build/kselftest/mm/transhuge-stress /home/tuxbuild/.cache/tuxmake/builds/3/build/kselftest/mm/uffd-stress /home/tuxbuild/.cache/tuxmake/builds/3/build/kselftest/mm/uffd-unit-tests /home/tuxbuild/.cache/tuxmake/builds/3/build/kselftest/mm/split_huge_page_test /home/tuxbuild/.cache/tuxmake/builds/3/build/kselftest/mm/ksm_tests /home/tuxbuild/.cache/tuxmake/builds/3/build/kselftest/mm/ksm_functional_tests /home/tuxbuild/.cache/tuxmake/builds/3/build/kselftest/mm/mdwe_test /home/tuxbuild/.cache/tuxmake/builds/3/build/kselftest_install/mm/
rsync -a --copy-unsafe-links config settings /home/tuxbuild/.cache/tuxmake/builds/3/build/kselftest_install/mm/
make[4]: Leaving directory '/builds/linux/tools/testing/selftests/mm'
make[4]: Entering directory '/builds/linux/tools/testing/selftests/x86'
rsync -a --copy-unsafe-links /home/tuxbuild/.cache/tuxmake/builds/3/build/kselftest/x86/single_step_syscall_32 /home/tuxbuild/.cache/tuxmake/builds/3/build/kselftest/x86/sysret_ss_attrs_32 /home/tuxbuild/.cache/tuxmake/builds/3/build/kselftest/x86/syscall_nt_32 /home/tuxbuild/.cache/tuxmake/builds/3/build/kselftest/x86/test_mremap_vdso_32 /home/tuxbuild/.cache/tuxmake/builds/3/build/kselftest/x86/check_initial_reg_state_32 /home/tuxbuild/.cache/tuxmake/builds/3/build/kselftest/x86/sigreturn_32 /home/tuxbuild/.cache/tuxmake/builds/3/build/kselftest/x86/iopl_32 /home/tuxbuild/.cache/tuxmake/builds/3/build/kselftest/x86/ioperm_32 /home/tuxbuild/.cache/tuxmake/builds/3/build/kselftest/x86/test_vsyscall_32 /home/tuxbuild/.cache/tuxmake/builds/3/build/kselftest/x86/mov_ss_trap_32 /home/tuxbuild/.cache/tuxmake/builds/3/build/kselftest/x86/syscall_arg_fault_32 /home/tuxbuild/.cache/tuxmake/builds/3/build/kselftest/x86/fsgsbase_restore_32 /home/tuxbuild/.cache/tuxmake/builds/3/build/kselftest/x86/sigaltstack_32 /home/tuxbuild/.cache/tuxmake/builds/3/build/kselftest/x86/entry_from_vm86_32 /home/tuxbuild/.cache/tuxmake/builds/3/build/kselftest/x86/test_syscall_vdso_32 /home/tuxbuild/.cache/tuxmake/builds/3/build/kselftest/x86/unwind_vdso_32 /home/tuxbuild/.cache/tuxmake/builds/3/build/kselftest/x86/test_FCMOV_32 /home/tuxbuild/.cache/tuxmake/builds/3/build/kselftest/x86/test_FCOMI_32 /home/tuxbuild/.cache/tuxmake/builds/3/build/kselftest/x86/test_FISTTP_32 /home/tuxbuild/.cache/tuxmake/builds/3/build/kselftest/x86/vdso_restorer_32 /home/tuxbuild/.cache/tuxmake/builds/3/build/kselftest/x86/ldt_gdt_32 /home/tuxbuild/.cache/tuxmake/builds/3/build/kselftest/x86/ptrace_syscall_32 /home/tuxbuild/.cache/tuxmake/builds/3/build/kselftest_install/x86/
make[4]: Leaving directory '/builds/linux/tools/testing/selftests/x86'
make[4]: Entering directory '/builds/linux/tools/testing/selftests/zram'
rsync -a --copy-unsafe-links zram.sh /home/tuxbuild/.cache/tuxmake/builds/3/build/kselftest_install/zram/
rsync -a --copy-unsafe-links zram01.sh zram02.sh zram_lib.sh /home/tuxbuild/.cache/tuxmake/builds/3/build/kselftest_install/zram/
rsync -a --copy-unsafe-links config /home/tuxbuild/.cache/tuxmake/builds/3/build/kselftest_install/zram/
make[4]: Leaving directory '/builds/linux/tools/testing/selftests/zram'
Emit Tests for alsa
Emit Tests for amd-pstate
Skipping non-existent dir: arm64
Emit Tests for breakpoints
Emit Tests for cachestat
Emit Tests for capabilities
Emit Tests for cgroup
Emit Tests for clone3
Emit Tests for connector
Emit Tests for core
Emit Tests for cpufreq
Emit Tests for cpu-hotplug
Emit Tests for damon
Emit Tests for dmabuf-heaps
Emit Tests for drivers/dma-buf
Skipping non-existent dir: drivers/s390x/uvdevice
Emit Tests for drivers/net/bonding
Emit Tests for drivers/net/team
Emit Tests for efivarfs
Emit Tests for exec
Emit Tests for fchmodat2
Emit Tests for filesystems
Emit Tests for filesystems/binderfs
Emit Tests for filesystems/epoll
Emit Tests for filesystems/fat
Emit Tests for firmware
Emit Tests for fpu
Emit Tests for ftrace
Emit Tests for futex
Emit Tests for gpio
Skipping non-existent dir: hid
Emit Tests for intel_pstate
Emit Tests for iommu
Emit Tests for ipc
Emit Tests for ir
Emit Tests for kcmp
Emit Tests for kexec
Emit Tests for kvm
mkdir: missing operand
Try 'mkdir --help' for more information.
Emit Tests for landlock
Emit Tests for lib
Emit Tests for livepatch
Emit Tests for lkdtm
Emit Tests for membarrier
Emit Tests for memfd
Emit Tests for memory-hotplug
Emit Tests for mincore
Emit Tests for mount
Emit Tests for mount_setattr
Emit Tests for move_mount_set_group
Emit Tests for mqueue
Emit Tests for nci
Emit Tests for net
Emit Tests for net/af_unix
Emit Tests for net/forwarding
Emit Tests for net/hsr
Emit Tests for net/mptcp
Emit Tests for net/openvswitch
Emit Tests for netfilter
Emit Tests for nsfs
Emit Tests for perf_events
Emit Tests for pidfd
Emit Tests for pid_namespace
Skipping non-existent dir: powerpc
Skipping non-existent dir: prctl
Emit Tests for proc
Emit Tests for pstore
Emit Tests for ptrace
Emit Tests for openat2
Emit Tests for resctrl
Skipping non-existent dir: riscv
Emit Tests for rlimits
Emit Tests for rseq
Emit Tests for rtc
Emit Tests for seccomp
Skipping non-existent dir: sgx
Emit Tests for sigaltstack
Emit Tests for size
Skipping non-existent dir: sparc64
Emit Tests for splice
Emit Tests for static_keys
Emit Tests for sync
Emit Tests for syscall_user_dispatch
Emit Tests for sysctl
Skipping non-existent dir: tc-testing
Emit Tests for tdx
Emit Tests for timens
Emit Tests for timers
Emit Tests for tmpfs
Emit Tests for tpm2
Emit Tests for tty
Emit Tests for uevent
Emit Tests for user
Emit Tests for user_events
Emit Tests for vDSO
Emit Tests for mm
Emit Tests for x86
Emit Tests for zram
tar --sort=name --owner=tuxmake:1000 --group=tuxmake:1000 --mtime=@1737483477 --clamp-mtime -caf /home/tuxbuild/.cache/tuxmake/builds/3/build/kselftest.tar.xz -C /home/tuxbuild/.cache/tuxmake/builds/3/build/kselftest_install .
rm -rf /home/tuxbuild/.cache/tuxmake/builds/3/build/modinstall
make --silent --keep-going --jobs=8 O=/home/tuxbuild/.cache/tuxmake/builds/3/build INSTALL_MOD_STRIP=1 INSTALL_MOD_PATH=/home/tuxbuild/.cache/tuxmake/builds/3/build/modinstall ARCH=i386 SRCARCH=x86 CROSS_COMPILE=i686-linux-gnu- 'CC=sccache i686-linux-gnu-gcc' 'HOSTCC=sccache gcc' modules_install
tar --sort=name --owner=tuxmake:1000 --group=tuxmake:1000 --mtime=@1737483477 --clamp-mtime -caf /home/tuxbuild/.cache/tuxmake/builds/3/build/modules.tar.xz -C /home/tuxbuild/.cache/tuxmake/builds/3/build/modinstall lib
